timestamp,sensor,x,y,z
20324294, Accelerometer,-0.1316811,5.365406,6.9623384
20324322, Accelerometer,-0.10654198,5.0757074,8.529344
20324346, Accelerometer,0.6631939,5.032612,8.9363575
20324366, Accelerometer,0.9528923,5.0266266,8.4826565
20324396, Gyroscope,0.13271657,0.020641137,0.07842899
20324388, Accelerometer,0.92416185,5.1762643,7.6602483
20324414, Gyroscope,0.10156245,0.03408017,0.030170636
20324408, Accelerometer,0.7529764,5.294777,7.4495587
20324436, Gyroscope,-0.012058487,-0.006236934,0.021007657
20324426, Accelerometer,0.51714754,5.2385135,7.964312
20324454, Gyroscope,-0.0645929,-0.031893276,0.061935626
20324448, Accelerometer,0.5542577,5.1487308,8.358158
20324476, Gyroscope,-0.04748867,-0.004404338,0.10347447
20324466, Accelerometer,0.5650316,5.0493712,8.477868
20324494, Gyroscope,-0.004728104,0.012699889,0.112637445
20324488, Accelerometer,0.47644615,5.0876784,7.8517847
20324516, Gyroscope,-0.013891082,-0.030060677,0.10897225
20324506, Accelerometer,0.18195933,4.9667716,7.53575
20324534, Gyroscope,-0.12506856,-0.21393113,0.12913081
20324528, Accelerometer,0.439336,5.005079,7.9870567
20324554, Gyroscope,-0.25335026,-0.37764302,0.1926608
20324548, Accelerometer,0.81642276,4.914099,8.791509
20324574, Gyroscope,-0.26617843,-0.3391585,0.22014974
20324568, Accelerometer,1.0606314,4.859032,9.214086
20324594, Gyroscope,-0.12384682,-0.14001642,0.20243464
20324588, Accelerometer,1.2497733,4.859032,8.619126
20324614, Gyroscope,0.053914964,0.025528058,0.1364612
20324608, Accelerometer,1.1192893,4.9536033,7.8158712
20324634, Gyroscope,0.08995601,0.085392855,0.060713902
20324628, Accelerometer,0.82360536,4.9667716,7.6650367
20324654, Gyroscope,-0.0010629129,0.035912767,0.033224963
20324648, Accelerometer,0.8283938,4.9643774,8.070854
20324674, Gyroscope,-0.101244815,-0.059382208,0.07598553
20324668, Accelerometer,1.0043676,4.9200845,8.649054
20324696, Gyroscope,-0.06520376,-0.05754961,0.08575937
20324690, Accelerometer,1.271321,4.9655743,8.844181
20324714, Gyroscope,0.030091213,0.028582385,0.057659574
20324708, Accelerometer,1.2725182,5.0062757,8.457518
20324736, Gyroscope,0.08384736,0.07317555,0.016120736
20324728, Accelerometer,1.0163386,4.975151,8.176199
20324754, Gyroscope,0.06674313,0.018197676,0.005736027
20324748, Accelerometer,1.0175357,5.04578,7.8948803
20324776, Gyroscope,7.696822E-4,-0.014789047,0.012455545
20324768, Accelerometer,1.0187328,4.933253,8.258799
20324794, Gyroscope,-0.018778006,-0.006847799,0.016120736
20324790, Accelerometer,1.1168951,4.8853683,8.437167
20324814, Gyroscope,0.022149967,0.016975947,0.0020708358
20324808, Accelerometer,1.1216835,4.9045224,8.192958
20324836, Gyroscope,0.028869485,0.035912767,-0.026028967
20324830, Accelerometer,0.92535895,4.876989,8.075643
20324854, Gyroscope,0.0019914135,0.0010934491,-0.032748483
20324848, Accelerometer,0.8750807,4.88058,8.219295
20324876, Gyroscope,-0.016334543,-0.0074586645,-0.019920314
20324870, Accelerometer,0.9923966,4.9176903,8.372523
20324896, Gyroscope,-0.0041172393,0.010256428,-0.026639832
20324890, Accelerometer,0.93972415,4.947618,8.285135
20324918, Gyroscope,0.006878335,0.024306329,-0.052907035
20324912, Accelerometer,0.8655039,4.960786,8.300697
20324936, Gyroscope,0.0135978535,0.026138924,-0.06329175
20324930, Accelerometer,0.62368953,4.9583917,8.312668
20324956, Gyroscope,0.011765258,0.009645563,-0.061459154
20324950, Accelerometer,0.61770403,5.0122614,8.265982
20324974, Gyroscope,0.021539101,-0.021508565,-0.03152675
20324970, Accelerometer,0.8607155,5.0864816,8.166622
20324996, Gyroscope,0.011765258,-0.0074586645,-0.018698582
20324992, Accelerometer,0.8367735,5.0721164,8.149862
20325016, Gyroscope,0.0019914135,0.024917193,-0.021752909
20325012, Accelerometer,0.7062895,5.0122614,8.256405
20325036, Gyroscope,0.0032131448,0.020641137,-0.013200795
20325030, Accelerometer,0.8882488,5.055357,8.317456
20325056, Gyroscope,0.014819583,-0.0019608773,-0.005870413
20325052, Accelerometer,0.7565677,4.9943047,8.330625
20325074, Gyroscope,0.018484777,-0.0019608773,-0.01258993
20325070, Accelerometer,0.82480246,5.070919,8.124723
20325098, Gyroscope,0.006878335,-0.012956452,-0.0028160866
20325092, Accelerometer,0.8391677,5.007473,8.1163435
20325114, Gyroscope,-0.016945409,-0.013567317,-0.0015943563
20325110, Accelerometer,0.81402856,4.933253,8.511387
20325138, Gyroscope,0.0032131448,-0.024562892,0.0039034314
20325132, Accelerometer,0.89184016,4.915296,8.368932
20325158, Gyroscope,0.043530248,-0.013567317,0.0032925662
20325150, Accelerometer,0.90740246,5.0002904,8.101978
20325178, Gyroscope,0.025815157,0.011478158,-0.008313874
20325172, Accelerometer,0.81163436,4.9404354,8.003817
20325194, Gyroscope,-0.013280218,-0.028228084,-0.0015943563
20325192, Accelerometer,0.94211835,5.005079,8.210915
20325216, Gyroscope,-0.031606175,-0.035558462,-0.009535603
20325212, Accelerometer,0.89782566,4.9416323,8.479065
20325236, Gyroscope,-4.520472E-4,-0.016621644,-0.007703008
20325232, Accelerometer,0.89782566,4.960786,8.423999
20325258, Gyroscope,0.02825862,-0.027006352,-0.015644256
20325252, Accelerometer,0.8319851,4.981137,8.195353
20325278, Gyroscope,0.017873911,-0.07098865,-0.019920314
20325270, Accelerometer,0.91338795,5.0374002,8.228871
20325296, Gyroscope,-0.0071715647,-0.047775768,-0.022363774
20325290, Accelerometer,0.8583213,4.983531,8.401254
20325318, Gyroscope,0.019706504,-0.03128241,-0.019920314
20325312, Accelerometer,0.47285482,5.839458,11.136629
20325334, Gyroscope,0.62446314,0.5459853,0.010622949
20325328, Accelerometer,0.52073884,4.344279,5.0517654
20325354, Gyroscope,0.30131537,0.6247869,0.085148506
20325348, Accelerometer,1.3706805,5.518635,4.5022964
20325374, Gyroscope,-0.46959656,-0.33854765,-0.15247807
20325368, Accelerometer,0.1592144,5.0481744,8.528147
20325394, Gyroscope,-0.67484725,-0.60183054,-0.051685303
20325388, Accelerometer,0.24420857,4.7896004,11.659762
20325414, Gyroscope,-0.2246396,-0.29761967,0.14990023
20325408, Accelerometer,1.401805,4.947618,10.441113
20325434, Gyroscope,0.20540954,0.059736513,0.13829379
20325428, Accelerometer,1.6663644,4.9548006,8.214506
20325454, Gyroscope,0.2500027,0.14098158,-0.029083291
20325448, Accelerometer,0.51714754,4.8422728,7.299921
20325476, Gyroscope,0.1235536,-0.016010778,-0.096278474
20325468, Accelerometer,0.60453594,4.997896,7.551312
20325494, Gyroscope,0.008100066,-0.12657739,-0.030915888
20325488, Accelerometer,0.9995792,5.0158525,7.890092
20325516, Gyroscope,-0.056040786,-0.08259509,0.02589458
20325510, Accelerometer,1.1456255,4.995502,8.1319065
20325534, Gyroscope,-0.05420819,0.012699889,0.018564198
20325528, Accelerometer,0.9780314,4.959589,8.384495
20325556, Gyroscope,-0.030384444,0.052406132,-0.011979066
20325548, Accelerometer,0.7637503,4.950012,8.415619
20325576, Gyroscope,0.0026022792,0.008423832,-0.0254181
20325570, Accelerometer,0.8762778,5.0362034,8.293514
20325596, Gyroscope,1.5881844E-4,-0.04411058,-0.018087717
20325588, Accelerometer,0.90500826,5.009867,8.428787
20325614, Gyroscope,-0.01816714,0.014532484,-0.019920314
20325610, Accelerometer,0.7170634,4.9404354,8.550891
20325634, Gyroscope,0.022760833,-0.0074586645,-0.016865987
20325628, Accelerometer,0.6655881,4.9643774,8.380903
20325656, Gyroscope,0.04597371,-0.05571702,-0.0107573345
20325650, Accelerometer,0.81043726,5.0182467,8.063671
20325674, Gyroscope,0.023982564,-0.02883895,-0.004037817
20325670, Accelerometer,0.8834604,4.9799395,7.9726915
20325696, Gyroscope,-0.0053389696,0.03041498,-0.005870413
20325690, Accelerometer,0.78170687,4.915296,8.069656
20325718, Gyroscope,-0.0077824304,0.00353691,-0.0107573345
20325710, Accelerometer,0.7625532,4.984728,8.180987
20325730, Accelerometer,0.81881696,5.0613422,8.283937
20325754, Gyroscope,-0.0059498344,-0.016010778,-0.005870413
20325748, Accelerometer,0.90859956,5.070919,8.298303
20325776, Gyroscope,0.0019914135,0.05851478,0.005736027
20325770, Accelerometer,0.78529817,5.0134583,8.237251
20325794, Gyroscope,0.0032131448,0.032858443,0.015509871
20325788, Accelerometer,0.78888947,4.984728,8.316259
20325816, Gyroscope,-4.520472E-4,-0.050830096,0.028338041
20325808, Accelerometer,1.0163386,5.009867,8.443152
20325834, Gyroscope,0.01665218,-0.05144096,0.012455545
20325828, Accelerometer,1.067814,5.0146556,8.359355
20325856, Gyroscope,0.034978136,0.018197676,-0.01258993
20325848, Accelerometer,0.93613285,4.9775453,8.085219
20325874, Gyroscope,0.03314554,0.022473732,-0.019309448
20325868, Accelerometer,0.7781156,4.935647,8.050503
20325894, Gyroscope,0.0056566056,-0.006847799,-0.01258993
20325888, Accelerometer,0.7517793,4.9416323,8.208521
20325916, Gyroscope,0.015430449,-0.03739106,8.491054E-4
20325910, Accelerometer,0.94211835,5.009867,8.123527
20325934, Gyroscope,0.006878335,-0.012956452,-0.0070921425
20325930, Accelerometer,0.8439561,4.987122,8.201338
20325956, Gyroscope,-0.0035063736,0.014532484,-0.021142043
20325952, Accelerometer,0.78649527,4.995502,8.184579
20325974, Gyroscope,1.5881844E-4,0.007812967,-0.022974638
20325972, Accelerometer,0.79128367,5.0062757,8.252813
20325998, Gyroscope,0.0019914135,0.008423832,-0.005870413
20325990, Accelerometer,1.0127473,4.9763484,8.523358
20326014, Gyroscope,0.01665218,0.021862868,-0.009535603
20326010, Accelerometer,0.760159,5.0254292,8.149862
20326036, Gyroscope,0.0514715,0.04690834,-0.035191946
20326032, Accelerometer,0.7290344,5.081693,7.9236107
20326054, Gyroscope,0.0135978535,-0.008680395,-0.024807235
20326050, Accelerometer,0.6596026,5.009867,8.238448
20326076, Gyroscope,-0.041380018,-0.028228084,-0.0070921425
20326068, Accelerometer,0.7457938,4.9919105,8.401254
20326094, Gyroscope,-0.0059498344,-0.04288885,0.024061985
20326088, Accelerometer,0.9888053,5.029021,8.183381
20326118, Gyroscope,-0.0059498344,0.020641137,-9.834906E-4
20326110, Accelerometer,0.760159,4.957195,8.277952
20326136, Gyroscope,1.5881844E-4,0.008423832,-0.014422527
20326132, Accelerometer,0.60573304,4.9883194,8.2995
20326154, Gyroscope,0.021539101,-0.053884424,0.0051251617
20326150, Accelerometer,0.8499416,5.106832,8.209718
20326178, Gyroscope,0.011154393,-0.0111238565,0.019175064
20326172, Accelerometer,0.8499416,5.0613422,8.133103
20326194, Gyroscope,-0.0059498344,0.005369506,0.02345112
20326190, Accelerometer,0.88944596,5.0385976,8.180987
20326216, Gyroscope,-0.01816714,-0.018454239,0.021618523
20326212, Accelerometer,0.8439561,4.987122,8.4647
20326236, Gyroscope,0.0038240086,-0.033115007,0.01428814
20326232, Accelerometer,0.7757214,4.981137,8.740033
20326256, Gyroscope,0.12416447,0.059736513,0.02467285
20326252, Accelerometer,0.12569559,4.8362875,8.486248
20326274, Gyroscope,0.37889525,0.57103074,0.124243885
20326268, Accelerometer,1.0139444,5.069722,5.1200004
20326296, Gyroscope,-0.023054061,0.139149,0.06315736
20326290, Accelerometer,1.0271125,5.088876,6.612785
20326314, Gyroscope,-0.5233527,-0.4533903,-0.06634607
20326308, Accelerometer,0.37948096,4.818331,10.241198
20326336, Gyroscope,-0.38896236,-0.38802773,0.049718328
20326330, Accelerometer,0.8487445,4.8255134,11.083957
20326354, Gyroscope,0.07590611,-0.03250414,0.14318071
20326348, Accelerometer,1.6783354,4.8961425,8.971074
20326376, Gyroscope,0.26649606,0.10249708,0.047274865
20326368, Accelerometer,1.4041992,4.9703627,7.2987237
20326394, Gyroscope,0.1339383,-0.0013500117,-0.087726355
20326388, Accelerometer,0.62608373,4.938041,7.4830775
20326416, Gyroscope,0.0074892007,-0.13390778,-0.068789534
20326408, Accelerometer,0.8810662,5.0266266,7.9224133
20326436, Gyroscope,-0.030384444,-0.09969931,0.013677275
20326428, Accelerometer,1.163582,5.007473,7.97748
20326454, Gyroscope,-0.03099531,-0.0031826077,0.027727176
20326448, Accelerometer,1.1216835,4.960786,8.172607
20326476, Gyroscope,-0.022443196,0.032858443,-0.01503339
20326468, Accelerometer,0.8870517,4.9428296,8.317456
20326494, Gyroscope,0.0026022792,0.02797152,-0.044354923
20326488, Accelerometer,0.8559271,5.0062757,8.201338
20326516, Gyroscope,0.0056566056,0.033469304,-0.037024543
20326510, Accelerometer,0.6823475,4.947618,8.277952
20326536, Gyroscope,-0.026108388,0.022473732,-0.021142043
20326530, Accelerometer,0.7326257,4.9583917,8.513782
20326558, Gyroscope,-0.024886657,-0.038001925,-0.015644256
20326552, Accelerometer,0.7781156,4.938041,8.59279
20326578, Gyroscope,0.018484777,-0.030060677,-0.019920314
20326570, Accelerometer,0.79008657,4.960786,8.416816
20326596, Gyroscope,0.047195442,-7.3914696E-4,-0.021142043
20326590, Accelerometer,0.7649474,5.009867,8.033744
20326614, Gyroscope,0.027036889,0.005369506,-0.01503339
20326610, Accelerometer,0.7374141,5.032612,8.001422
20326636, Gyroscope,-0.0035063736,0.0041477755,-0.007703008
20326632, Accelerometer,0.7074866,5.0493712,7.9571295
20326658, Gyroscope,-0.025497522,-0.0111238565,0.0063468926
20326652, Accelerometer,0.7290344,5.0302176,8.136695
20326678, Gyroscope,-0.040769152,-0.002571742,0.022229388
20326670, Accelerometer,0.8295909,5.009867,8.415619
20326696, Gyroscope,-0.0041172393,0.00475864,0.028338041
20326690, Accelerometer,0.89662856,5.020641,8.325836
20326720, Gyroscope,0.009932661,0.008423832,0.018564198
20326710, Accelerometer,0.830788,5.0026846,8.202535
20326736, Gyroscope,-0.0041172393,-0.016621644,0.022840254
20326730, Accelerometer,0.91099375,4.996699,8.222886
20326756, Gyroscope,-0.021221466,-0.00929126,0.032614097
20326750, Accelerometer,1.0450691,4.8985367,8.468291
20326776, Gyroscope,-0.01816714,-0.0074586645,0.01428814
20326770, Accelerometer,1.0749966,4.8542438,8.536526
20326798, Gyroscope,0.022760833,-0.025173755,-0.021142043
20326790, Accelerometer,0.9864111,4.891354,8.379706
20326812, Accelerometer,0.93373865,4.947618,7.9786773
20326824, Gyroscope,0.028869485,-0.014789047,-0.029083291
20326830, Accelerometer,0.93493575,4.959589,8.200141
20326856, Gyroscope,-0.0035063736,-0.03128241,-0.024807235
20326850, Accelerometer,0.93254155,4.950012,8.297106
20326874, Gyroscope,0.00504574,-0.03861279,-0.030305022
20326870, Accelerometer,0.8619126,4.9787426,8.1558485
20326896, Gyroscope,0.011765258,-0.006236934,-0.040078864
20326888, Accelerometer,0.7577648,4.9524064,8.210915
20326914, Gyroscope,0.008710932,0.022473732,-0.03152675
20326908, Accelerometer,0.81522566,4.9416323,8.289924
20326936, Gyroscope,0.0135978535,0.01758681,-0.0254181
20326930, Accelerometer,0.81761986,4.9943047,8.256405
20326954, Gyroscope,0.023982564,-0.00929126,-0.036413677
20326950, Accelerometer,0.78050977,5.0601454,8.246828
20326974, Gyroscope,0.012986988,-0.00929126,-0.04924185
20326968, Accelerometer,0.5746084,5.019444,8.297106
20326996, Gyroscope,0.0074892007,0.008423832,-0.032137617
20326990, Accelerometer,0.6811504,5.00867,8.352173
20327016, Gyroscope,0.019706504,0.009034697,0.017342467
20327008, Accelerometer,0.79487497,4.999093,8.263587
20327036, Gyroscope,0.020928236,-0.05449529,0.018564198
20327030, Accelerometer,0.9888053,5.0637364,8.129512
20327054, Gyroscope,0.04902804,-0.0037934734,-0.005870413
20327050, Accelerometer,-0.09935937,4.973954,7.466318
20327076, Gyroscope,0.14310127,0.4726814,0.10225274
20327070, Accelerometer,1.2306197,5.129577,6.3985043
20327094, Gyroscope,-0.08841664,0.13487293,0.041777074
20327088, Accelerometer,1.1468226,4.9464207,8.4587145
20327116, Gyroscope,-0.2631241,-0.20354642,-0.08283944
20327108, Accelerometer,0.51475334,4.921282,9.76954
20327134, Gyroscope,-0.14461625,-0.2389766,0.0020708358
20327128, Accelerometer,0.8511387,5.076905,9.847352
20327146, Accelerometer,1.2557588,4.8997335,8.805874
20327156, Gyroscope,0.060023613,-0.03433674,0.08331591
20327174, Gyroscope,0.13821436,-0.00929126,0.024061985
20327168, Accelerometer,1.1240777,4.8722005,8.051701
20327196, Gyroscope,0.12905137,-0.07526471,-0.065735206
20327188, Accelerometer,0.7218518,4.811148,7.716512
20327214, Gyroscope,0.08629082,-0.08259509,-0.07184386
20327208, Accelerometer,0.58777654,4.8722005,7.5549035
20327236, Gyroscope,0.049638905,-0.053884424,-0.017476853
20327228, Accelerometer,0.8331822,4.9895163,7.501034
20327254, Gyroscope,-0.0077824304,-0.02211943,0.0069577573
20327248, Accelerometer,1.0378864,5.1116204,7.741651
20327274, Gyroscope,-0.05115386,0.019419406,-0.0113682
20327268, Accelerometer,0.8690952,5.0397944,8.1797905
20327294, Gyroscope,-0.05848425,0.036523633,-0.021142043
20327288, Accelerometer,0.7721301,5.0134583,8.522161
20327310, Accelerometer,0.8295909,5.01705,8.409634
20327314, Gyroscope,-0.022443196,0.019419406,-0.016865987
20327336, Gyroscope,-0.0077824304,-1.282813E-4,-0.01503339
20327330, Accelerometer,0.8499416,5.044583,8.374918
20327354, Gyroscope,-0.01572368,-0.009902125,-0.018698582
20327348, Accelerometer,0.80086046,4.996699,8.576031
20327374, Gyroscope,0.0135978535,-0.028228084,-0.0254181
20327368, Accelerometer,0.7625532,5.00867,8.282741
20327394, Gyroscope,0.039254196,-0.00806953,-0.03335935
20327388, Accelerometer,0.59376204,4.9643774,8.139089
20327416, Gyroscope,0.041086793,0.018197676,-0.027250698
20327410, Accelerometer,0.6428431,4.9775453,7.9726915
20327434, Gyroscope,0.03192381,0.0017043143,-0.0015943563
20327428, Accelerometer,0.78529817,5.00867,8.008605
20327456, Gyroscope,-4.520472E-4,-0.019065104,0.0032925662
20327448, Accelerometer,0.8643068,5.0601454,8.123527
20327474, Gyroscope,-0.016334543,-0.013567317,-0.0028160866
20327470, Accelerometer,0.78769237,5.056554,8.200141
20327496, Gyroscope,-0.018778006,0.023695463,-0.008313874
20327488, Accelerometer,0.6691794,5.0242324,8.3868885
20327516, Gyroscope,-0.0077824304,0.0353019,0.007568623
20327508, Accelerometer,0.79607207,5.070919,8.24563
20327534, Gyroscope,0.017873911,0.009645563,0.02589458
20327528, Accelerometer,0.89303726,5.0481744,8.215703
20327556, Gyroscope,-0.008393296,-0.0037934734,0.01428814
20327550, Accelerometer,0.8511387,4.9799395,8.313866
20327574, Gyroscope,-0.008393296,-0.036169328,0.0045142965
20327568, Accelerometer,0.93254155,4.997896,8.342596
20327594, Gyroscope,-0.0010629129,-0.0111238565,-0.008924739
20327590, Accelerometer,0.7326257,4.9200845,8.4347725
20327614, Gyroscope,0.022149967,0.0010934491,-0.008924739
20327608, Accelerometer,0.6476316,4.950012,8.2995
20327636, Gyroscope,0.05024977,-0.036780193,0.011233814
20327630, Accelerometer,0.8714894,5.052963,7.9427643
20327658, Gyroscope,0.00504574,-0.012956452,0.010012084
20327650, Accelerometer,0.8834604,4.9883194,8.101978
20327672, Accelerometer,0.80924016,4.9667716,8.371326
20327686, Gyroscope,0.019706504,-0.006236934,-0.0064812778
20327692, Accelerometer,0.8619126,5.0062757,8.146272
20327716, Gyroscope,0.02031737,-0.008680395,-0.009535603
20327712, Accelerometer,0.90141696,5.067328,8.118738
20327734, Gyroscope,-0.015112814,-0.00806953,-0.01503339
20327730, Accelerometer,0.7517793,5.0026846,8.297106
20327756, Gyroscope,-0.019999735,-0.027617218,-0.009535603
20327750, Accelerometer,0.8690952,5.0026846,8.449138
20327776, Gyroscope,0.0019914135,-0.02211943,-0.0028160866
20327772, Accelerometer,0.92535895,4.9943047,8.4587145
20327794, Gyroscope,0.0056566056,0.0072021014,-0.014422527
20327788, Accelerometer,0.81642276,4.911705,8.498219
20327818, Gyroscope,0.074073516,-0.108862296,-0.038246274
20327810, Accelerometer,0.1316811,4.661511,7.6530657
20327834, Gyroscope,0.077127844,-0.048386633,0.008179488
20327828, Accelerometer,0.81402856,5.2528787,7.1131735
20327854, Gyroscope,-0.11957077,0.18374215,0.04360967
20327848, Accelerometer,1.2378023,5.3127337,8.716091
20327874, Gyroscope,-0.11712731,0.15319888,0.010622949
20327868, Accelerometer,0.5686229,4.975151,9.151836
20327896, Gyroscope,-0.037103962,-7.3914696E-4,-0.015644256
20327888, Accelerometer,0.61650693,5.04578,8.809465
20327914, Gyroscope,0.016041314,-0.11863614,-0.015644256
20327908, Accelerometer,0.9959879,5.185841,8.4587145
20327936, Gyroscope,0.048417173,-0.11069489,0.036890157
20327928, Accelerometer,0.79487497,4.993108,8.123527
20327954, Gyroscope,0.0777387,-0.048386633,0.01184468
20327948, Accelerometer,0.6919243,4.995502,7.7081323
20327976, Gyroscope,0.084458224,-0.006236934,0.0063468926
20327970, Accelerometer,0.5303157,4.9787426,7.5908165
20327996, Gyroscope,0.022760833,-0.050830096,0.049107462
20327988, Accelerometer,0.8559271,5.0517654,7.587225
20328016, Gyroscope,-0.045656078,-0.028228084,0.06987688
20328008, Accelerometer,1.115698,5.044583,8.0445175
20328034, Gyroscope,-0.07497761,0.045075744,0.053383514
20328028, Accelerometer,1.1180922,4.9548006,8.377312
20328054, Gyroscope,-0.053597324,0.062179975,0.022229388
20328048, Accelerometer,0.9935937,4.938041,8.645462
20328076, Gyroscope,-0.021221466,0.0371345,-0.0034269514
20328070, Accelerometer,0.8391677,4.9105077,8.710106
20328094, Gyroscope,0.025815157,-0.018454239,0.005736027
20328088, Accelerometer,0.9708488,4.9787426,8.444349
20328118, Gyroscope,0.025815157,-0.03983452,0.002681701
20328110, Accelerometer,1.0821792,4.9416323,8.255207
20328138, Gyroscope,0.0032131448,-0.01967597,-0.013200795
20328128, Accelerometer,0.9983821,4.8662148,8.39886
20328156, Gyroscope,0.02031737,0.011478158,-0.036413677
20328150, Accelerometer,0.81402856,4.8135424,8.324639
20328174, Gyroscope,0.06368881,4.8258388E-4,-0.035191946
20328168, Accelerometer,0.91458505,4.9081135,7.9116397
20328196, Gyroscope,0.030702079,0.0010934491,-0.044354923
20328190, Accelerometer,0.93254155,4.969166,7.8829093
20328214, Gyroscope,-0.019999735,0.020641137,-0.06084829
20328210, Accelerometer,0.8331822,4.969166,8.385692
20328236, Gyroscope,-0.03099531,0.04874094,-0.070011266
20328230, Accelerometer,0.58897364,4.995502,8.474277
20328256, Gyroscope,0.011154393,0.02674979,-0.058404826
20328252, Accelerometer,0.6332663,5.0984526,8.082825
20328276, Gyroscope,0.008710932,0.0010934491,-0.03763541
20328272, Accelerometer,0.6667852,5.1702785,8.197746
20328298, Gyroscope,-0.02733012,0.0010934491,-0.030915888
20328292, Accelerometer,0.7637503,5.080496,8.641871
20328316, Gyroscope,-0.0114476215,0.043243147,-0.030915888
20328312, Accelerometer,0.47764325,5.009867,8.36175
20328336, Gyroscope,0.055136688,0.032858443,-0.02786156
20328332, Accelerometer,0.7015011,5.1918263,7.9331875
20328354, Gyroscope,0.048417173,-0.012345586,2.3823977E-4
20328348, Accelerometer,0.7374141,5.085284,8.067263
20328374, Gyroscope,-0.018778006,-0.002571742,2.3823977E-4
20328370, Accelerometer,0.7697359,4.9667716,8.366538
20328394, Gyroscope,-0.03588223,0.016365081,0.012455545
20328388, Accelerometer,0.7553706,4.9308586,8.584411
20328416, Gyroscope,0.0019914135,-0.016010778,0.0032925662
20328408, Accelerometer,0.79128367,4.996699,8.317456
20328434, Gyroscope,0.047195442,-0.048386633,-0.005870413
20328428, Accelerometer,0.78649527,5.0493712,8.01459
20328456, Gyroscope,0.030702079,-0.016010778,-0.0052595474
20328448, Accelerometer,0.07182605,5.506664,7.469909
20328474, Gyroscope,0.13699263,0.17885523,0.08575937
20328468, Accelerometer,0.48243165,4.8865657,6.303933
20328496, Gyroscope,0.04169765,0.45313373,0.124243885
20328488, Accelerometer,1.3072342,4.9943047,8.027759
20328514, Gyroscope,-0.26495668,-0.20782247,-0.07550905
20328508, Accelerometer,0.45968673,4.9883194,9.82341
20328536, Gyroscope,-0.15683356,-0.18949652,-0.028472425
20328526, Accelerometer,0.52073884,5.020641,10.121488
20328554, Gyroscope,0.084458224,0.0017043143,0.08759197
20328548, Accelerometer,1.1707647,5.1487308,8.652645
20328576, Gyroscope,0.16020551,-1.282813E-4,0.05277265
20328568, Accelerometer,1.0642227,5.094861,7.6602483
20328596, Gyroscope,0.052082367,-0.12291219,-0.033970214
20328588, Accelerometer,0.6823475,4.9703627,7.8948803
20328614, Gyroscope,0.008710932,-0.12963171,-0.032748483
20328608, Accelerometer,0.5650316,4.9176903,8.09719
20328636, Gyroscope,0.052693233,-0.06671259,0.014899006
20328628, Accelerometer,0.7685388,5.009867,7.7308774
20328654, Gyroscope,0.0374216,-0.028228084,0.038111888
20328648, Accelerometer,0.9792285,5.0900726,7.560889
20328674, Gyroscope,-0.046266943,0.0072021014,0.026505446
20328668, Accelerometer,0.8834604,5.020641,8.214506
20328694, Gyroscope,-0.056040786,0.02919325,0.0020708358
20328688, Accelerometer,0.7278373,4.9428296,8.6813755
20328714, Gyroscope,-0.004728104,0.033469304,0.013677275
20328708, Accelerometer,0.7625532,4.9404354,8.503007
20328736, Gyroscope,0.012376122,-0.0050152037,0.007568623
20328728, Accelerometer,0.7745243,4.9524064,8.428787
20328756, Gyroscope,-0.0010629129,-0.04288885,-0.0064812778
20328750, Accelerometer,0.7338228,4.9583917,8.457518
20328774, Gyroscope,0.0013805479,-0.042277984,-0.010146469
20328768, Accelerometer,0.712275,4.9524064,8.450335
20328796, Gyroscope,0.03192381,-0.022730296,-0.0113682
20328788, Accelerometer,0.6979098,4.9703627,8.111555
20328814, Gyroscope,0.05635842,-0.013567317,-0.014422527
20328810, Accelerometer,0.62129533,5.0242324,7.952341
20328836, Gyroscope,0.034978136,-7.3914696E-4,-0.0107573345
20328830, Accelerometer,0.59615624,5.0721164,8.026561
20328856, Gyroscope,0.00504574,-0.017232507,0.01428814
20328850, Accelerometer,0.7769185,5.1343656,8.117541
20328880, Gyroscope,-0.0114476215,-0.049608365,0.039333615
20328868, Accelerometer,0.985214,5.1523223,8.232463
20328898, Gyroscope,-0.021221466,-0.00929126,0.028338041
20328890, Accelerometer,0.9564836,5.073313,8.336611
20328916, Gyroscope,0.0038240086,0.046297476,0.017953333
20328910, Accelerometer,0.79367787,5.0062757,8.287529
20328938, Gyroscope,0.010543527,0.005369506,0.024061985
20328932, Accelerometer,0.8283938,5.009867,8.2037325
20328958, Gyroscope,-0.0065607,-0.074042976,0.030170636
20328950, Accelerometer,1.0019734,5.029021,8.212111
20328976, Gyroscope,-0.030384444,-0.07892989,0.012455545
20328972, Accelerometer,0.8295909,4.959589,8.342596
20328998, Gyroscope,-0.01816714,-0.033115007,0.01184468
20328990, Accelerometer,0.93613285,4.903325,8.488642
20329016, Gyroscope,0.024593426,-0.023952026,0.008179488
20329010, Accelerometer,0.9528923,4.9284644,8.273164
20329038, Gyroscope,0.03314554,-0.027617218,-0.018698582
20329030, Accelerometer,0.92296475,4.9787426,8.09719
20329056, Gyroscope,0.011154393,-0.017232507,-0.035191946
20329052, Accelerometer,0.81043726,4.961983,8.172607
20329078, Gyroscope,-0.004728104,0.011478158,-0.032748483
20329070, Accelerometer,0.7625532,4.9679685,8.300697
20329098, Gyroscope,0.010543527,-0.018454239,-0.028472425
20329090, Accelerometer,0.82599956,5.007473,8.236053
20329116, Gyroscope,0.010543527,-0.024562892,-0.032748483
20329110, Accelerometer,0.89543146,5.043386,8.232463
20329140, Gyroscope,0.0062674694,0.012699889,-0.044354923
20329130, Accelerometer,0.7038953,5.019444,8.273164
20329156, Gyroscope,0.0074892007,0.016975947,-0.038857132
20329152, Accelerometer,0.61530983,5.043386,8.292317
20329176, Gyroscope,0.01665218,-0.01967597,-0.013811661
20329170, Accelerometer,0.7290344,5.592855,8.2169
20329198, Gyroscope,0.3098675,-0.12535566,-0.023585504
20329190, Accelerometer,0.5446809,5.103241,6.8641763
20329214, Gyroscope,0.048417173,0.42808825,0.06437909
20329208, Accelerometer,0.9768343,5.161899,6.7013707
20329234, Gyroscope,-0.308939,0.022473732,-0.0107573345
20329228, Accelerometer,0.4429273,5.01705,9.244013
20329254, Gyroscope,-0.31932372,-0.27990457,-0.02053118
20329248, Accelerometer,0.6619968,5.0158525,10.749966
20329276, Gyroscope,0.026426023,-0.14245988,0.09736581
20329270, Accelerometer,1.2497733,5.1020436,8.078036
20329294, Gyroscope,0.17730974,0.043243147,0.051550917
20329288, Accelerometer,0.7625532,4.9296613,7.765593
20329316, Gyroscope,0.09667553,-0.0031826077,-0.038246274
20329310, Accelerometer,0.46208093,4.88896,7.914034
20329334, Gyroscope,0.048417173,-0.10092104,-0.032748483
20329328, Accelerometer,0.7182605,4.97156,7.7069354
20329356, Gyroscope,0.035589002,-0.08870374,0.017953333
20329348, Accelerometer,1.0007763,5.029021,7.6171527
20329374, Gyroscope,-0.0065607,-0.018454239,0.02711631
20329368, Accelerometer,0.9552865,5.021838,7.9248075
20329396, Gyroscope,-0.04993213,0.043854013,0.02711631
20329388, Accelerometer,0.7769185,4.983531,8.34499
20329416, Gyroscope,-0.052986458,0.053016998,0.0039034314
20329408, Accelerometer,0.8607155,5.020641,8.451532
20329434, Gyroscope,-0.031606175,0.01514335,0.020396793
20329428, Accelerometer,0.94570965,5.033809,8.544906
20329454, Gyroscope,-0.03954742,-0.008680395,0.010622949
20329450, Accelerometer,0.92057055,5.007473,8.743625
20329474, Gyroscope,-0.0035063736,-7.3914696E-4,-0.010146469
20329468, Accelerometer,0.8439561,4.983531,8.5700445
20329496, Gyroscope,0.03436727,-0.020286834,-0.015644256
20329490, Accelerometer,0.8499416,4.995502,8.329428
20329514, Gyroscope,0.03986506,-0.026395487,-0.021142043
20329508, Accelerometer,0.7170634,4.9440265,8.244433
20329536, Gyroscope,0.05024977,-0.02334116,-0.010146469
20329530, Accelerometer,0.81283146,4.9823337,7.9750857
20329554, Gyroscope,0.030091213,-0.0013500117,-0.004037817
20329550, Accelerometer,0.8343793,4.983531,7.9631147
20329580, Gyroscope,7.696822E-4,0.0010934491,-0.0107573345
20329572, Accelerometer,0.6631939,4.97156,8.070854
20329594, Gyroscope,-0.012058487,-0.039223656,-0.002205221
20329590, Accelerometer,0.7182605,5.021838,8.081628
20329616, Gyroscope,-0.034660503,-0.039223656,0.017953333
20329608, Accelerometer,0.91697925,5.0493712,8.177396
20329636, Gyroscope,-0.048099536,0.02797152,0.01428814
20329628, Accelerometer,0.89184016,4.9943047,8.416816
20329656, Gyroscope,-0.026108388,0.05423872,-0.009535603
20329648, Accelerometer,0.7541735,4.97156,8.429984
20329674, Gyroscope,7.696822E-4,-0.0013500117,-0.018698582
20329668, Accelerometer,0.7553706,5.0397944,8.329428
20329694, Gyroscope,-0.009615026,-0.021508565,-0.008924739
20329688, Accelerometer,0.82001406,5.052963,8.368932
20329714, Gyroscope,-0.01572368,-0.004404338,0.0032925662
20329710, Accelerometer,0.866701,5.0182467,8.506598
20329740, Gyroscope,-0.0041172393,0.01880854,-0.0028160866
20329730, Accelerometer,0.7266402,4.9643774,8.465898
20329758, Gyroscope,0.025204292,-0.040445387,-0.008924739
20329752, Accelerometer,0.8535329,5.058948,8.1319065
20329774, Gyroscope,0.027647754,-0.08748201,-0.0028160866
20329770, Accelerometer,0.40701428,4.7081976,8.833407
20329796, Gyroscope,0.37767354,0.29247618,0.017953333
20329790, Accelerometer,1.2665327,4.9799395,4.8243165
20329814, Gyroscope,0.31780875,0.64494544,0.08575937
20329808, Accelerometer,0.9648633,5.1846437,6.6989765
20329836, Gyroscope,-0.25335026,-0.06426913,-0.12437827
20329828, Accelerometer,0.06823475,4.8614264,10.208876
20329854, Gyroscope,-0.45921186,-0.37519956,-0.1115501
20329848, Accelerometer,0.59495914,4.9440265,10.936713
20329876, Gyroscope,-0.06825809,-0.17300315,0.05399438
20329870, Accelerometer,1.0606314,5.044583,8.542512
20329894, Gyroscope,0.24022886,0.1092166,0.06376822
20329888, Accelerometer,0.82240826,5.0840874,7.08564
20329916, Gyroscope,0.16081637,0.031025846,-0.029083291
20329908, Accelerometer,0.34715924,5.0374002,7.6111674
20329934, Gyroscope,-0.037714828,-0.14795768,-0.05657223
20329928, Accelerometer,0.37828386,5.0613422,8.342596
20329956, Gyroscope,-0.04748867,-0.11252748,0.054605246
20329948, Accelerometer,0.80564886,5.140351,8.336611
20329974, Gyroscope,0.02031737,-0.07526471,0.07965072
20329968, Accelerometer,1.1336545,5.21936,7.8829093
20329994, Gyroscope,-0.013891082,-0.016621644,0.049107462
20329988, Accelerometer,1.091756,5.16549,8.100781
20330016, Gyroscope,-0.041380018,0.033469304,0.017953333
20330008, Accelerometer,0.770933,4.933253,8.596381
20330036, Gyroscope,-0.004728104,0.019419406,0.024061985
20330028, Accelerometer,0.7098808,4.8961425,8.544906
20330058, Gyroscope,0.029480351,-0.050830096,0.03994448
20330050, Accelerometer,0.8762778,4.9464207,8.200141
20330078, Gyroscope,-0.013280218,-0.074042976,0.030781502
20330070, Accelerometer,0.8379706,4.8099513,8.327033
20330096, Gyroscope,-0.033438772,-0.074042976,0.022229388
20330090, Accelerometer,0.9876082,4.829105,8.516175
20330114, Gyroscope,0.01665218,-0.022730296,8.491054E-4
20330110, Accelerometer,0.92655605,4.8243165,8.183381
20330136, Gyroscope,0.05758015,0.020641137,-0.026639832
20330132, Accelerometer,0.79248077,4.911705,7.93199
20330154, Gyroscope,0.04475198,-0.0037934734,-0.0254181
20330150, Accelerometer,0.878672,5.079299,7.881712
20330178, Gyroscope,-0.02733012,-0.016010778,-0.021752909
20330168, Accelerometer,0.8643068,5.088876,8.207323
20330194, Gyroscope,-0.049321264,0.0010934491,-0.016865987
20330190, Accelerometer,0.91578215,5.097255,8.558074
20330216, Gyroscope,0.0038240086,0.03835623,-0.02419637
20330208, Accelerometer,0.80445176,5.1223946,8.455123
20330236, Gyroscope,0.04169765,0.03835623,-0.032748483
20330230, Accelerometer,0.5530606,5.1463366,8.259995
20330254, Gyroscope,0.022760833,0.032247577,-0.021142043
20330248, Accelerometer,0.59376204,5.080496,8.340201
20330276, Gyroscope,0.011154393,-0.0111238565,0.017953333
20330270, Accelerometer,0.9696517,5.0421886,8.323442
20330294, Gyroscope,0.009321796,-0.012956452,0.04238794
20330288, Accelerometer,0.91099375,4.8973393,8.491036
20330316, Gyroscope,0.014819583,-0.0050152037,0.015509871
20330310, Accelerometer,0.92895025,4.9200845,8.372523
20330334, Gyroscope,0.053914964,-0.048386633,-0.013200795
20330328, Accelerometer,0.91578215,4.9823337,8.084022
20330356, Gyroscope,0.05452583,-0.008680395,-0.032748483
20330350, Accelerometer,0.664391,4.985925,8.048109
20330374, Gyroscope,0.03436727,0.01758681,-0.032748483
20330370, Accelerometer,0.63087213,5.0601454,8.066066
20330396, Gyroscope,0.022760833,-0.029449815,-0.0052595474
20330390, Accelerometer,0.8870517,5.127183,8.012196
20330414, Gyroscope,-0.012669353,-0.03128241,-0.0052595474
20330410, Accelerometer,0.8702923,5.092467,8.160637
20330436, Gyroscope,-0.01938887,0.020641137,-0.008313874
20330432, Accelerometer,0.6751649,5.04578,8.445546
20330454, Gyroscope,0.012376122,0.0017043143,-9.834906E-4
20330450, Accelerometer,0.7589619,5.112818,8.422802
20330476, Gyroscope,0.03864333,0.012089023,0.008179488
20330468, Accelerometer,0.8367735,5.080496,8.449138
20330496, Gyroscope,0.0533041,0.032858443,0.0045142965
20330490, Accelerometer,0.80804306,5.068525,8.441956
20330514, Gyroscope,0.074073516,0.04568661,-0.002205221
20330508, Accelerometer,0.7613561,5.040992,8.175002
20330534, Gyroscope,0.061245345,0.016975947,0.0069577573
20330530, Accelerometer,0.7398083,5.0745106,7.8793178
20330554, Gyroscope,-0.0065607,-0.025784621,0.016731601
20330548, Accelerometer,0.40821138,5.602432,5.8322754
20330576, Gyroscope,-0.33459535,-0.16017498,0.069266014
20330568, Accelerometer,0.4225766,4.441244,10.973824
20330594, Gyroscope,0.056969285,-0.027617218,0.06560082
