timestamp,sensor,x,y,z
20485982, Accelerometer,0.08619126,5.0242324,8.403648
20486008, Accelerometer,0.4249708,4.771644,8.986636
20486032, Accelerometer,0.81642276,4.7979803,8.192958
20486054, Accelerometer,0.81163436,4.865018,7.583634
20486080, Gyroscope,0.10217331,0.032858443,0.03627929
20486074, Accelerometer,0.59974754,4.9679685,7.764396
20486100, Gyroscope,0.04475198,0.089668915,0.0045142965
20486094, Accelerometer,0.4369418,4.9703627,7.7943234
20486120, Gyroscope,-0.025497522,-0.027617218,0.04116621
20486116, Accelerometer,0.62608373,4.9655743,8.079233
20486140, Gyroscope,-0.078031935,-0.077097304,0.07720726
20486134, Accelerometer,0.8762778,4.882974,8.562862
20486160, Gyroscope,-0.07497761,-0.02883895,0.05949217
20486156, Accelerometer,0.91697925,4.882974,8.829816
20486180, Gyroscope,-0.01816714,0.03957796,0.02467285
20486176, Accelerometer,0.736217,4.829105,8.620323
20486200, Gyroscope,0.015430449,0.036523633,0.0014599701
20486194, Accelerometer,0.6811504,4.830302,8.465898
20486220, Gyroscope,0.021539101,-0.022730296,-0.015644256
20486216, Accelerometer,0.7194576,4.855441,8.248025
20486238, Gyroscope,0.0074892007,-0.00806953,-0.032748483
20486234, Accelerometer,0.63087213,4.8865657,8.25401
20486260, Gyroscope,0.011154393,0.04263229,-0.037024543
20486256, Accelerometer,0.4309563,4.8901567,8.240842
20486278, Gyroscope,0.025815157,0.04996267,-0.028472425
20486274, Accelerometer,0.31004912,4.9643774,8.070854
20486300, Gyroscope,1.5881844E-4,0.024917193,-0.009535603
20486296, Accelerometer,0.36152446,5.044583,8.244433
20486318, Gyroscope,-0.027940985,0.023084598,-0.009535603
20486314, Accelerometer,0.21547815,5.0721164,8.404845
20486340, Gyroscope,-0.052375592,0.0072021014,0.04360967
20486336, Accelerometer,0.24181437,4.9919105,8.684967
20486360, Gyroscope,-0.054819055,-0.0050152037,0.07965072
20486356, Accelerometer,0.5422867,4.92607,8.953117
20486380, Gyroscope,-0.01938887,-0.0056260685,0.10225274
20486376, Accelerometer,0.6500258,4.868609,8.680179
20486400, Gyroscope,0.047195442,0.021862868,0.07170947
20486396, Accelerometer,0.5363012,4.876989,8.2169
20486420, Gyroscope,0.065521404,0.007812967,0.03872275
20486416, Accelerometer,0.50278234,4.8494554,8.0684595
20486440, Gyroscope,0.025204292,-0.0056260685,0.03994448
20486436, Accelerometer,0.6560113,4.8015714,8.149862
20486460, Gyroscope,-0.009004161,0.023084598,0.050329193
20486454, Accelerometer,0.5554548,4.72376,8.279149
20486480, Gyroscope,-0.008393296,0.0371345,0.03627929
20486476, Accelerometer,0.60693014,4.7740383,8.343793
20486502, Gyroscope,7.696822E-4,-0.055106156,0.024061985
20486496, Accelerometer,0.94690675,4.923676,8.263587
20486520, Gyroscope,0.012986988,-0.062436536,0.008179488
20486518, Accelerometer,0.9911995,4.9883194,8.1163435
20486538, Gyroscope,0.012986988,0.06645603,-0.023585504
20486538, Accelerometer,0.58298814,4.9823337,8.067263
20486560, Gyroscope,-0.0010629129,0.12204477,-0.035191946
20486558, Accelerometer,0.5291186,4.9548006,8.35337
20486578, Gyroscope,-0.037714828,0.021252003,-0.016255122
20486576, Accelerometer,0.7194576,4.985925,8.668207
20486600, Gyroscope,-0.023054061,-0.06671259,-0.0107573345
20486596, Accelerometer,0.78170687,4.912902,8.4647
20486618, Gyroscope,-0.0114476215,-0.02334116,-0.017476853
20486614, Accelerometer,0.6392518,4.853047,8.365341
20486640, Gyroscope,-0.016334543,-0.013567317,-0.021752909
20486636, Accelerometer,0.50757074,4.794389,8.488642
20486660, Gyroscope,0.0013805479,-0.017232507,-0.021142043
20486656, Accelerometer,0.37469256,4.7644615,8.439561
20486680, Gyroscope,0.025815157,-0.040445387,-0.009535603
20486676, Accelerometer,0.4333505,4.7860093,8.115147
20486700, Gyroscope,-0.0016737785,-0.052051827,-0.0052595474
20486694, Accelerometer,0.5650316,4.84347,8.123527
20486720, Gyroscope,-0.03527137,-0.014789047,-0.016255122
20486716, Accelerometer,0.51954174,4.8482585,8.384495
20486740, Gyroscope,-0.01572368,0.0371345,-0.024807235
20486736, Accelerometer,0.4297592,4.859032,8.356961
20486760, Gyroscope,-0.009004161,0.01880854,-0.0254181
20486754, Accelerometer,0.34476504,4.961983,8.230068
20486780, Gyroscope,-0.03954742,-0.07037778,-0.017476853
20486776, Accelerometer,0.48602295,5.0266266,8.37372
20486798, Gyroscope,-0.07131241,-0.10153191,-0.0034269514
20486794, Accelerometer,0.62249243,5.019444,8.514978
20486820, Gyroscope,-0.06031684,-0.07648644,0.01306641
20486816, Accelerometer,0.7529764,4.959589,8.519767
20486840, Gyroscope,-0.037714828,-0.07159951,0.017342467
20486836, Accelerometer,0.14604631,4.856638,9.8198185
20486860, Gyroscope,0.42776448,0.29064357,0.002681701
20486856, Accelerometer,1.0187328,5.029021,4.8243165
20486878, Gyroscope,0.46136206,0.76834023,0.14562418
20486874, Accelerometer,0.2681506,4.8506527,5.470751
20486900, Gyroscope,-0.17943557,-0.12535566,-0.08955895
20486896, Accelerometer,0.30166942,4.9943047,9.509769
20486920, Gyroscope,-0.630865,-0.5596808,-0.022974638
20486914, Accelerometer,0.7565677,4.56694,11.373655
20486940, Gyroscope,-0.34009314,-0.4112406,0.070487745
20486936, Accelerometer,1.365892,4.7321396,10.133459
20486960, Gyroscope,0.10583851,0.037745364,0.055826977
20486956, Accelerometer,0.7613561,4.710592,8.031349
20486980, Gyroscope,0.29459587,0.19046167,-0.0834503
20486976, Accelerometer,0.10414778,4.853047,6.9862804
20487000, Gyroscope,0.176088,0.040799692,-0.1097175
20486996, Accelerometer,0.2657564,5.0038815,7.4232225
20487022, Gyroscope,-0.03099531,-0.1332969,-0.029694157
20487014, Accelerometer,0.59017074,4.9679685,8.396465
20487040, Gyroscope,-0.10918606,-0.12840998,0.019175064
20487036, Accelerometer,0.8391677,4.960786,8.7292595
20487058, Gyroscope,-0.026108388,-0.01173472,0.024061985
20487054, Accelerometer,0.7553706,4.9559975,8.274361
20487080, Gyroscope,0.05452583,0.06279084,-0.026639832
20487076, Accelerometer,0.5363012,4.9344497,8.000225
20487100, Gyroscope,-0.0065607,-1.282813E-4,-0.030915888
20487096, Accelerometer,0.33518824,4.8662148,8.429984
20487120, Gyroscope,-0.041380018,-0.05571702,0.0045142965
20487116, Accelerometer,0.39983168,4.7860093,8.771158
20487142, Gyroscope,-0.0041172393,-0.058160476,0.035668425
20487136, Accelerometer,0.6655881,4.796783,8.561666
20487160, Gyroscope,0.030702079,-0.017843373,0.026505446
20487158, Accelerometer,0.7493851,4.747702,8.15106
20487180, Gyroscope,0.0074892007,0.008423832,-0.0070921425
20487178, Accelerometer,0.59495914,4.71538,8.274361
20487200, Gyroscope,-0.013891082,-0.012956452,-0.029694157
20487198, Accelerometer,0.4333505,4.727351,8.39048
20487220, Gyroscope,-0.010225891,-0.045332313,-0.019920314
20487218, Accelerometer,0.6332663,4.811148,8.321048
20487240, Gyroscope,0.0032131448,-0.040445387,-3.7262496E-4
20487240, Accelerometer,0.8475474,4.915296,8.304289
20487260, Gyroscope,0.0056566056,0.005369506,-0.015644256
20487258, Accelerometer,0.7541735,4.9416323,8.157045
20487282, Gyroscope,0.019095639,0.04996267,-0.049852714
20487278, Accelerometer,0.45968673,4.983531,8.180987
20487300, Gyroscope,0.014208717,0.027360655,-0.059626557
20487298, Accelerometer,0.36032736,4.9943047,8.324639
20487320, Gyroscope,-0.0065607,-0.0019608773,-0.02419637
20487320, Accelerometer,0.47165772,4.9763484,8.498219
20487340, Gyroscope,-0.0059498344,-0.013567317,0.022840254
20487340, Accelerometer,0.7146692,4.9787426,8.3629465
20487360, Gyroscope,0.0032131448,-0.00806953,0.03505756
20487358, Accelerometer,0.6907272,4.9081135,8.36175
20487380, Gyroscope,-0.0035063736,-7.3914696E-4,0.005736027
20487380, Accelerometer,0.50038815,4.832696,8.446744
20487400, Gyroscope,0.0062674694,0.011478158,-0.013200795
20487398, Accelerometer,0.4225766,4.794389,8.388085
20487420, Gyroscope,0.029480351,-0.0037934734,-0.011979066
20487418, Accelerometer,0.39264908,4.8458643,8.127118
20487442, Gyroscope,0.0135978535,-0.045332313,-9.834906E-4
20487436, Accelerometer,0.49799395,4.879383,8.37372
20487460, Gyroscope,-0.0206106,-0.03739106,0.021007657
20487458, Accelerometer,0.7074866,4.847061,8.39048
20487480, Gyroscope,-0.0016737785,0.00475864,0.021618523
20487476, Accelerometer,0.62488663,4.8398786,8.166622
20487500, Gyroscope,0.009932661,0.04690834,-0.0046486817
20487498, Accelerometer,0.39025488,4.8398786,8.377312
20487520, Gyroscope,-0.013891082,0.011478158,-0.007703008
20487516, Accelerometer,0.50996494,4.8722005,8.578424
20487540, Gyroscope,-0.004728104,-0.04288885,0.014899006
20487536, Accelerometer,0.7398083,4.8937483,8.355764
20487560, Gyroscope,7.696822E-4,-0.029449815,0.005736027
20487558, Accelerometer,0.7146692,4.9021277,8.099585
20487580, Gyroscope,-0.03954742,-0.06060394,-0.011979066
20487580, Accelerometer,0.61890113,4.8698063,8.396465
20487600, Gyroscope,-0.040769152,-0.06060394,-0.010146469
20487596, Accelerometer,0.5793968,4.8099513,8.499416
20487624, Gyroscope,0.008710932,-0.026395487,-0.0028160866
20487616, Accelerometer,0.5734113,4.807557,8.49343
20487640, Gyroscope,0.042308517,0.009034697,0.0020708358
20487636, Accelerometer,0.5662287,4.859032,8.234857
20487662, Gyroscope,0.036810733,-0.004404338,0.0020708358
20487656, Accelerometer,0.6380547,4.923676,8.137892
20487684, Gyroscope,0.0032131448,-0.0013500117,0.0045142965
20487678, Accelerometer,0.63206923,4.8745947,8.365341
20487700, Gyroscope,-0.028551849,-0.041056253,0.002681701
20487698, Accelerometer,0.6392518,4.853047,8.558074
20487720, Gyroscope,-0.01572368,-0.030671543,-0.014422527
20487718, Accelerometer,0.51595044,4.796783,8.616732
20487740, Gyroscope,0.03864333,0.0029260446,-0.019309448
20487736, Accelerometer,0.5363012,4.8602295,8.37372
20487760, Gyroscope,0.06368881,0.01514335,-0.008313874
20487758, Accelerometer,0.51954174,4.9296613,7.8505874
20487780, Gyroscope,0.008710932,-0.021508565,0.0020708358
20487778, Accelerometer,0.5470751,4.909311,8.183381
20487802, Gyroscope,-0.062149435,-0.05632788,0.021618523
20487800, Accelerometer,0.6799533,4.823119,8.505402
20487820, Gyroscope,-0.067647226,-0.036169328,0.02711631
20487816, Accelerometer,0.59855044,4.784812,8.779537
20487840, Gyroscope,-0.012058487,0.011478158,0.01184468
20487838, Accelerometer,0.50637364,4.817134,8.414422
20487860, Gyroscope,0.046584576,-0.004404338,-9.834906E-4
20487856, Accelerometer,0.6727707,4.92607,8.124723
20487878, Gyroscope,0.026426023,-0.030060677,0.016731601
20487876, Accelerometer,0.7793127,4.912902,8.085219
20487900, Gyroscope,-0.028551849,-0.031893276,0.019175064
20487898, Accelerometer,0.7374141,4.820725,8.416816
20487920, Gyroscope,-0.053597324,-0.025173755,0.0020708358
20487916, Accelerometer,0.62129533,4.735731,8.737639
20487942, Gyroscope,-0.009615026,-0.009902125,-0.01503339
20487938, Accelerometer,0.62608373,4.7668557,8.514978
20487958, Gyroscope,0.05452583,-0.009902125,-0.016255122
20487956, Accelerometer,0.6548142,4.8362875,8.182184
20487980, Gyroscope,0.050860636,0.015754215,-0.010146469
20487976, Accelerometer,0.6787562,4.8422728,8.085219
20488000, Gyroscope,0.014208717,0.0371345,8.491054E-4
20487996, Accelerometer,0.6679823,4.8219223,8.1402855
20488020, Gyroscope,-0.012669353,0.04263229,-9.834906E-4
20488016, Accelerometer,0.521936,4.7788267,8.354567
20488040, Gyroscope,-0.012669353,-0.008680395,-0.011979066
20488036, Accelerometer,0.61171854,4.8338933,8.3629465
20488060, Gyroscope,-0.0053389696,-0.030671543,-0.0107573345
20488056, Accelerometer,0.6560113,4.8985367,8.500613
20488080, Gyroscope,0.010543527,-0.0208977,-0.018087717
20488076, Accelerometer,0.5315128,4.914099,8.395268
20488100, Gyroscope,0.006878335,-0.04288885,-0.0113682
20488098, Accelerometer,0.62847793,4.97156,8.389283
20488120, Gyroscope,0.023371698,0.016365081,-0.013200795
20488118, Accelerometer,0.19871874,4.853047,8.75799
20488142, Gyroscope,0.2445049,0.35967135,0.03383583
20488136, Accelerometer,0.5781997,4.961983,6.4751186
20488160, Gyroscope,0.04169765,0.15930754,0.0032925662
20488156, Accelerometer,0.28491,4.8362875,7.1873937
20488178, Gyroscope,-0.27106535,-0.2090442,-0.004037817
20488174, Accelerometer,0.4321534,4.9105077,9.369708
20488200, Gyroscope,-0.22402874,-0.23042448,0.05094005
20488196, Accelerometer,0.8858546,4.819528,9.894038
20488220, Gyroscope,-0.023054061,-0.10031018,0.04238794
20488214, Accelerometer,1.0247183,4.830302,9.1590185
20488240, Gyroscope,0.11255803,0.03163671,-0.019309448
20488236, Accelerometer,0.61770403,4.787206,8.279149
20488260, Gyroscope,0.12660792,0.03163671,-0.041300595
20488254, Accelerometer,0.2765303,4.832696,7.704541
20488280, Gyroscope,0.058801882,-0.08687115,-0.0064812778
20488276, Accelerometer,0.62368953,4.868609,7.884106
20488300, Gyroscope,0.058801882,-0.12535566,0.032614097
20488296, Accelerometer,0.89064306,4.8614264,7.991845
20488320, Gyroscope,-0.034049638,-0.031893276,0.029559772
20488316, Accelerometer,0.7613561,4.8219223,8.1558485
20488340, Gyroscope,-0.034049638,0.0511844,-0.008313874
20488336, Accelerometer,0.4285621,4.8027687,8.556877
20488362, Gyroscope,-0.021221466,0.043243147,-0.019920314
20488356, Accelerometer,0.5315128,4.8745947,8.4826565
20488380, Gyroscope,-0.0059498344,0.0010934491,0.0039034314
20488376, Accelerometer,0.6739678,4.88896,8.549694
20488400, Gyroscope,-0.029773578,-0.029449815,0.01428814
20488396, Accelerometer,0.7457938,4.831499,8.780735
20488420, Gyroscope,-0.023664927,-0.02883895,0.0039034314
20488416, Accelerometer,0.6560113,4.7907977,8.72088
20488440, Gyroscope,0.0374216,-0.0050152037,-0.0107573345
20488436, Accelerometer,0.5243302,4.8255134,8.054094
20488462, Gyroscope,0.05758015,-0.018454239,-0.019309448
20488456, Accelerometer,0.44532153,4.811148,8.066066
20488486, Gyroscope,-0.016334543,-0.045332313,0.008179488
20488476, Accelerometer,0.5674258,4.820725,8.364143
20488498, Accelerometer,0.6500258,4.8757915,8.323442
20488520, Gyroscope,0.0056566056,-0.009902125,0.010012084
20488518, Accelerometer,0.6440403,4.9164934,8.273164
20488540, Gyroscope,0.0056566056,0.040188827,0.012455545
20488538, Accelerometer,0.6607997,4.9105077,8.310274
20488560, Gyroscope,-0.0022846432,0.024306329,0.010622949
20488558, Accelerometer,0.5805939,4.8506527,8.470686
20488580, Gyroscope,0.006878335,-0.049608365,0.017342467
20488580, Accelerometer,0.7266402,4.914099,8.394072
20488600, Gyroscope,0.0044348743,-0.08687115,0.019175064
20488598, Accelerometer,0.93134445,4.9164934,8.311471
20488620, Gyroscope,-0.015112814,-0.029449815,0.005736027
20488620, Accelerometer,0.80086046,4.763264,8.446744
20488640, Gyroscope,7.696822E-4,0.0029260446,-0.016865987
20488638, Accelerometer,0.6667852,4.7285485,8.340201
20488662, Gyroscope,0.02031737,-0.027617218,-0.032137617
20488656, Accelerometer,0.60932434,4.722563,8.258799
20488680, Gyroscope,0.009932661,-0.033115007,-0.033970214
20488676, Accelerometer,0.60812724,4.7405195,8.285135
20488702, Gyroscope,-0.0071715647,-0.03433674,-0.030915888
20488694, Accelerometer,0.61411273,4.7644615,8.286332
20488720, Gyroscope,-0.0114476215,-0.047775768,-0.023585504
20488718, Accelerometer,0.63087213,4.83509,8.413225
20488738, Gyroscope,-0.016945409,-0.028228084,-0.0254181
20488736, Accelerometer,0.5614403,4.8698063,8.613141
20488764, Gyroscope,0.009321796,-1.282813E-4,-0.018087717
20488758, Accelerometer,0.58777654,4.8997335,8.402451
20488780, Gyroscope,0.032534674,4.8258388E-4,-0.016865987
20488778, Accelerometer,0.5554548,4.909311,8.404845
20488800, Gyroscope,0.026426023,-0.00929126,-0.013811661
20488798, Accelerometer,0.5363012,4.894945,8.305486
20488820, Gyroscope,0.024593426,-0.059993073,-0.009535603
20488818, Accelerometer,0.47524905,5.449203,7.811083
20488842, Gyroscope,0.061245345,-0.019065104,-0.010146469
20488838, Accelerometer,0.11971009,4.7644615,6.8988924
20488860, Gyroscope,0.085679956,0.3902146,0.09797668
20488856, Accelerometer,0.6751649,4.5872903,7.351396
20488880, Gyroscope,-0.115905575,0.18740734,0.06437909
20488876, Accelerometer,0.7541735,4.8135424,9.496601
20488900, Gyroscope,-0.30160862,-0.17361401,-0.017476853
20488896, Accelerometer,0.5590461,4.722563,10.474632
20488922, Gyroscope,-0.16355307,-0.2829589,0.02467285
20488914, Accelerometer,1.4640543,4.9524064,9.560047
20488940, Gyroscope,0.044141114,-0.080151625,0.08575937
20488936, Accelerometer,1.1875241,4.7429137,8.343793
20488958, Gyroscope,0.13332744,-0.0050152037,-0.021142043
20488954, Accelerometer,0.5554548,4.727351,7.8948803
20488980, Gyroscope,0.10828196,-0.07587557,-0.08955895
20488976, Accelerometer,0.32920274,4.7429137,7.715315
20488998, Gyroscope,0.07101919,-0.07343211,-0.028472425
20488994, Accelerometer,0.59136784,4.8542438,7.5549035
20489020, Gyroscope,0.03436727,-7.3914696E-4,0.0014599701
20489016, Accelerometer,0.676362,4.8757915,7.4603324
20489040, Gyroscope,-0.044434346,0.048130073,-9.834906E-4
20489034, Accelerometer,0.6799533,4.8614264,7.961918
20489060, Gyroscope,-0.09757962,0.047519207,-0.014422527
20489056, Accelerometer,0.5758055,4.784812,8.644265
20489080, Gyroscope,-0.07558847,0.0041477755,-0.019309448
20489074, Accelerometer,0.56982,4.8422728,9.01417
20489100, Gyroscope,-0.0206106,-0.02211943,-0.016255122
20489098, Accelerometer,0.7433996,4.914099,8.696938
20489120, Gyroscope,0.011765258,0.011478158,-0.010146469
20489116, Accelerometer,0.7529764,4.8542438,8.603564
20489140, Gyroscope,0.023982564,0.043243147,-0.021752909
20489138, Accelerometer,0.51834464,4.782418,8.671799
20489160, Gyroscope,0.05758015,0.014532484,-0.026639832
20489156, Accelerometer,0.39384618,4.7321396,8.359355
20489180, Gyroscope,0.07224092,-0.033115007,-0.015644256
20489178, Accelerometer,0.39983168,4.8219223,7.880515
20489200, Gyroscope,0.033756405,-0.035558462,0.0014599701
20489196, Accelerometer,0.6332663,4.8398786,7.8745294
20489220, Gyroscope,-0.02427579,-0.013567317,0.019785928
20489220, Accelerometer,0.7433996,4.829105,8.153454
20489240, Gyroscope,-0.059705973,-0.002571742,0.0069577573
20489238, Accelerometer,0.61890113,4.793192,8.591593
20489260, Gyroscope,-0.045656078,0.010867293,-0.007703008
20489258, Accelerometer,0.6536171,4.817134,8.652645
20489280, Gyroscope,0.0019914135,0.016975947,-0.005870413
20489278, Accelerometer,0.7182605,4.88058,8.42759
20489300, Gyroscope,0.023371698,0.014532484,-0.0034269514
20489296, Accelerometer,0.7493851,4.9105077,8.2995
20489320, Gyroscope,0.011765258,0.007812967,-0.005870413
20489318, Accelerometer,0.6536171,4.8027687,8.325836
20489340, Gyroscope,-0.009615026,0.008423832,-0.0070921425
20489338, Accelerometer,0.5805939,4.7788267,8.559271
20489360, Gyroscope,-0.0059498344,-0.038001925,-0.008313874
20489360, Accelerometer,0.6452374,4.7548847,8.392874
20489380, Gyroscope,0.010543527,-0.05632788,-0.005870413
20489378, Accelerometer,0.70509243,4.7860093,8.317456
20489402, Gyroscope,0.008710932,-0.042277984,-3.7262496E-4
20489398, Accelerometer,0.7433996,4.808754,8.248025
20489420, Gyroscope,0.009321796,-0.014789047,-0.0034269514
20489416, Accelerometer,0.700304,4.7919946,8.246828
20489440, Gyroscope,0.0062674694,0.021862868,-0.0113682
20489438, Accelerometer,0.5650316,4.757279,8.395268
20489460, Gyroscope,0.008100066,-0.013567317,-0.026028967
20489456, Accelerometer,0.5746084,4.8243165,8.379706
20489484, Gyroscope,0.006878335,-0.049608365,-0.022974638
20489476, Accelerometer,0.5770026,4.8757915,8.364143
20489504, Gyroscope,-0.004728104,-0.047775768,-0.0107573345
20489498, Accelerometer,0.6428431,4.9069166,8.341399
20489518, Accelerometer,0.6895301,4.8398786,8.402451
20489540, Gyroscope,-0.0041172393,-0.002571742,-0.0034269514
20489540, Accelerometer,0.50757074,4.7201686,8.699332
20489560, Gyroscope,0.1113363,-0.17666835,-0.022363774
20489558, Accelerometer,-0.37469256,4.346673,8.007407
20489580, Gyroscope,0.11316889,-0.15162286,0.017953333
20489576, Accelerometer,0.39743748,4.9643774,7.1407065
20489600, Gyroscope,-0.1721052,0.30225,0.06804428
20489596, Accelerometer,1.1252748,4.981137,9.096769
20489620, Gyroscope,-0.22219613,0.30835867,0.044220537
20489616, Accelerometer,0.6919243,4.6806645,9.307459
20489640, Gyroscope,-0.10246654,0.013921619,-0.008924739
20489634, Accelerometer,0.94690675,4.915296,9.668983
20489660, Gyroscope,-0.004728104,-0.03128241,-3.7262496E-4
20489656, Accelerometer,0.79607207,4.71538,9.272743
20489680, Gyroscope,0.0954538,-0.038001925,-0.0107573345
20489676, Accelerometer,0.5470751,4.7022123,8.090008
20489700, Gyroscope,0.1498208,-0.06976692,-0.022363774
20489696, Accelerometer,0.5566519,4.831499,7.4603324
20489720, Gyroscope,0.11011457,-0.08076249,-0.018698582
20489716, Accelerometer,0.48243165,4.811148,7.41604
20489740, Gyroscope,0.039254196,-0.031893276,-0.0046486817
20489734, Accelerometer,0.39384618,4.8123455,7.8050976
20489760, Gyroscope,-0.010836757,0.01758681,0.019785928
20489756, Accelerometer,0.45010993,4.8398786,8.103176
20489778, Gyroscope,-0.038325693,-1.282813E-4,0.04360967
20489774, Accelerometer,0.760159,4.9045224,8.503007
20489800, Gyroscope,-0.06031684,0.0010934491,0.060713902
20489796, Accelerometer,0.9983821,4.8279076,8.711303
20489820, Gyroscope,-0.04382348,0.043854013,0.042998806
20489816, Accelerometer,0.8439561,4.7285485,8.841787
20489840, Gyroscope,-0.01938887,0.0029260446,-0.0113682
20489836, Accelerometer,0.58538234,4.6902413,8.917204
20489860, Gyroscope,0.020928236,-0.052051827,-0.032137617
20489856, Accelerometer,0.7110779,4.7297454,8.474277
20489880, Gyroscope,0.059412748,-0.06060394,-0.016255122
20489878, Accelerometer,0.770933,4.689044,8.206126
20489900, Gyroscope,0.048417173,-0.014789047,-0.01258993
20489898, Accelerometer,0.7015011,4.698621,8.079233
20489920, Gyroscope,0.03864333,-0.009902125,-0.024807235
20489918, Accelerometer,0.6799533,4.770447,8.086416
20489940, Gyroscope,0.022760833,-0.0208977,-0.030305022
20489938, Accelerometer,0.6607997,4.7896004,8.1402855
20489964, Gyroscope,-0.0016737785,0.011478158,-0.042522326
20489958, Accelerometer,0.5542577,4.829105,8.215703
20489980, Gyroscope,-0.012669353,0.009034697,-0.038857132
20489976, Accelerometer,0.5434838,4.859032,8.34499
20490000, Gyroscope,-0.010836757,-0.0050152037,-0.02786156
20489994, Accelerometer,0.62608373,4.9069166,8.566454
20490020, Gyroscope,0.014208717,0.015754215,-0.030305022
20490018, Accelerometer,0.62009823,4.9045224,8.47308
20490042, Gyroscope,0.030091213,0.040799692,-0.036413677
20490040, Accelerometer,0.48722005,4.8662148,8.230068
20490060, Gyroscope,0.030702079,0.026138924,-0.03458108
20490058, Accelerometer,0.46208093,4.8841715,8.167819
20490080, Gyroscope,0.0019914135,-0.0208977,-0.029694157
20490078, Accelerometer,0.51355624,4.8374844,8.422802
20490100, Gyroscope,-0.027940985,-0.034947604,-0.024807235
20490100, Accelerometer,0.47644615,4.8003745,8.4347725
20490120, Gyroscope,0.0032131448,-0.012956452,-0.0064812778
20490118, Accelerometer,0.60094464,4.83509,8.238448
20490140, Gyroscope,0.010543527,0.012699889,0.002681701
20490138, Accelerometer,0.60573304,4.830302,8.293514
20490160, Gyroscope,7.696822E-4,0.026138924,0.0051251617
20490156, Accelerometer,0.5602432,4.736928,8.613141
20490180, Gyroscope,0.032534674,0.014532484,2.3823977E-4
20490178, Accelerometer,-0.23702596,4.656722,7.4363904
20490200, Gyroscope,0.31047836,0.42808825,0.030781502
20490196, Accelerometer,1.1504139,4.8745947,5.9783216
20490220, Gyroscope,0.107671104,0.5307136,0.07842899
20490216, Accelerometer,0.40821138,4.6950297,8.121132
20490240, Gyroscope,-0.26801103,-0.06610172,-0.12071308
20490236, Accelerometer,0.038307227,4.8973393,10.296265
20490260, Gyroscope,-0.32054543,-0.300674,-0.04496579
20490256, Accelerometer,0.7745243,4.999093,10.0987425
20490280, Gyroscope,-0.08719491,-0.1772792,0.09370062
20490276, Accelerometer,1.0821792,4.892551,9.202114
20490300, Gyroscope,0.069797456,-0.042277984,0.051550917
20490294, Accelerometer,0.60214174,4.820725,8.565256
20490320, Gyroscope,0.15898378,-0.02211943,-0.04496579
20490316, Accelerometer,0.16519992,4.8614264,7.7081323
20490338, Gyroscope,0.18708357,-0.046554036,-0.05657223
20490334, Accelerometer,0.18674773,4.921282,7.025785
20490360, Gyroscope,0.09239947,-0.10153191,-0.0015943563
20490356, Accelerometer,0.49320555,4.909311,7.2963295
20490382, Gyroscope,-0.10002308,-0.10031018,0.061324768
20490374, Accelerometer,0.6691794,4.7979803,8.14268
20490400, Gyroscope,-0.11346211,-0.016621644,0.058881305
20490396, Accelerometer,0.60453594,4.733337,8.787917
20490420, Gyroscope,-0.06031684,0.049351804,0.008179488
20490414, Accelerometer,0.50397944,4.757279,8.655039
20490440, Gyroscope,0.015430449,0.01758681,-0.0070921425
20490436, Accelerometer,0.49440265,4.8458643,8.470686
20490460, Gyroscope,-0.022443196,-0.04288885,-3.7262496E-4
20490456, Accelerometer,0.58897364,4.871003,8.542512
20490480, Gyroscope,-0.038325693,-0.059382208,0.01428814
20490476, Accelerometer,0.62728083,4.817134,8.616732
20490500, Gyroscope,-0.023054061,-0.02883895,0.01428814
20490498, Accelerometer,0.48602295,4.7381253,8.662222
20490522, Gyroscope,0.025204292,-0.0031826077,0.009401219
20490518, Accelerometer,0.41180268,4.7297454,8.445546
20490540, Gyroscope,0.061245345,-0.0056260685,0.015509871
20490538, Accelerometer,0.44771573,4.8279076,7.9906483
20490560, Gyroscope,0.048417173,0.005980371,0.019175064
20490560, Accelerometer,0.46926352,4.882974,8.000225
20490580, Gyroscope,0.0135978535,0.013921619,0.026505446
20490578, Accelerometer,0.48722005,4.9105077,8.158242
20490598, Gyroscope,-0.012058487,-0.023952026,0.028948907
20490596, Accelerometer,0.49559975,4.9296613,8.274361
20490620, Gyroscope,-0.03099531,-0.027617218,0.03994448
20490618, Accelerometer,0.6428431,4.8698063,8.449138
20490640, Gyroscope,-0.019999735,0.0010934491,0.053383514
20490636, Accelerometer,0.7553706,4.8015714,8.377312
20490662, Gyroscope,-0.010836757,-0.014789047,0.04360967
20490656, Accelerometer,0.81522566,4.787206,8.649054
20490682, Gyroscope,-0.0059498344,-0.03739106,0.013677275
20490676, Accelerometer,0.7433996,4.746505,8.605958
20490700, Gyroscope,0.042919382,-0.010512991,-0.0034269514
20490698, Accelerometer,0.6823475,4.7776294,8.204929
20490720, Gyroscope,0.056969285,-0.0013500117,-0.0070921425
20490716, Accelerometer,0.78170687,4.799177,8.028955
20490740, Gyroscope,0.016041314,-0.036780193,-0.010146469
20490738, Accelerometer,0.7649474,4.811148,8.283937
20490760, Gyroscope,-0.021832332,-0.042277984,-0.022974638
20490756, Accelerometer,0.5662287,4.783615,8.550891
20490784, Gyroscope,-0.0010629129,-0.015399912,-0.032748483
20490776, Accelerometer,0.46447513,4.787206,8.531737
20490800, Gyroscope,0.04169765,-0.014178183,-0.028472425
20490796, Accelerometer,0.58538234,4.88896,8.139089
20490820, Gyroscope,0.03986506,-0.03433674,-0.019920314
20490818, Accelerometer,0.5793968,4.8698063,8.143877
20490840, Gyroscope,-0.013891082,-0.05021923,-0.019309448
20490836, Accelerometer,0.15083471,4.9440265,8.327033
20490860, Gyroscope,0.2023552,-0.16139671,-0.04313319
20490856, Accelerometer,0.5710171,5.097255,6.673837
20490880, Gyroscope,0.16753589,0.38105163,0.06437909
20490876, Accelerometer,0.7290344,4.9200845,7.076063
20490898, Gyroscope,-0.17027259,0.19718118,0.02345112
20490894, Accelerometer,0.23942018,4.7620673,9.599552
20490920, Gyroscope,-0.2631241,-0.24997216,0.0032925662
20490916, Accelerometer,0.7541735,4.9404354,10.512939
20490940, Gyroscope,0.01665218,-0.07343211,0.05704871
20490934, Accelerometer,1.0079589,4.8602295,9.174581
20490960, Gyroscope,0.17181195,0.0371345,0.0032925662
20490956, Accelerometer,0.6739678,4.8458643,7.811083
20490980, Gyroscope,0.11194716,-0.008680395,-0.050463572
20490976, Accelerometer,0.2837129,4.7896004,7.60997
20491000, Gyroscope,0.02825862,-0.074042976,-0.01503339
20490996, Accelerometer,0.36391866,4.7764325,7.643489
20491020, Gyroscope,-0.02427579,-0.062436536,0.03200323
20491016, Accelerometer,0.7469909,4.8398786,7.9224133
20491040, Gyroscope,-0.028551849,0.0010934491,0.02711631
20491038, Accelerometer,0.7206547,4.7740383,8.264784
20491060, Gyroscope,-0.009004161,0.06767776,0.002681701
20491056, Accelerometer,0.6560113,4.867412,8.158242
20491082, Gyroscope,-0.021832332,0.03041498,-0.002205221
20491078, Accelerometer,0.6380547,4.8985367,8.661025
20491100, Gyroscope,-0.07070155,-0.0037934734,0.002681701
20491096, Accelerometer,0.6512229,4.832696,8.92319
20491120, Gyroscope,-0.029162714,-0.031893276,0.007568623
20491114, Accelerometer,0.7074866,4.784812,8.838196
20491140, Gyroscope,0.034978136,-0.019065104,-0.010146469
20491136, Accelerometer,0.6715736,4.820725,8.261193
20491160, Gyroscope,0.06735399,-0.014178183,-0.019309448
20491156, Accelerometer,0.533907,4.783615,8.067263
20491180, Gyroscope,0.03192381,-0.017843373,-0.019920314
20491176, Accelerometer,0.5315128,4.7644615,8.141483
20491200, Gyroscope,0.008710932,-0.042277984,-0.019309448
20491196, Accelerometer,0.5686229,4.7860093,8.224083
20491220, Gyroscope,0.006878335,-0.028228084,-0.01503339
20491216, Accelerometer,0.5386954,4.8027687,8.265982
20491240, Gyroscope,0.011154393,-0.01173472,-0.018698582
20491236, Accelerometer,0.5446809,4.8961425,8.2276745
20491260, Gyroscope,0.014208717,0.0041477755,-0.008924739
20491256, Accelerometer,0.7086837,4.939238,8.11395
20491280, Gyroscope,1.5881844E-4,0.041410558,2.3823977E-4
20491276, Accelerometer,0.56982,4.8745947,8.198944
20491300, Gyroscope,-0.03099531,0.049351804,-0.0107573345
20491296, Accelerometer,0.49919105,4.830302,8.415619
20491320, Gyroscope,-0.038325693,-0.01173472,-0.0107573345
20491316, Accelerometer,0.58298814,4.8398786,8.671799
20491340, Gyroscope,-0.027940985,-0.03861279,-0.0113682
20491336, Accelerometer,0.5434838,4.8039656,8.634688
20491360, Gyroscope,0.012986988,0.009034697,-0.0046486817
20491356, Accelerometer,0.5303157,4.8279076,8.282741
20491380, Gyroscope,0.027647754,0.0017043143,-0.0034269514
20491376, Accelerometer,0.49440265,4.7788267,9.24521
20491400, Gyroscope,0.27565902,0.19962464,-0.022974638
20491396, Accelerometer,0.760159,5.032612,5.4887075
20491422, Gyroscope,0.10828196,0.28148058,-0.042522326
20491414, Accelerometer,0.033518825,4.9895163,6.009446
20491440, Gyroscope,-0.45371407,-0.345878,-0.046798386
20491436, Accelerometer,-0.12689269,4.9416323,9.953894
20491460, Gyroscope,-0.38407543,-0.39230376,0.08148331
20491454, Accelerometer,0.7745243,4.8039656,11.292253
20491480, Gyroscope,0.08079303,-0.01967597,0.14379157
20491476, Accelerometer,1.2785037,4.8219223,8.920795
20491500, Gyroscope,0.26466346,0.17519003,0.019785928
20491496, Accelerometer,0.6344634,4.894945,7.171831
20491520, Gyroscope,0.11500149,0.046297476,-0.04924185
20491516, Accelerometer,0.010773907,4.831499,7.339425
20491540, Gyroscope,-0.041380018,-0.11863614,0.034446694
20491536, Accelerometer,0.45130703,4.8219223,7.9248075
20491560, Gyroscope,-0.07986453,-0.12413392,0.104085326
20491556, Accelerometer,1.0426749,4.775235,8.346188
20491580, Gyroscope,-0.043212615,-0.006236934,0.0747638
20491576, Accelerometer,1.0869676,4.722563,8.439561
20491602, Gyroscope,0.010543527,0.085392855,0.013677275
20491598, Accelerometer,0.6907272,4.757279,8.401254
20491620, Gyroscope,0.0062674694,0.033469304,-0.018698582
20491616, Accelerometer,0.70509243,4.782418,8.708909
20491642, Gyroscope,-0.01816714,-0.06488,-0.023585504
20491638, Accelerometer,0.7326257,4.775235,8.76637
20491660, Gyroscope,0.0019914135,-0.07159951,-0.032137617
20491656, Accelerometer,0.6775591,4.736928,8.359355
20491678, Gyroscope,0.03192381,-0.015399912,-0.043744057
20491674, Accelerometer,0.45609543,4.722563,8.319851
20491700, Gyroscope,0.033756405,-0.0056260685,-0.061459154
20491696, Accelerometer,0.4213795,4.8015714,8.154651
20491720, Gyroscope,0.0514715,-0.03861279,-0.06817867
20491714, Accelerometer,0.39624038,4.9021277,8.028955
20491740, Gyroscope,0.03864333,-0.002571742,-0.059626557
20491736, Accelerometer,0.41299978,4.975151,7.9846625
20491760, Gyroscope,0.0135978535,0.033469304,-0.040078864
20491754, Accelerometer,0.39983168,4.997896,8.221688
20491780, Gyroscope,-0.009615026,0.03957796,-0.017476853
20491776, Accelerometer,0.320823,4.947618,8.192958
20491800, Gyroscope,-0.031606175,-0.01173472,-0.0028160866
20491796, Accelerometer,0.38067806,4.8865657,8.714894
20491820, Gyroscope,-0.04993213,-0.03861279,0.02467285
20491816, Accelerometer,0.61411273,4.8255134,8.693346
20491840, Gyroscope,0.008710932,-0.019065104,0.038111888
20491836, Accelerometer,0.6979098,4.799177,8.214506
20491862, Gyroscope,0.028869485,0.015754215,0.0069577573
20491856, Accelerometer,0.59376204,4.781221,8.094796
20491880, Gyroscope,-0.0016737785,-0.006236934,-3.7262496E-4
20491876, Accelerometer,0.60693014,4.782418,8.127118
20491900, Gyroscope,-0.025497522,0.020641137,0.002681701
20491894, Accelerometer,0.49679685,4.7536874,8.422802
20491920, Gyroscope,-0.012669353,0.034691036,0.011233814
20491916, Accelerometer,0.5434838,4.8135424,8.536526
20491942, Gyroscope,0.019095639,-0.009902125,0.012455545
20491934, Accelerometer,0.6967127,4.914099,8.459911
20491960, Gyroscope,0.030091213,-0.002571742,0.0032925662
20491956, Accelerometer,0.79487497,4.9416323,8.222886
20491980, Gyroscope,0.0019914135,0.029804116,-0.019920314
20491974, Accelerometer,0.6512229,4.8638206,8.356961
20492002, Gyroscope,-0.008393296,-0.00929126,-0.021752909
20491996, Accelerometer,0.5793968,4.8279076,8.66701
20492020, Gyroscope,0.0374216,-0.05754961,-0.02786156
20492014, Accelerometer,0.63087213,4.8722005,8.492233
20492040, Gyroscope,0.06491054,-0.047164902,-0.032137617
20492038, Accelerometer,0.61411273,4.8877625,8.330625
20492062, Gyroscope,0.07346265,4.8258388E-4,-0.03335935
20492056, Accelerometer,0.5734113,4.88058,3.3602622
20492082, Gyroscope,0.039254196,0.04446488,-0.03580281
20492078, Accelerometer,0.029927522,4.921282,9.455899
20492100, Gyroscope,-0.6357519,-0.26280034,0.07170947
20492096, Accelerometer,0.6895301,4.1419687,12.671312
20492120, Gyroscope,-0.0071715647,-0.1406273,0.05827044
20492116, Accelerometer,1.1061212,4.973954,8.303091
20492140, Gyroscope,0.43937093,0.34501058,0.022840254
20492136, Accelerometer,0.29688102,5.161899,6.682217
