timestamp,action,key
327809504,ACTION_DOWN,C
327809504,ACTION_UP,C
327810272,ACTION_DOWN,Y
327810272,ACTION_UP,Y
327810784,ACTION_DOWN,B
327810784,ACTION_UP,B
327811488,ACTION_DOWN,E
327811488,ACTION_UP,E
327812192,ACTION_DOWN,R
327812192,ACTION_UP,R
327813600,ACTION_DOWN,C
327813600,ACTION_UP,C
327814656,ACTION_DOWN,Y
327814656,ACTION_UP,Y
327815392,ACTION_DOWN,B
327815392,ACTION_UP,B
327816192,ACTION_DOWN,E
327816192,ACTION_UP,E
327816928,ACTION_DOWN,R
327816928,ACTION_UP,R
327818240,ACTION_DOWN,C
327818240,ACTION_UP,C
327818976,ACTION_DOWN,Y
327818976,ACTION_UP,Y
327819552,ACTION_DOWN,B
327819552,ACTION_UP,B
327820352,ACTION_DOWN,E
327820352,ACTION_UP,E
327820800,ACTION_DOWN,R
327820800,ACTION_UP,R
327822208,ACTION_DOWN,C
327822208,ACTION_UP,C
327822816,ACTION_DOWN,Y
327822816,ACTION_UP,Y
327823264,ACTION_DOWN,B
327823264,ACTION_UP,B
327823872,ACTION_DOWN,E
327823872,ACTION_UP,E
327824256,ACTION_DOWN,R
327824256,ACTION_UP,R
327825856,ACTION_DOWN,C
327825856,ACTION_UP,C
327826752,ACTION_DOWN,Y
327826752,ACTION_UP,Y
327827424,ACTION_DOWN,B
327827424,ACTION_UP,B
327828064,ACTION_DOWN,E
327828064,ACTION_UP,E
327828768,ACTION_DOWN,R
327828768,ACTION_UP,R
327830464,ACTION_DOWN,C
327830464,ACTION_UP,C
327831136,ACTION_DOWN,Y
327831136,ACTION_UP,Y
327831616,ACTION_DOWN,B
327831616,ACTION_UP,B
327832448,ACTION_DOWN,E
327832448,ACTION_UP,E
327833120,ACTION_DOWN,R
327833120,ACTION_UP,R
327834688,ACTION_DOWN,C
327834688,ACTION_UP,C
327835328,ACTION_DOWN,Y
327835328,ACTION_UP,Y
327835904,ACTION_DOWN,B
327835904,ACTION_UP,B
327836640,ACTION_DOWN,E
327836640,ACTION_UP,E
327837280,ACTION_DOWN,R
327837280,ACTION_UP,R
327838848,ACTION_DOWN,C
327838848,ACTION_UP,C
327839616,ACTION_DOWN,Y
327839616,ACTION_UP,Y
327840224,ACTION_DOWN,B
327840224,ACTION_UP,B
327841024,ACTION_DOWN,E
327841024,ACTION_UP,E
327841696,ACTION_DOWN,R
327841696,ACTION_UP,R
327843616,ACTION_DOWN,C
327843616,ACTION_UP,C
327844160,ACTION_DOWN,Y
327844160,ACTION_UP,Y
327844576,ACTION_DOWN,B
327844576,ACTION_UP,B
327845280,ACTION_DOWN,E
327845280,ACTION_UP,E
327845792,ACTION_DOWN,R
327845792,ACTION_UP,R
327847744,ACTION_DOWN,C
327847744,ACTION_UP,C
327848416,ACTION_DOWN,Y
327848416,ACTION_UP,Y
327849056,ACTION_DOWN,B
327849056,ACTION_UP,B
327849824,ACTION_DOWN,E
327849824,ACTION_UP,E
327850432,ACTION_DOWN,R
327850432,ACTION_UP,R
327852416,ACTION_DOWN,C
327852416,ACTION_UP,C
327853120,ACTION_DOWN,Y
327853120,ACTION_UP,Y
327853632,ACTION_DOWN,B
327853632,ACTION_UP,B
327854368,ACTION_DOWN,E
327854368,ACTION_UP,E
327855008,ACTION_DOWN,R
327855008,ACTION_UP,R
327856608,ACTION_DOWN,C
327856640,ACTION_UP,C
327857376,ACTION_DOWN,Y
327857376,ACTION_UP,Y
327858080,ACTION_DOWN,B
327858080,ACTION_UP,B
327858816,ACTION_DOWN,E
327858816,ACTION_UP,E
327859392,ACTION_DOWN,R
327859392,ACTION_UP,R
327861024,ACTION_DOWN,C
327861024,ACTION_UP,C
327861536,ACTION_DOWN,Y
327861536,ACTION_UP,Y
327861920,ACTION_DOWN,B
327861920,ACTION_UP,B
327862624,ACTION_DOWN,E
327862624,ACTION_UP,E
327863104,ACTION_DOWN,R
327863104,ACTION_UP,R
327864832,ACTION_DOWN,C
327864832,ACTION_UP,C
327865440,ACTION_DOWN,Y
327865504,ACTION_UP,Y
327865920,ACTION_DOWN,B
327865920,ACTION_UP,B
327866560,ACTION_DOWN,E
327866560,ACTION_UP,E
327867104,ACTION_DOWN,R
327867104,ACTION_UP,R
327868800,ACTION_DOWN,C
327868800,ACTION_UP,C
327869408,ACTION_DOWN,Y
327869408,ACTION_UP,Y
327869856,ACTION_DOWN,B
327869856,ACTION_UP,B
327870464,ACTION_DOWN,E
327870464,ACTION_UP,E
327870816,ACTION_DOWN,R
327870816,ACTION_UP,R
327872544,ACTION_DOWN,C
327872544,ACTION_UP,C
327873152,ACTION_DOWN,Y
327873152,ACTION_UP,Y
327873536,ACTION_DOWN,B
327873536,ACTION_UP,B
327874272,ACTION_DOWN,E
327874272,ACTION_UP,E
327874720,ACTION_DOWN,R
327874720,ACTION_UP,R
327876352,ACTION_DOWN,C
327876352,ACTION_UP,C
327877056,ACTION_DOWN,Y
327877056,ACTION_UP,Y
327877440,ACTION_DOWN,B
327877472,ACTION_UP,B
327878080,ACTION_DOWN,E
327878080,ACTION_UP,E
327878496,ACTION_DOWN,R
327878496,ACTION_UP,R
327880032,ACTION_DOWN,C
327880032,ACTION_UP,C
327880640,ACTION_DOWN,Y
327880640,ACTION_UP,Y
327881344,ACTION_DOWN,B
327881344,ACTION_UP,B
327882016,ACTION_DOWN,E
327882016,ACTION_UP,E
327882528,ACTION_DOWN,R
327882528,ACTION_UP,R
327884448,ACTION_DOWN,C
327884448,ACTION_UP,C
327885472,ACTION_DOWN,Y
327885472,ACTION_UP,Y
327886432,ACTION_DOWN,B
327886432,ACTION_UP,B
327887360,ACTION_DOWN,E
327887360,ACTION_UP,E
327888352,ACTION_DOWN,R
327888352,ACTION_UP,R
327890688,ACTION_DOWN,C
327890688,ACTION_UP,C
327891552,ACTION_DOWN,Y
327891552,ACTION_UP,Y
327892384,ACTION_DOWN,B
327892384,ACTION_UP,B
327893248,ACTION_DOWN,E
327893248,ACTION_UP,E
327894080,ACTION_DOWN,T
327894112,ACTION_UP,T
327895680,ACTION_DOWN,C
327895680,ACTION_UP,C
327896736,ACTION_DOWN,Y
327896736,ACTION_UP,Y
327897344,ACTION_DOWN,B
327897344,ACTION_UP,B
327898176,ACTION_DOWN,E
327898176,ACTION_UP,E
327898880,ACTION_DOWN,R
327898880,ACTION_UP,R
327900256,ACTION_DOWN,C
327900256,ACTION_UP,C
327900928,ACTION_DOWN,Y
327900928,ACTION_UP,Y
327901632,ACTION_DOWN,B
327901632,ACTION_UP,B
327902336,ACTION_DOWN,E
327902336,ACTION_UP,E
327903072,ACTION_DOWN,R
327903072,ACTION_UP,R
327904352,ACTION_DOWN,C
327904352,ACTION_UP,C
327904992,ACTION_DOWN,Y
327904992,ACTION_UP,Y
327905440,ACTION_DOWN,B
327905440,ACTION_UP,B
327906272,ACTION_DOWN,E
327906272,ACTION_UP,E
327906720,ACTION_DOWN,R
327906720,ACTION_UP,R
327908096,ACTION_DOWN,C
327908096,ACTION_UP,C
327908640,ACTION_DOWN,Y
327908640,ACTION_UP,Y
327909056,ACTION_DOWN,B
327909088,ACTION_UP,B
327909824,ACTION_DOWN,E
327909824,ACTION_UP,E
327910368,ACTION_DOWN,R
327910368,ACTION_UP,R
327912128,ACTION_DOWN,C
327912128,ACTION_UP,C
327912864,ACTION_DOWN,Y
327912864,ACTION_UP,Y
327913408,ACTION_DOWN,B
327913408,ACTION_UP,B
327914240,ACTION_DOWN,E
327914240,ACTION_UP,E
327914816,ACTION_DOWN,R
327914816,ACTION_UP,R
327916512,ACTION_DOWN,C
327916512,ACTION_UP,C
327917152,ACTION_DOWN,Y
327917152,ACTION_UP,Y
327917696,ACTION_DOWN,B
327917696,ACTION_UP,B
327918432,ACTION_DOWN,E
327918432,ACTION_UP,E
327918848,ACTION_DOWN,R
327918880,ACTION_UP,R
327920352,ACTION_DOWN,C
327920352,ACTION_UP,C
327920992,ACTION_DOWN,Y
327920992,ACTION_UP,Y
327921312,ACTION_DOWN,B
327921312,ACTION_UP,B
327921920,ACTION_DOWN,E
327921920,ACTION_UP,E
327922272,ACTION_DOWN,R
327922272,ACTION_UP,R
327924096,ACTION_DOWN,C
327924096,ACTION_UP,C
327924576,ACTION_DOWN,Y
327924576,ACTION_UP,Y
327924960,ACTION_DOWN,B
327924960,ACTION_UP,B
327925632,ACTION_DOWN,E
327925632,ACTION_UP,E
327926080,ACTION_DOWN,R
327926080,ACTION_UP,R
327927520,ACTION_DOWN,C
327927520,ACTION_UP,C
327928096,ACTION_DOWN,Y
327928096,ACTION_UP,Y
327928512,ACTION_DOWN,B
327928512,ACTION_UP,B
327929152,ACTION_DOWN,E
327929152,ACTION_UP,E
327929504,ACTION_DOWN,R
327929504,ACTION_UP,R
327930752,ACTION_DOWN,C
327930752,ACTION_UP,C
327931616,ACTION_DOWN,Y
327931616,ACTION_UP,Y
327932096,ACTION_DOWN,B
327932096,ACTION_UP,B
327932672,ACTION_DOWN,E
327932672,ACTION_UP,E
327933088,ACTION_DOWN,R
327933088,ACTION_UP,R
327934976,ACTION_DOWN,C
327934976,ACTION_UP,C
327935520,ACTION_DOWN,Y
327935520,ACTION_UP,Y
327936032,ACTION_DOWN,B
327936032,ACTION_UP,B
327936704,ACTION_DOWN,E
327936704,ACTION_UP,E
327937120,ACTION_DOWN,R
327937120,ACTION_UP,R
327938528,ACTION_DOWN,C
327938528,ACTION_UP,C
327939232,ACTION_DOWN,Y
327939232,ACTION_UP,Y
327939808,ACTION_DOWN,B
327939808,ACTION_UP,B
327940448,ACTION_DOWN,E
327940448,ACTION_UP,E
327940992,ACTION_DOWN,R
327940992,ACTION_UP,R
327943360,ACTION_DOWN,C
327943360,ACTION_UP,C
327944000,ACTION_DOWN,Y
327944000,ACTION_UP,Y
327944512,ACTION_DOWN,B
327944512,ACTION_UP,B
327945248,ACTION_DOWN,E
327945248,ACTION_UP,E
327945728,ACTION_DOWN,R
327945728,ACTION_UP,R
327947392,ACTION_DOWN,C
327947392,ACTION_UP,C
327948000,ACTION_DOWN,Y
327948000,ACTION_UP,Y
327948448,ACTION_DOWN,B
327948448,ACTION_UP,B
327949120,ACTION_DOWN,E
327949120,ACTION_UP,E
327949568,ACTION_DOWN,R
327949568,ACTION_UP,R
327951712,ACTION_DOWN,C
327951712,ACTION_UP,C
327952320,ACTION_DOWN,Y
327952320,ACTION_UP,Y
327952704,ACTION_DOWN,B
327952704,ACTION_UP,B
327953312,ACTION_DOWN,E
327953312,ACTION_UP,E
327953664,ACTION_DOWN,R
327953664,ACTION_UP,R
327955904,ACTION_DOWN,C
327955904,ACTION_UP,C
327956512,ACTION_DOWN,Y
327956512,ACTION_UP,Y
327957024,ACTION_DOWN,B
327957024,ACTION_UP,B
327957632,ACTION_DOWN,E
327957632,ACTION_UP,E
327957952,ACTION_DOWN,R
327957952,ACTION_UP,R
327960480,ACTION_DOWN,C
327960480,ACTION_UP,C
327961152,ACTION_DOWN,Y
327961152,ACTION_UP,Y
327961632,ACTION_DOWN,B
327961632,ACTION_UP,B
327962272,ACTION_DOWN,E
327962272,ACTION_UP,E
327962688,ACTION_DOWN,R
327962720,ACTION_UP,R
327965504,ACTION_DOWN,C
327965504,ACTION_UP,C
327966112,ACTION_DOWN,Y
327966112,ACTION_UP,Y
327966528,ACTION_DOWN,B
327966528,ACTION_UP,B
327967104,ACTION_DOWN,E
327967104,ACTION_UP,E
327967456,ACTION_DOWN,R
327967488,ACTION_UP,R
327970048,ACTION_DOWN,C
327970048,ACTION_UP,C
327970624,ACTION_DOWN,Y
327970624,ACTION_UP,Y
327971040,ACTION_DOWN,B
327971040,ACTION_UP,B
327971584,ACTION_DOWN,E
327971584,ACTION_UP,E
327971808,ACTION_DOWN,R
327971808,ACTION_UP,R
327973376,ACTION_DOWN,C
327973376,ACTION_UP,C
327973760,ACTION_DOWN,Y
327973760,ACTION_UP,Y
327974304,ACTION_DOWN,B
327974304,ACTION_UP,B
327974848,ACTION_DOWN,E
327974848,ACTION_UP,E
327975232,ACTION_DOWN,R
327975232,ACTION_UP,R
327978016,ACTION_DOWN,C
327978016,ACTION_UP,C
327978560,ACTION_DOWN,Y
327978560,ACTION_UP,Y
327979008,ACTION_DOWN,B
327979008,ACTION_UP,B
327979552,ACTION_DOWN,E
327979552,ACTION_UP,E
327979904,ACTION_DOWN,R
327979904,ACTION_UP,R
327981952,ACTION_DOWN,C
327981952,ACTION_UP,C
327982624,ACTION_DOWN,Y
327982624,ACTION_UP,Y
327983072,ACTION_DOWN,B
327983072,ACTION_UP,B
327983648,ACTION_DOWN,E
327983648,ACTION_UP,E
327984064,ACTION_DOWN,R
327984064,ACTION_UP,R
327986464,ACTION_DOWN,C
327986464,ACTION_UP,C
327986976,ACTION_DOWN,Y
327986976,ACTION_UP,Y
327987456,ACTION_DOWN,B
327987456,ACTION_UP,B
327988128,ACTION_DOWN,E
327988128,ACTION_UP,E
327988608,ACTION_DOWN,R
327988608,ACTION_UP,R
327990176,ACTION_DOWN,C
327990176,ACTION_UP,C
327990816,ACTION_DOWN,Y
327990816,ACTION_UP,Y
327991232,ACTION_DOWN,B
327991232,ACTION_UP,B
327991808,ACTION_DOWN,E
327991808,ACTION_UP,E
327992256,ACTION_DOWN,R
327992256,ACTION_UP,R
327994336,ACTION_DOWN,C
327994336,ACTION_UP,C
327994784,ACTION_DOWN,Y
327994784,ACTION_UP,Y
327995136,ACTION_DOWN,B
327995136,ACTION_UP,B
327995776,ACTION_DOWN,E
327995776,ACTION_UP,E
327996160,ACTION_DOWN,R
327996160,ACTION_UP,R
327997888,ACTION_DOWN,C
327997888,ACTION_UP,C
327998496,ACTION_DOWN,Y
327998496,ACTION_UP,Y
327998976,ACTION_DOWN,B
327998976,ACTION_UP,B
327999616,ACTION_DOWN,E
327999616,ACTION_UP,E
328000000,ACTION_DOWN,R
328000000,ACTION_UP,R
328001408,ACTION_DOWN,C
328001408,ACTION_UP,C
328001952,ACTION_DOWN,Y
328001952,ACTION_UP,Y
328002528,ACTION_DOWN,B
328002528,ACTION_UP,B
328003136,ACTION_DOWN,E
328003136,ACTION_UP,E
328003520,ACTION_DOWN,R
328003520,ACTION_UP,R
328005088,ACTION_DOWN,C
328005088,ACTION_UP,C
328005792,ACTION_DOWN,Y
328005792,ACTION_UP,Y
328006272,ACTION_DOWN,B
328006272,ACTION_UP,B
328006944,ACTION_DOWN,E
328006944,ACTION_UP,E
328007392,ACTION_DOWN,R
328007392,ACTION_UP,R
328009408,ACTION_DOWN,C
328009408,ACTION_UP,C
328009984,ACTION_DOWN,Y
328009984,ACTION_UP,Y
328010400,ACTION_DOWN,B
328010400,ACTION_UP,B
328011008,ACTION_DOWN,E
328011008,ACTION_UP,E
328011456,ACTION_DOWN,R
328011456,ACTION_UP,R
328012896,ACTION_DOWN,C
328012896,ACTION_UP,C
328013472,ACTION_DOWN,Y
328013472,ACTION_UP,Y
328013888,ACTION_DOWN,B
328013888,ACTION_UP,B
328014432,ACTION_DOWN,E
328014432,ACTION_UP,E
328014848,ACTION_DOWN,R
328014880,ACTION_UP,R
328016384,ACTION_DOWN,C
328016384,ACTION_UP,C
328017024,ACTION_DOWN,Y
328017024,ACTION_UP,Y
328017472,ACTION_DOWN,B
328017472,ACTION_UP,B
328018112,ACTION_DOWN,E
328018112,ACTION_UP,E
328018528,ACTION_DOWN,R
328018528,ACTION_UP,R
328019776,ACTION_DOWN,C
328019776,ACTION_UP,C
328020448,ACTION_DOWN,A
328020448,ACTION_UP,A
328021088,ACTION_DOWN,C
328021088,ACTION_UP,C
328021664,ACTION_DOWN,H
328021664,ACTION_UP,H
328022176,ACTION_DOWN,E
328022208,ACTION_UP,E
328023520,ACTION_DOWN,C
328023520,ACTION_UP,C
328024064,ACTION_DOWN,A
328024064,ACTION_UP,A
328024672,ACTION_DOWN,C
328024672,ACTION_UP,C
328025088,ACTION_DOWN,H
328025088,ACTION_UP,H
328025792,ACTION_DOWN,E
328025792,ACTION_UP,E
328027360,ACTION_DOWN,C
328027360,ACTION_UP,C
328028128,ACTION_DOWN,A
328028128,ACTION_UP,A
328028704,ACTION_DOWN,H
328028736,ACTION_UP,H
328030720,ACTION_DOWN,C
328030720,ACTION_UP,C
328031200,ACTION_DOWN,A
328031200,ACTION_UP,A
328031648,ACTION_DOWN,C
328031648,ACTION_UP,C
328032032,ACTION_DOWN,H
328032032,ACTION_UP,H
328032512,ACTION_DOWN,E
328032512,ACTION_UP,E
328034432,ACTION_DOWN,C
328034432,ACTION_UP,C
328034944,ACTION_DOWN,A
328034944,ACTION_UP,A
328035520,ACTION_DOWN,C
328035520,ACTION_UP,C
328035904,ACTION_DOWN,H
328035904,ACTION_UP,H
328036480,ACTION_DOWN,E
328036480,ACTION_UP,E
328038272,ACTION_DOWN,C
328038272,ACTION_UP,C
328038944,ACTION_DOWN,A
328038944,ACTION_UP,A
328039424,ACTION_DOWN,C
328039424,ACTION_UP,C
328039936,ACTION_DOWN,H
328039936,ACTION_UP,H
328040512,ACTION_DOWN,E
328040512,ACTION_UP,E
328042208,ACTION_DOWN,C
328042208,ACTION_UP,C
328042784,ACTION_DOWN,A
328042784,ACTION_UP,A
328043328,ACTION_DOWN,C
328043328,ACTION_UP,C
328043808,ACTION_DOWN,H
328043808,ACTION_UP,H
328044352,ACTION_DOWN,E
328044352,ACTION_UP,E
328046624,ACTION_DOWN,C
328046624,ACTION_UP,C
328047200,ACTION_DOWN,A
328047200,ACTION_UP,A
328047680,ACTION_DOWN,C
328047680,ACTION_UP,C
328048128,ACTION_DOWN,H
328048128,ACTION_UP,H
328048704,ACTION_DOWN,E
328048704,ACTION_UP,E
328050816,ACTION_DOWN,C
328050816,ACTION_UP,C
328051552,ACTION_DOWN,A
328051552,ACTION_UP,A
328052032,ACTION_DOWN,C
328052032,ACTION_UP,C
328052384,ACTION_DOWN,H
328052384,ACTION_UP,H
328052960,ACTION_DOWN,E
328052960,ACTION_UP,E
328056000,ACTION_DOWN,C
328056000,ACTION_UP,C
328056576,ACTION_DOWN,A
328056576,ACTION_UP,A
328057088,ACTION_DOWN,C
328057088,ACTION_UP,C
328057536,ACTION_DOWN,H
328057536,ACTION_UP,H
328057984,ACTION_DOWN,E
328057984,ACTION_UP,E
328059456,ACTION_DOWN,C
328059456,ACTION_UP,C
328059936,ACTION_DOWN,A
328059936,ACTION_UP,A
328060448,ACTION_DOWN,C
328060448,ACTION_UP,C
328060736,ACTION_DOWN,H
328060736,ACTION_UP,H
328061120,ACTION_DOWN,E
328061120,ACTION_UP,E
328063392,ACTION_DOWN,C
328063392,ACTION_UP,C
328063872,ACTION_DOWN,A
328063872,ACTION_UP,A
328064448,ACTION_DOWN,C
328064448,ACTION_UP,C
328064864,ACTION_DOWN,H
328064864,ACTION_UP,H
328065376,ACTION_DOWN,E
328065376,ACTION_UP,E
328067232,ACTION_DOWN,C
328067232,ACTION_UP,C
328067744,ACTION_DOWN,A
328067744,ACTION_UP,A
328068256,ACTION_DOWN,C
328068256,ACTION_UP,C
328068736,ACTION_DOWN,H
328068736,ACTION_UP,H
328069184,ACTION_DOWN,E
328069184,ACTION_UP,E
328070720,ACTION_DOWN,C
328070720,ACTION_UP,C
328071264,ACTION_DOWN,A
328071264,ACTION_UP,A
328071840,ACTION_DOWN,C
328071840,ACTION_UP,C
328072256,ACTION_DOWN,H
328072256,ACTION_UP,H
328072832,ACTION_DOWN,E
328072832,ACTION_UP,E
328074272,ACTION_DOWN,C
328074272,ACTION_UP,C
328074944,ACTION_DOWN,A
328074944,ACTION_UP,A
328075424,ACTION_DOWN,C
328075424,ACTION_UP,C
328075840,ACTION_DOWN,H
328075840,ACTION_UP,H
328076480,ACTION_DOWN,E
328076480,ACTION_UP,E
328077568,ACTION_DOWN,C
328077568,ACTION_UP,C
328078112,ACTION_DOWN,A
328078112,ACTION_UP,A
328079072,ACTION_DOWN,C
328079072,ACTION_UP,C
328079584,ACTION_DOWN,H
328079584,ACTION_UP,H
328080192,ACTION_DOWN,E
328080192,ACTION_UP,E
328081344,ACTION_DOWN,C
328081344,ACTION_UP,C
328082016,ACTION_DOWN,A
328082016,ACTION_UP,A
328082688,ACTION_DOWN,C
328082688,ACTION_UP,C
328083264,ACTION_DOWN,H
328083264,ACTION_UP,H
328083840,ACTION_DOWN,E
328083840,ACTION_UP,E
328085120,ACTION_DOWN,C
328085120,ACTION_UP,C
328085664,ACTION_DOWN,A
328085664,ACTION_UP,A
328086176,ACTION_DOWN,C
328086176,ACTION_UP,C
328086656,ACTION_DOWN,H
328086656,ACTION_UP,H
328087136,ACTION_DOWN,E
328087136,ACTION_UP,E
328088288,ACTION_DOWN,C
328088288,ACTION_UP,C
328088896,ACTION_DOWN,A
328088896,ACTION_UP,A
328089408,ACTION_DOWN,C
328089408,ACTION_UP,C
328089824,ACTION_DOWN,H
328089824,ACTION_UP,H
328090368,ACTION_DOWN,E
328090368,ACTION_UP,E
328091488,ACTION_DOWN,C
328091488,ACTION_UP,C
328092032,ACTION_DOWN,A
328092032,ACTION_UP,A
328092576,ACTION_DOWN,C
328092576,ACTION_UP,C
328093024,ACTION_DOWN,H
328093024,ACTION_UP,H
328093568,ACTION_DOWN,E
328093568,ACTION_UP,E
328094752,ACTION_DOWN,C
328094752,ACTION_UP,C
328095584,ACTION_DOWN,A
328095584,ACTION_UP,A
328096224,ACTION_DOWN,C
328096224,ACTION_UP,C
328096800,ACTION_DOWN,H
328096800,ACTION_UP,H
328097440,ACTION_DOWN,E
328097440,ACTION_UP,E
328099040,ACTION_DOWN,C
328099040,ACTION_UP,C
328099712,ACTION_DOWN,A
328099712,ACTION_UP,A
328100224,ACTION_DOWN,C
328100224,ACTION_UP,C
328100672,ACTION_DOWN,H
328100672,ACTION_UP,H
328101280,ACTION_DOWN,E
328101280,ACTION_UP,E
328102624,ACTION_DOWN,C
328102624,ACTION_UP,C
328103264,ACTION_DOWN,A
328103264,ACTION_UP,A
328103840,ACTION_DOWN,C
328103840,ACTION_UP,C
328104320,ACTION_DOWN,H
328104320,ACTION_UP,H
328104864,ACTION_DOWN,E
328104864,ACTION_UP,E
328106048,ACTION_DOWN,C
328106048,ACTION_UP,C
328106848,ACTION_DOWN,A
328106848,ACTION_UP,A
328107392,ACTION_DOWN,C
328107392,ACTION_UP,C
328107904,ACTION_DOWN,H
328107904,ACTION_UP,H
328108512,ACTION_DOWN,E
328108512,ACTION_UP,E
328109632,ACTION_DOWN,C
328109632,ACTION_UP,C
328110272,ACTION_DOWN,A
328110304,ACTION_UP,A
328110880,ACTION_DOWN,C
328110880,ACTION_UP,C
328111232,ACTION_DOWN,H
328111232,ACTION_UP,H
328111872,ACTION_DOWN,E
328111872,ACTION_UP,E
328113024,ACTION_DOWN,C
328113024,ACTION_UP,C
328113632,ACTION_DOWN,A
328113632,ACTION_UP,A
328114240,ACTION_DOWN,C
328114240,ACTION_UP,C
328114592,ACTION_DOWN,H
328114592,ACTION_UP,H
328115168,ACTION_DOWN,E
328115168,ACTION_UP,E
328116256,ACTION_DOWN,C
328116256,ACTION_UP,C
328116864,ACTION_DOWN,A
328116864,ACTION_UP,A
328117472,ACTION_DOWN,C
328117472,ACTION_UP,C
328117856,ACTION_DOWN,H
328117856,ACTION_UP,H
328118432,ACTION_DOWN,E
328118432,ACTION_UP,E
328119360,ACTION_DOWN,C
328119360,ACTION_UP,C
328119968,ACTION_DOWN,S
328120000,ACTION_UP,S
328121088,ACTION_DOWN,C
328121088,ACTION_UP,C
328121632,ACTION_DOWN,A
328121632,ACTION_UP,A
328122112,ACTION_DOWN,C
328122112,ACTION_UP,C
328122720,ACTION_DOWN,H
328122720,ACTION_UP,H
328123296,ACTION_DOWN,E
328123296,ACTION_UP,E
328124480,ACTION_DOWN,C
328124480,ACTION_UP,C
328125184,ACTION_DOWN,A
328125184,ACTION_UP,A
328125792,ACTION_DOWN,C
328125792,ACTION_UP,C
328126400,ACTION_DOWN,H
328126400,ACTION_UP,H
328127008,ACTION_DOWN,E
328127008,ACTION_UP,E
328128096,ACTION_DOWN,C
328128128,ACTION_UP,C
328128704,ACTION_DOWN,A
328128704,ACTION_UP,A
328129248,ACTION_DOWN,C
328129248,ACTION_UP,C
328129728,ACTION_DOWN,H
328129728,ACTION_UP,H
328130304,ACTION_DOWN,E
328130304,ACTION_UP,E
328131360,ACTION_DOWN,C
328131360,ACTION_UP,C
328132096,ACTION_DOWN,A
328132096,ACTION_UP,A
328132608,ACTION_DOWN,C
328132608,ACTION_UP,C
328133088,ACTION_DOWN,H
328133088,ACTION_UP,H
328133632,ACTION_DOWN,E
328133664,ACTION_UP,E
328134624,ACTION_DOWN,C
328134624,ACTION_UP,C
328135232,ACTION_DOWN,A
328135232,ACTION_UP,A
328135744,ACTION_DOWN,C
328135744,ACTION_UP,C
328136160,ACTION_DOWN,H
328136160,ACTION_UP,H
328136736,ACTION_DOWN,E
328136736,ACTION_UP,E
328137920,ACTION_DOWN,C
328137920,ACTION_UP,C
328138464,ACTION_DOWN,A
328138464,ACTION_UP,A
328138912,ACTION_DOWN,C
328138912,ACTION_UP,C
328139328,ACTION_DOWN,H
328139328,ACTION_UP,H
328139904,ACTION_DOWN,E
328139904,ACTION_UP,E
328140768,ACTION_DOWN,C
328140768,ACTION_UP,C
328141344,ACTION_DOWN,A
328141344,ACTION_UP,A
328141760,ACTION_DOWN,C
328141760,ACTION_UP,C
328142208,ACTION_DOWN,H
328142208,ACTION_UP,H
328142880,ACTION_DOWN,E
328142912,ACTION_UP,E
328143648,ACTION_DOWN,C
328143648,ACTION_UP,C
328144224,ACTION_DOWN,A
328144224,ACTION_UP,A
328144640,ACTION_DOWN,C
328144640,ACTION_UP,C
328145056,ACTION_DOWN,H
328145056,ACTION_UP,H
328145696,ACTION_DOWN,E
328145728,ACTION_UP,E
328146848,ACTION_DOWN,C
328146848,ACTION_UP,C
328147488,ACTION_DOWN,A
328147488,ACTION_UP,A
328148032,ACTION_DOWN,C
328148032,ACTION_UP,C
328148480,ACTION_DOWN,H
328148480,ACTION_UP,H
328149056,ACTION_DOWN,E
328149056,ACTION_UP,E
328150208,ACTION_DOWN,C
328150208,ACTION_UP,C
328150944,ACTION_DOWN,A
328150944,ACTION_UP,A
328151552,ACTION_DOWN,C
328151552,ACTION_UP,C
328152032,ACTION_DOWN,H
328152032,ACTION_UP,H
328152800,ACTION_DOWN,E
328152800,ACTION_UP,E
328153728,ACTION_DOWN,C
328153728,ACTION_UP,C
328154336,ACTION_DOWN,A
328154368,ACTION_UP,A
328154944,ACTION_DOWN,C
328154944,ACTION_UP,C
328155424,ACTION_DOWN,H
328155424,ACTION_UP,H
328156032,ACTION_DOWN,E
328156032,ACTION_UP,E
328156928,ACTION_DOWN,C
328156928,ACTION_UP,C
328157632,ACTION_DOWN,A
328157632,ACTION_UP,A
328158176,ACTION_DOWN,C
328158176,ACTION_UP,C
328158656,ACTION_DOWN,H
328158656,ACTION_UP,H
328159200,ACTION_DOWN,E
328159200,ACTION_UP,E
328160032,ACTION_DOWN,C
328160032,ACTION_UP,C
328160672,ACTION_DOWN,A
328160672,ACTION_UP,A
328161152,ACTION_DOWN,C
328161152,ACTION_UP,C
328161632,ACTION_DOWN,H
328161632,ACTION_UP,H
328162208,ACTION_DOWN,E
328162208,ACTION_UP,E
328163680,ACTION_DOWN,C
328163680,ACTION_UP,C
328164224,ACTION_DOWN,A
328164224,ACTION_UP,A
328164832,ACTION_DOWN,C
328164832,ACTION_UP,C
328165440,ACTION_DOWN,H
328165440,ACTION_UP,H
328165920,ACTION_DOWN,R
328165984,ACTION_UP,R
328167072,ACTION_DOWN,C
328167072,ACTION_UP,C
328167680,ACTION_DOWN,A
328167680,ACTION_UP,A
328168256,ACTION_DOWN,C
328168256,ACTION_UP,C
328168640,ACTION_DOWN,H
328168640,ACTION_UP,H
328169184,ACTION_DOWN,E
328169184,ACTION_UP,E
328170272,ACTION_DOWN,C
328170272,ACTION_UP,C
328170848,ACTION_DOWN,A
328170848,ACTION_UP,A
328171328,ACTION_DOWN,C
328171328,ACTION_UP,C
328171776,ACTION_DOWN,H
328171776,ACTION_UP,H
328172352,ACTION_DOWN,E
328172352,ACTION_UP,E
328173312,ACTION_DOWN,C
328173312,ACTION_UP,C
328173952,ACTION_DOWN,A
328173952,ACTION_UP,A
328174560,ACTION_DOWN,C
328174560,ACTION_UP,C
328174976,ACTION_DOWN,H
328174976,ACTION_UP,H
328175520,ACTION_DOWN,E
328175520,ACTION_UP,E
328176864,ACTION_DOWN,C
328176864,ACTION_UP,C
328177568,ACTION_DOWN,A
328177568,ACTION_UP,A
328178048,ACTION_DOWN,C
328178048,ACTION_UP,C
328178464,ACTION_DOWN,H
328178464,ACTION_UP,H
328178976,ACTION_DOWN,E
328178976,ACTION_UP,E
328180672,ACTION_DOWN,C
328180672,ACTION_UP,C
328181280,ACTION_DOWN,A
328181280,ACTION_UP,A
328181792,ACTION_DOWN,C
328181792,ACTION_UP,C
328182272,ACTION_DOWN,H
328182272,ACTION_UP,H
328182848,ACTION_DOWN,E
328182848,ACTION_UP,E
328184000,ACTION_DOWN,C
328184000,ACTION_UP,C
328184576,ACTION_DOWN,A
328184576,ACTION_UP,A
328185152,ACTION_DOWN,C
328185152,ACTION_UP,C
328185632,ACTION_DOWN,H
328185632,ACTION_UP,H
328186272,ACTION_DOWN,E
328186272,ACTION_UP,E
328187840,ACTION_DOWN,C
328187840,ACTION_UP,C
328188512,ACTION_DOWN,A
328188512,ACTION_UP,A
328189248,ACTION_DOWN,C
328189248,ACTION_UP,C
328189696,ACTION_DOWN,H
328189696,ACTION_UP,H
328190272,ACTION_DOWN,E
328190272,ACTION_UP,E
328193024,ACTION_DOWN,C
328193024,ACTION_UP,C
328193568,ACTION_DOWN,S
328193568,ACTION_UP,S
328194592,ACTION_DOWN,C
328194592,ACTION_UP,C
328195104,ACTION_DOWN,A
328195104,ACTION_UP,A
328195648,ACTION_DOWN,C
328195648,ACTION_UP,C
328196000,ACTION_DOWN,H
328196000,ACTION_UP,H
328196544,ACTION_DOWN,E
328196544,ACTION_UP,E
328197536,ACTION_DOWN,C
328197536,ACTION_UP,C
328198144,ACTION_DOWN,A
328198144,ACTION_UP,A
328198688,ACTION_DOWN,C
328198688,ACTION_UP,C
328199072,ACTION_DOWN,H
328199072,ACTION_UP,H
328199616,ACTION_DOWN,E
328199616,ACTION_UP,E
328200992,ACTION_DOWN,C
328200992,ACTION_UP,C
328201568,ACTION_DOWN,A
328201568,ACTION_UP,A
328202016,ACTION_DOWN,C
328202016,ACTION_UP,C
328202464,ACTION_DOWN,H
328202464,ACTION_UP,H
328203008,ACTION_DOWN,E
328203008,ACTION_UP,E
328204064,ACTION_DOWN,C
328204064,ACTION_UP,C
328204576,ACTION_DOWN,A
328204576,ACTION_UP,A
328205088,ACTION_DOWN,C
328205088,ACTION_UP,C
328205568,ACTION_DOWN,H
328205568,ACTION_UP,H
328206112,ACTION_DOWN,E
328206112,ACTION_UP,E
328207648,ACTION_DOWN,W
328207648,ACTION_UP,W
328208384,ACTION_DOWN,E
328208384,ACTION_UP,E
328209248,ACTION_DOWN,L
328209248,ACTION_UP,L
328209888,ACTION_DOWN,C
328209888,ACTION_UP,C
328210560,ACTION_DOWN,O
328210560,ACTION_UP,O
328211104,ACTION_DOWN,M
328211104,ACTION_UP,M
328211680,ACTION_DOWN,E
328211680,ACTION_UP,E
328212768,ACTION_DOWN,W
328212768,ACTION_UP,W
328213344,ACTION_DOWN,E
328213344,ACTION_UP,E
328213920,ACTION_DOWN,L
328213920,ACTION_UP,L
328214976,ACTION_DOWN,C
328214976,ACTION_UP,C
328215552,ACTION_DOWN,O
328215552,ACTION_UP,O
328216032,ACTION_DOWN,M
328216032,ACTION_UP,M
328216768,ACTION_DOWN,E
328216768,ACTION_UP,E
328217664,ACTION_DOWN,W
328217664,ACTION_UP,W
328218208,ACTION_DOWN,E
328218208,ACTION_UP,E
328218752,ACTION_DOWN,L
328218752,ACTION_UP,L
328219232,ACTION_DOWN,C
328219232,ACTION_UP,C
328219712,ACTION_DOWN,O
328219712,ACTION_UP,O
328220288,ACTION_DOWN,M
328220288,ACTION_UP,M
328220928,ACTION_DOWN,E
328220928,ACTION_UP,E
328222112,ACTION_DOWN,W
328222112,ACTION_UP,W
328222592,ACTION_DOWN,E
328222592,ACTION_UP,E
328223136,ACTION_DOWN,L
328223136,ACTION_UP,L
328223968,ACTION_DOWN,C
328223968,ACTION_UP,C
328224480,ACTION_DOWN,O
328224480,ACTION_UP,O
328224992,ACTION_DOWN,M
328224992,ACTION_UP,M
328225632,ACTION_DOWN,E
328225632,ACTION_UP,E
328226592,ACTION_DOWN,W
328226592,ACTION_UP,W
328227104,ACTION_DOWN,E
328227104,ACTION_UP,E
328227584,ACTION_DOWN,L
328227584,ACTION_UP,L
328228160,ACTION_DOWN,C
328228160,ACTION_UP,C
328228640,ACTION_DOWN,O
328228640,ACTION_UP,O
328229088,ACTION_DOWN,M
328229088,ACTION_UP,M
328229664,ACTION_DOWN,E
328229664,ACTION_UP,E
328230944,ACTION_DOWN,W
328230944,ACTION_UP,W
328231328,ACTION_DOWN,E
328231328,ACTION_UP,E
328231840,ACTION_DOWN,L
328231840,ACTION_UP,L
328232384,ACTION_DOWN,C
328232384,ACTION_UP,C
328232864,ACTION_DOWN,O
328232864,ACTION_UP,O
328233248,ACTION_DOWN,M
328233248,ACTION_UP,M
328233856,ACTION_DOWN,E
328233856,ACTION_UP,E
328235104,ACTION_DOWN,W
328235104,ACTION_UP,W
328235456,ACTION_DOWN,E
328235456,ACTION_UP,E
328236032,ACTION_DOWN,L
328236032,ACTION_UP,L
328236576,ACTION_DOWN,C
328236576,ACTION_UP,C
328237024,ACTION_DOWN,O
328237024,ACTION_UP,O
328237408,ACTION_DOWN,M
328237408,ACTION_UP,M
328238016,ACTION_DOWN,E
328238016,ACTION_UP,E
328239232,ACTION_DOWN,W
328239232,ACTION_UP,W
328239616,ACTION_DOWN,E
328239616,ACTION_UP,E
328240064,ACTION_DOWN,L
328240064,ACTION_UP,L
328240544,ACTION_DOWN,C
328240544,ACTION_UP,C
328240960,ACTION_DOWN,O
328240960,ACTION_UP,O
328241344,ACTION_DOWN,M
328241344,ACTION_UP,M
328241888,ACTION_DOWN,E
328241920,ACTION_UP,E
328243104,ACTION_DOWN,W
328243104,ACTION_UP,W
328243584,ACTION_DOWN,E
328243584,ACTION_UP,E
328244128,ACTION_DOWN,L
328244128,ACTION_UP,L
328244608,ACTION_DOWN,C
328244608,ACTION_UP,C
328245088,ACTION_DOWN,O
328245088,ACTION_UP,O
328245472,ACTION_DOWN,M
328245472,ACTION_UP,M
328246016,ACTION_DOWN,E
328246016,ACTION_UP,E
328247232,ACTION_DOWN,W
328247232,ACTION_UP,W
328247680,ACTION_DOWN,E
328247680,ACTION_UP,E
328248128,ACTION_DOWN,L
328248128,ACTION_UP,L
328248800,ACTION_DOWN,C
328248800,ACTION_UP,C
328249280,ACTION_DOWN,O
328249280,ACTION_UP,O
328249696,ACTION_DOWN,M
328249696,ACTION_UP,M
328250272,ACTION_DOWN,E
328250272,ACTION_UP,E
328251488,ACTION_DOWN,W
328251488,ACTION_UP,W
328252032,ACTION_DOWN,E
328252032,ACTION_UP,E
328252512,ACTION_DOWN,L
328252512,ACTION_UP,L
328253088,ACTION_DOWN,C
328253088,ACTION_UP,C
328253568,ACTION_DOWN,O
328253568,ACTION_UP,O
328253984,ACTION_DOWN,M
328253984,ACTION_UP,M
328254496,ACTION_DOWN,E
328254496,ACTION_UP,E
328255488,ACTION_DOWN,W
328255488,ACTION_UP,W
328255904,ACTION_DOWN,E
328255904,ACTION_UP,E
328256384,ACTION_DOWN,L
328256384,ACTION_UP,L
328256864,ACTION_DOWN,C
328256864,ACTION_UP,C
328257376,ACTION_DOWN,O
328257376,ACTION_UP,O
328257760,ACTION_DOWN,M
328257760,ACTION_UP,M
328258304,ACTION_DOWN,E
328258304,ACTION_UP,E
328259328,ACTION_DOWN,W
328259328,ACTION_UP,W
328259776,ACTION_DOWN,R
328259776,ACTION_UP,R
328260864,ACTION_DOWN,W
328260864,ACTION_UP,W
328261408,ACTION_DOWN,E
328261408,ACTION_UP,E
328261920,ACTION_DOWN,L
328261920,ACTION_UP,L
328262592,ACTION_DOWN,C
328262592,ACTION_UP,C
328263136,ACTION_DOWN,O
328263136,ACTION_UP,O
328263552,ACTION_DOWN,M
328263552,ACTION_UP,M
328264128,ACTION_DOWN,E
328264128,ACTION_UP,E
328265312,ACTION_DOWN,W
328265312,ACTION_UP,W
328265856,ACTION_DOWN,E
328265856,ACTION_UP,E
328266400,ACTION_DOWN,L
328266400,ACTION_UP,L
328267040,ACTION_DOWN,C
328267040,ACTION_UP,C
328267552,ACTION_DOWN,O
328267552,ACTION_UP,O
328267936,ACTION_DOWN,M
328267936,ACTION_UP,M
328268512,ACTION_DOWN,E
328268512,ACTION_UP,E
328269856,ACTION_DOWN,W
328269856,ACTION_UP,W
328270336,ACTION_DOWN,E
328270336,ACTION_UP,E
328270848,ACTION_DOWN,L
328270848,ACTION_UP,L
328271360,ACTION_DOWN,C
328271360,ACTION_UP,C
328271904,ACTION_DOWN,O
328271904,ACTION_UP,O
328272256,ACTION_DOWN,M
328272256,ACTION_UP,M
328272928,ACTION_DOWN,E
328272928,ACTION_UP,E
328274528,ACTION_DOWN,W
328274528,ACTION_UP,W
328275008,ACTION_DOWN,E
328275008,ACTION_UP,E
328275552,ACTION_DOWN,L
328275552,ACTION_UP,L
328276192,ACTION_DOWN,C
328276192,ACTION_UP,C
328276736,ACTION_DOWN,O
328276736,ACTION_UP,O
328277152,ACTION_DOWN,M
328277152,ACTION_UP,M
328277760,ACTION_DOWN,E
328277760,ACTION_UP,E
328280000,ACTION_DOWN,W
328280000,ACTION_UP,W
328280544,ACTION_DOWN,E
328280544,ACTION_UP,E
328281120,ACTION_DOWN,L
328281120,ACTION_UP,L
328281664,ACTION_DOWN,C
328281664,ACTION_UP,C
328282176,ACTION_DOWN,O
328282176,ACTION_UP,O
328282528,ACTION_DOWN,M
328282528,ACTION_UP,M
328283136,ACTION_DOWN,E
328283136,ACTION_UP,E
328284480,ACTION_DOWN,W
328284480,ACTION_UP,W
328285120,ACTION_DOWN,E
328285120,ACTION_UP,E
328285664,ACTION_DOWN,L
328285664,ACTION_UP,L
328286112,ACTION_DOWN,C
328286112,ACTION_UP,C
328286624,ACTION_DOWN,O
328286624,ACTION_UP,O
328286976,ACTION_DOWN,M
328286976,ACTION_UP,M
328287520,ACTION_DOWN,E
328287520,ACTION_UP,E
328288704,ACTION_DOWN,E
328288736,ACTION_UP,E
328289696,ACTION_DOWN,W
328289696,ACTION_UP,W
328290176,ACTION_DOWN,E
328290176,ACTION_UP,E
328290624,ACTION_DOWN,L
328290624,ACTION_UP,L
328291168,ACTION_DOWN,C
328291168,ACTION_UP,C
328291616,ACTION_DOWN,O
328291616,ACTION_UP,O
328291968,ACTION_DOWN,M
328291968,ACTION_UP,M
328292576,ACTION_DOWN,E
328292576,ACTION_UP,E
328294112,ACTION_DOWN,W
328294112,ACTION_UP,W
328294592,ACTION_DOWN,E
328294592,ACTION_UP,E
328295072,ACTION_DOWN,L
328295072,ACTION_UP,L
328295616,ACTION_DOWN,C
328295616,ACTION_UP,C
328296128,ACTION_DOWN,O
328296128,ACTION_UP,O
328296608,ACTION_DOWN,M
328296608,ACTION_UP,M
328297056,ACTION_DOWN,E
328297056,ACTION_UP,E
328298720,ACTION_DOWN,W
328298720,ACTION_UP,W
328299104,ACTION_DOWN,E
328299104,ACTION_UP,E
328299616,ACTION_DOWN,L
328299616,ACTION_UP,L
328300128,ACTION_DOWN,C
328300128,ACTION_UP,C
328300576,ACTION_DOWN,O
328300576,ACTION_UP,O
328300896,ACTION_DOWN,M
328300896,ACTION_UP,M
328301536,ACTION_DOWN,E
328301536,ACTION_UP,E
328302720,ACTION_DOWN,W
328302720,ACTION_UP,W
328303200,ACTION_DOWN,E
328303200,ACTION_UP,E
328303648,ACTION_DOWN,L
328303648,ACTION_UP,L
328304192,ACTION_DOWN,C
328304192,ACTION_UP,C
328304608,ACTION_DOWN,O
328304608,ACTION_UP,O
328304928,ACTION_DOWN,M
328304928,ACTION_UP,M
328305440,ACTION_DOWN,E
328305440,ACTION_UP,E
328306624,ACTION_DOWN,W
328306624,ACTION_UP,W
328307072,ACTION_DOWN,E
328307072,ACTION_UP,E
328307520,ACTION_DOWN,L
328307520,ACTION_UP,L
328308096,ACTION_DOWN,C
328308096,ACTION_UP,C
328308640,ACTION_DOWN,O
328308640,ACTION_UP,O
328308992,ACTION_DOWN,M
328308992,ACTION_UP,M
328309536,ACTION_DOWN,E
328309536,ACTION_UP,E
328310816,ACTION_DOWN,W
328310816,ACTION_UP,W
328311232,ACTION_DOWN,E
328311232,ACTION_UP,E
328311680,ACTION_DOWN,L
328311680,ACTION_UP,L
328312192,ACTION_DOWN,C
328312192,ACTION_UP,C
328312704,ACTION_DOWN,O
328312704,ACTION_UP,O
328313056,ACTION_DOWN,M
328313056,ACTION_UP,M
328313632,ACTION_DOWN,E
328313632,ACTION_UP,E
328314976,ACTION_DOWN,W
328314976,ACTION_UP,W
328315456,ACTION_DOWN,E
328315456,ACTION_UP,E
328316224,ACTION_DOWN,L
328316224,ACTION_UP,L
328316800,ACTION_DOWN,C
328316800,ACTION_UP,C
328317280,ACTION_DOWN,O
328317280,ACTION_UP,O
328317600,ACTION_DOWN,M
328317600,ACTION_UP,M
328318176,ACTION_DOWN,E
328318176,ACTION_UP,E
328319392,ACTION_DOWN,W
328319392,ACTION_UP,W
328319808,ACTION_DOWN,E
328319808,ACTION_UP,E
328320288,ACTION_DOWN,L
328320288,ACTION_UP,L
328320896,ACTION_DOWN,C
328320896,ACTION_UP,C
328321440,ACTION_DOWN,O
328321440,ACTION_UP,O
328321760,ACTION_DOWN,M
328321760,ACTION_UP,M
328322304,ACTION_DOWN,E
328322304,ACTION_UP,E
328323776,ACTION_DOWN,W
328323776,ACTION_UP,W
328324224,ACTION_DOWN,E
328324224,ACTION_UP,E
328324672,ACTION_DOWN,L
328324672,ACTION_UP,L
328325184,ACTION_DOWN,C
328325184,ACTION_UP,C
328325760,ACTION_DOWN,O
328325760,ACTION_UP,O
328326080,ACTION_DOWN,M
328326080,ACTION_UP,M
328326688,ACTION_DOWN,E
328326720,ACTION_UP,E
328328064,ACTION_DOWN,W
328328064,ACTION_UP,W
328328480,ACTION_DOWN,E
328328480,ACTION_UP,E
328328928,ACTION_DOWN,L
328328928,ACTION_UP,L
328329472,ACTION_DOWN,C
328329472,ACTION_UP,C
328329984,ACTION_DOWN,O
328329984,ACTION_UP,O
328330272,ACTION_DOWN,M
328330272,ACTION_UP,M
328330880,ACTION_DOWN,E
328330880,ACTION_UP,E
328332416,ACTION_DOWN,W
328332416,ACTION_UP,W
328332832,ACTION_DOWN,E
328332832,ACTION_UP,E
328333248,ACTION_DOWN,L
328333248,ACTION_UP,L
328333856,ACTION_DOWN,C
328333856,ACTION_UP,C
328334368,ACTION_DOWN,O
328334368,ACTION_UP,O
328334848,ACTION_DOWN,M
328334848,ACTION_UP,M
328335392,ACTION_DOWN,E
328335392,ACTION_UP,E
328336768,ACTION_DOWN,W
328336768,ACTION_UP,W
328337184,ACTION_DOWN,E
328337184,ACTION_UP,E
328337696,ACTION_DOWN,L
328337696,ACTION_UP,L
328338336,ACTION_DOWN,C
328338336,ACTION_UP,C
328338880,ACTION_DOWN,O
328338880,ACTION_UP,O
328339168,ACTION_DOWN,M
328339168,ACTION_UP,M
328339776,ACTION_DOWN,E
328339776,ACTION_UP,E
328341056,ACTION_DOWN,W
328341056,ACTION_UP,W
328341600,ACTION_DOWN,E
328341600,ACTION_UP,E
328342144,ACTION_DOWN,L
328342144,ACTION_UP,L
328342848,ACTION_DOWN,C
328342848,ACTION_UP,C
328343328,ACTION_DOWN,O
328343328,ACTION_UP,O
328343744,ACTION_DOWN,M
328343744,ACTION_UP,M
328344352,ACTION_DOWN,E
328344352,ACTION_UP,E
328345760,ACTION_DOWN,W
328345760,ACTION_UP,W
328346400,ACTION_DOWN,E
328346400,ACTION_UP,E
328346912,ACTION_DOWN,L
328346912,ACTION_UP,L
328347680,ACTION_DOWN,C
328347680,ACTION_UP,C
328348224,ACTION_DOWN,O
328348224,ACTION_UP,O
328348640,ACTION_DOWN,M
328348640,ACTION_UP,M
328349248,ACTION_DOWN,E
328349248,ACTION_UP,E
328350528,ACTION_DOWN,W
328350528,ACTION_UP,W
328351040,ACTION_DOWN,E
328351040,ACTION_UP,E
328351552,ACTION_DOWN,L
328351552,ACTION_UP,L
328352096,ACTION_DOWN,C
328352096,ACTION_UP,C
328352736,ACTION_DOWN,O
328352736,ACTION_UP,O
328353248,ACTION_DOWN,M
328353248,ACTION_UP,M
328353824,ACTION_DOWN,E
328353888,ACTION_UP,E
328355296,ACTION_DOWN,W
328355296,ACTION_UP,W
328355872,ACTION_DOWN,E
328355872,ACTION_UP,E
328356384,ACTION_DOWN,L
328356384,ACTION_UP,L
328356992,ACTION_DOWN,C
328356992,ACTION_UP,C
328357568,ACTION_DOWN,O
328357568,ACTION_UP,O
328357856,ACTION_DOWN,M
328357856,ACTION_UP,M
328358464,ACTION_DOWN,E
328358464,ACTION_UP,E
328359776,ACTION_DOWN,W
328359776,ACTION_UP,W
328360320,ACTION_DOWN,E
328360320,ACTION_UP,E
328360800,ACTION_DOWN,L
328360800,ACTION_UP,L
328361344,ACTION_DOWN,C
328361344,ACTION_UP,C
328362048,ACTION_DOWN,O
328362048,ACTION_UP,O
328362432,ACTION_DOWN, 
328362464,ACTION_UP, 
328363904,ACTION_DOWN,W
328363904,ACTION_UP,W
328364576,ACTION_DOWN,E
328364576,ACTION_UP,E
328365184,ACTION_DOWN,L
328365184,ACTION_UP,L
328365888,ACTION_DOWN,V
328365888,ACTION_UP,V
328367008,ACTION_DOWN,W
328367008,ACTION_UP,W
328367584,ACTION_DOWN,E
328367584,ACTION_UP,E
328368192,ACTION_DOWN,L
328368192,ACTION_UP,L
328368928,ACTION_DOWN,C
328368928,ACTION_UP,C
328369472,ACTION_DOWN,O
328369472,ACTION_UP,O
328369920,ACTION_DOWN,M
328369920,ACTION_UP,M
328370496,ACTION_DOWN,E
328370496,ACTION_UP,E
328371744,ACTION_DOWN,W
328371744,ACTION_UP,W
328372416,ACTION_DOWN,E
328372416,ACTION_UP,E
328372960,ACTION_DOWN,L
328372960,ACTION_UP,L
328373696,ACTION_DOWN,C
328373696,ACTION_UP,C
328374496,ACTION_DOWN,O
328374496,ACTION_UP,O
328375072,ACTION_DOWN,M
328375072,ACTION_UP,M
328375776,ACTION_DOWN,E
328375776,ACTION_UP,E
328376928,ACTION_DOWN,W
328376928,ACTION_UP,W
328377568,ACTION_DOWN,E
328377568,ACTION_UP,E
328378176,ACTION_DOWN,L
328378176,ACTION_UP,L
328378880,ACTION_DOWN,C
328378880,ACTION_UP,C
328379552,ACTION_DOWN,O
328379552,ACTION_UP,O
328380064,ACTION_DOWN,M
328380064,ACTION_UP,M
328380704,ACTION_DOWN,E
328380704,ACTION_UP,E
328382016,ACTION_DOWN,W
328382016,ACTION_UP,W
328382592,ACTION_DOWN,E
328382592,ACTION_UP,E
328383136,ACTION_DOWN,L
328383136,ACTION_UP,L
328383776,ACTION_DOWN,C
328383776,ACTION_UP,C
328384480,ACTION_DOWN,O
328384480,ACTION_UP,O
328384864,ACTION_DOWN,M
328384864,ACTION_UP,M
328385440,ACTION_DOWN,E
328385440,ACTION_UP,E
328386816,ACTION_DOWN,W
328386816,ACTION_UP,W
328387456,ACTION_DOWN,E
328387456,ACTION_UP,E
328388032,ACTION_DOWN,L
328388032,ACTION_UP,L
328388608,ACTION_DOWN,C
328388608,ACTION_UP,C
328389216,ACTION_DOWN,O
328389216,ACTION_UP,O
328389600,ACTION_DOWN,M
328389600,ACTION_UP,M
328390208,ACTION_DOWN,E
328390208,ACTION_UP,E
328391328,ACTION_DOWN,W
328391328,ACTION_UP,W
328391808,ACTION_DOWN,R
328391808,ACTION_UP,R
328393184,ACTION_DOWN,W
328393184,ACTION_UP,W
328393568,ACTION_DOWN,E
328393568,ACTION_UP,E
328394048,ACTION_DOWN,L
328394048,ACTION_UP,L
328394976,ACTION_DOWN,C
328394976,ACTION_UP,C
328395392,ACTION_DOWN,O
328395392,ACTION_UP,O
328395680,ACTION_DOWN,M
328395680,ACTION_UP,M
328396192,ACTION_DOWN,E
328396192,ACTION_UP,E
328397632,ACTION_DOWN,W
328397632,ACTION_UP,W
328398240,ACTION_DOWN,E
328398240,ACTION_UP,E
328398720,ACTION_DOWN,L
328398720,ACTION_UP,L
328399424,ACTION_DOWN,C
328399424,ACTION_UP,C
328399968,ACTION_DOWN,O
328399968,ACTION_UP,O
328400320,ACTION_DOWN,M
328400320,ACTION_UP,M
328400928,ACTION_DOWN,E
328400928,ACTION_UP,E
328402272,ACTION_DOWN,W
328402272,ACTION_UP,W
328402784,ACTION_DOWN,E
328402784,ACTION_UP,E
328403328,ACTION_DOWN,L
328403328,ACTION_UP,L
328403872,ACTION_DOWN,C
328403872,ACTION_UP,C
328404416,ACTION_DOWN,O
328404416,ACTION_UP,O
328404768,ACTION_DOWN,M
328404768,ACTION_UP,M
328405344,ACTION_DOWN,E
328405344,ACTION_UP,E
328406464,ACTION_DOWN,W
328406464,ACTION_UP,W
328406944,ACTION_DOWN,E
328406944,ACTION_UP,E
328407360,ACTION_DOWN,L
328407360,ACTION_UP,L
328407904,ACTION_DOWN,C
328407904,ACTION_UP,C
328408352,ACTION_DOWN,O
328408352,ACTION_UP,O
328408672,ACTION_DOWN,M
328408672,ACTION_UP,M
328409248,ACTION_DOWN,E
328409248,ACTION_UP,E
328410112,ACTION_DOWN,E
328410144,ACTION_UP,E
328411104,ACTION_DOWN,W
328411104,ACTION_UP,W
328411520,ACTION_DOWN,E
328411520,ACTION_UP,E
328412032,ACTION_DOWN,L
328412032,ACTION_UP,L
328412704,ACTION_DOWN,C
328412704,ACTION_UP,C
328413216,ACTION_DOWN,O
328413216,ACTION_UP,O
328413600,ACTION_DOWN,M
328413600,ACTION_UP,M
328414144,ACTION_DOWN,E
328414144,ACTION_UP,E
328415424,ACTION_DOWN,W
328415424,ACTION_UP,W
328415968,ACTION_DOWN,E
328415968,ACTION_UP,E
328416544,ACTION_DOWN,L
328416544,ACTION_UP,L
328417088,ACTION_DOWN,C
328417088,ACTION_UP,C
328417664,ACTION_DOWN,O
328417664,ACTION_UP,O
328417952,ACTION_DOWN,M
328417952,ACTION_UP,M
328418624,ACTION_DOWN,E
328418624,ACTION_UP,E
328419808,ACTION_DOWN,W
328419840,ACTION_UP,W
328420288,ACTION_DOWN,E
328420288,ACTION_UP,E
328420800,ACTION_DOWN,L
328420800,ACTION_UP,L
328421312,ACTION_DOWN,C
328421312,ACTION_UP,C
328421824,ACTION_DOWN,O
328421824,ACTION_UP,O
328422112,ACTION_DOWN,M
328422112,ACTION_UP,M
328422656,ACTION_DOWN,E
328422656,ACTION_UP,E
328423680,ACTION_DOWN,W
328423680,ACTION_UP,W
328424224,ACTION_DOWN,E
328424256,ACTION_UP,E
328424768,ACTION_DOWN,L
328424768,ACTION_UP,L
328425312,ACTION_DOWN,C
328425312,ACTION_UP,C
328425856,ACTION_DOWN,O
328425856,ACTION_UP,O
328426304,ACTION_DOWN,M
328426304,ACTION_UP,M
328426848,ACTION_DOWN,E
328426848,ACTION_UP,E
328427904,ACTION_DOWN,W
328427904,ACTION_UP,W
328428352,ACTION_DOWN,E
328428352,ACTION_UP,E
328428768,ACTION_DOWN,L
328428768,ACTION_UP,L
328429440,ACTION_DOWN,C
328429440,ACTION_UP,C
328429952,ACTION_DOWN,O
328429952,ACTION_UP,O
328430272,ACTION_DOWN,M
328430272,ACTION_UP,M
328430880,ACTION_DOWN,E
328430880,ACTION_UP,E
328431936,ACTION_DOWN,W
328431936,ACTION_UP,W
328432352,ACTION_DOWN,E
328432352,ACTION_UP,E
328432896,ACTION_DOWN,L
328432896,ACTION_UP,L
328433600,ACTION_DOWN,C
328433600,ACTION_UP,C
328434080,ACTION_DOWN,O
328434080,ACTION_UP,O
328434432,ACTION_DOWN,M
328434432,ACTION_UP,M
328435008,ACTION_DOWN,E
328435008,ACTION_UP,E
328435872,ACTION_DOWN,W
328435872,ACTION_UP,W
328436288,ACTION_DOWN,E
328436288,ACTION_UP,E
328436768,ACTION_DOWN,L
328436768,ACTION_UP,L
328437312,ACTION_DOWN,C
328437312,ACTION_UP,C
328437856,ACTION_DOWN,O
328437856,ACTION_UP,O
328438240,ACTION_DOWN,M
328438240,ACTION_UP,M
328438848,ACTION_DOWN,E
328438880,ACTION_UP,E
328442848,ACTION_DOWN,C
328442848,ACTION_UP,C
328443840,ACTION_DOWN,R
328443840,ACTION_UP,R
328444704,ACTION_DOWN,I
328444704,ACTION_UP,I
328445248,ACTION_DOWN,C
328445248,ACTION_UP,C
328446176,ACTION_DOWN,K
328446176,ACTION_UP,K
328446720,ACTION_DOWN,E
328446720,ACTION_UP,E
328447008,ACTION_DOWN,T
328447008,ACTION_UP,T
328448256,ACTION_DOWN,C
328448256,ACTION_UP,C
328448928,ACTION_DOWN,R
328448928,ACTION_UP,R
328449568,ACTION_DOWN,I
328449568,ACTION_UP,I
328450080,ACTION_DOWN,C
328450080,ACTION_UP,C
328450464,ACTION_DOWN,K
328450464,ACTION_UP,K
328450912,ACTION_DOWN,E
328450912,ACTION_UP,E
328451168,ACTION_DOWN,T
328451168,ACTION_UP,T
328452512,ACTION_DOWN,C
328452512,ACTION_UP,C
328453056,ACTION_DOWN,R
328453056,ACTION_UP,R
328453664,ACTION_DOWN,I
328453664,ACTION_UP,I
328454176,ACTION_DOWN,C
328454176,ACTION_UP,C
328454528,ACTION_DOWN,K
328454528,ACTION_UP,K
328455136,ACTION_DOWN,E
328455136,ACTION_UP,E
328455520,ACTION_DOWN,T
328455520,ACTION_UP,T
328456608,ACTION_DOWN,C
328456608,ACTION_UP,C
328457120,ACTION_DOWN,R
328457120,ACTION_UP,R
328457536,ACTION_DOWN,I
328457536,ACTION_UP,I
328457920,ACTION_DOWN,C
328457920,ACTION_UP,C
328458304,ACTION_DOWN,K
328458304,ACTION_UP,K
328458784,ACTION_DOWN,E
328458784,ACTION_UP,E
328459168,ACTION_DOWN,T
328459200,ACTION_UP,T
328460288,ACTION_DOWN,C
328460320,ACTION_UP,C
328460768,ACTION_DOWN,R
328460768,ACTION_UP,R
328461184,ACTION_DOWN,I
328461184,ACTION_UP,I
328461728,ACTION_DOWN,C
328461728,ACTION_UP,C
328462048,ACTION_DOWN,K
328462048,ACTION_UP,K
328462624,ACTION_DOWN,E
328462624,ACTION_UP,E
328462912,ACTION_DOWN,T
328462912,ACTION_UP,T
328465120,ACTION_DOWN,C
328465120,ACTION_UP,C
328465568,ACTION_DOWN,R
328465568,ACTION_UP,R
328466016,ACTION_DOWN,I
328466016,ACTION_UP,I
328466720,ACTION_DOWN,C
328466720,ACTION_UP,C
328467104,ACTION_DOWN,K
328467104,ACTION_UP,K
328467712,ACTION_DOWN,E
328467712,ACTION_UP,E
328468096,ACTION_DOWN,T
328468096,ACTION_UP,T
328469760,ACTION_DOWN,C
328469760,ACTION_UP,C
328470464,ACTION_DOWN,R
328470464,ACTION_UP,R
328470976,ACTION_DOWN,I
328470976,ACTION_UP,I
328471744,ACTION_DOWN,C
328471744,ACTION_UP,C
328472256,ACTION_DOWN,K
328472256,ACTION_UP,K
328472864,ACTION_DOWN,E
328472864,ACTION_UP,E
328473280,ACTION_DOWN,T
328473280,ACTION_UP,T
328474848,ACTION_DOWN,C
328474848,ACTION_UP,C
328475296,ACTION_DOWN,R
328475296,ACTION_UP,R
328475776,ACTION_DOWN,I
328475776,ACTION_UP,I
328476320,ACTION_DOWN,C
328476320,ACTION_UP,C
328476704,ACTION_DOWN,K
328476704,ACTION_UP,K
328477344,ACTION_DOWN,E
328477344,ACTION_UP,E
328477760,ACTION_DOWN,T
328477760,ACTION_UP,T
328478976,ACTION_DOWN,C
328478976,ACTION_UP,C
328479488,ACTION_DOWN,R
328479488,ACTION_UP,R
328479872,ACTION_DOWN,I
328479872,ACTION_UP,I
328480320,ACTION_DOWN,C
328480320,ACTION_UP,C
328480736,ACTION_DOWN,K
328480736,ACTION_UP,K
328481312,ACTION_DOWN,E
328481312,ACTION_UP,E
328481664,ACTION_DOWN,T
328481664,ACTION_UP,T
328483264,ACTION_DOWN,C
328483264,ACTION_UP,C
328483808,ACTION_DOWN,R
328483808,ACTION_UP,R
328484288,ACTION_DOWN,I
328484288,ACTION_UP,I
328484736,ACTION_DOWN,C
328484736,ACTION_UP,C
328485120,ACTION_DOWN,K
328485120,ACTION_UP,K
328485632,ACTION_DOWN,E
328485632,ACTION_UP,E
328485888,ACTION_DOWN,T
328485888,ACTION_UP,T
328487648,ACTION_DOWN,C
328487648,ACTION_UP,C
328488192,ACTION_DOWN,R
328488192,ACTION_UP,R
328488608,ACTION_DOWN,I
328488608,ACTION_UP,I
328489088,ACTION_DOWN,C
328489088,ACTION_UP,C
328489440,ACTION_DOWN,K
328489440,ACTION_UP,K
328489952,ACTION_DOWN,E
328489952,ACTION_UP,E
328490336,ACTION_DOWN,T
328490336,ACTION_UP,T
328491712,ACTION_DOWN,C
328491712,ACTION_UP,C
328492256,ACTION_DOWN,R
328492288,ACTION_UP,R
328492768,ACTION_DOWN,I
328492768,ACTION_UP,I
328493152,ACTION_DOWN,C
328493152,ACTION_UP,C
328493504,ACTION_DOWN,K
328493504,ACTION_UP,K
328494112,ACTION_DOWN,E
328494112,ACTION_UP,E
328494336,ACTION_DOWN,T
328494336,ACTION_UP,T
328495840,ACTION_DOWN,C
328495840,ACTION_UP,C
328496256,ACTION_DOWN,R
328496256,ACTION_UP,R
328496608,ACTION_DOWN,I
328496608,ACTION_UP,I
328496960,ACTION_DOWN,C
328496960,ACTION_UP,C
328497248,ACTION_DOWN,K
328497248,ACTION_UP,K
328497664,ACTION_DOWN,E
328497664,ACTION_UP,E
328497920,ACTION_DOWN,T
328497920,ACTION_UP,T
328500128,ACTION_DOWN,C
328500128,ACTION_UP,C
328500576,ACTION_DOWN,T
328500608,ACTION_UP,T
328501024,ACTION_DOWN,I
328501056,ACTION_UP,I
328502496,ACTION_DOWN,C
328502496,ACTION_UP,C
328503136,ACTION_DOWN,R
328503136,ACTION_UP,R
328503680,ACTION_DOWN,I
328503680,ACTION_UP,I
328504256,ACTION_DOWN,C
328504256,ACTION_UP,C
328504736,ACTION_DOWN,K
328504736,ACTION_UP,K
328505312,ACTION_DOWN,E
328505312,ACTION_UP,E
328505696,ACTION_DOWN,T
328505696,ACTION_UP,T
328506720,ACTION_DOWN,C
328506720,ACTION_UP,C
328507392,ACTION_DOWN,R
328507392,ACTION_UP,R
328507936,ACTION_DOWN,I
328507936,ACTION_UP,I
328508448,ACTION_DOWN,C
328508448,ACTION_UP,C
328508992,ACTION_DOWN,K
328508992,ACTION_UP,K
328509632,ACTION_DOWN,E
328509632,ACTION_UP,E
328510048,ACTION_DOWN,T
328510048,ACTION_UP,T
328511648,ACTION_DOWN,C
328511648,ACTION_UP,C
328512160,ACTION_DOWN,R
328512160,ACTION_UP,R
328512608,ACTION_DOWN,U
328512608,ACTION_UP,U
328513568,ACTION_DOWN,C
328513568,ACTION_UP,C
328514016,ACTION_DOWN,R
328514016,ACTION_UP,R
328514496,ACTION_DOWN,I
328514496,ACTION_UP,I
328515008,ACTION_DOWN,C
328515008,ACTION_UP,C
328515392,ACTION_DOWN,K
328515392,ACTION_UP,K
328516000,ACTION_DOWN,E
328516000,ACTION_UP,E
328516288,ACTION_DOWN,T
328516288,ACTION_UP,T
328517760,ACTION_DOWN,C
328517760,ACTION_UP,C
328518400,ACTION_DOWN,R
328518400,ACTION_UP,R
328518912,ACTION_DOWN,I
328518912,ACTION_UP,I
328519488,ACTION_DOWN,C
328519488,ACTION_UP,C
328520000,ACTION_DOWN,K
328520000,ACTION_UP,K
328520576,ACTION_DOWN,E
328520576,ACTION_UP,E
328520960,ACTION_DOWN,T
328520960,ACTION_UP,T
328522112,ACTION_DOWN,C
328522112,ACTION_UP,C
328522848,ACTION_DOWN,R
328522848,ACTION_UP,R
328523328,ACTION_DOWN,I
328523328,ACTION_UP,I
328523904,ACTION_DOWN,C
328523904,ACTION_UP,C
328524288,ACTION_DOWN,K
328524288,ACTION_UP,K
328524896,ACTION_DOWN,E
328524896,ACTION_UP,E
328525280,ACTION_DOWN,T
328525280,ACTION_UP,T
328526592,ACTION_DOWN,C
328526592,ACTION_UP,C
328527136,ACTION_DOWN,R
328527136,ACTION_UP,R
328527648,ACTION_DOWN,I
328527648,ACTION_UP,I
328528128,ACTION_DOWN,C
328528128,ACTION_UP,C
328528544,ACTION_DOWN,J
328528544,ACTION_UP,J
328529504,ACTION_DOWN,C
328529504,ACTION_UP,C
328530080,ACTION_DOWN,R
328530080,ACTION_UP,R
328530560,ACTION_DOWN,I
328530560,ACTION_UP,I
328531104,ACTION_DOWN,C
328531104,ACTION_UP,C
328531552,ACTION_DOWN,K
328531552,ACTION_UP,K
328532160,ACTION_DOWN,E
328532160,ACTION_UP,E
328532448,ACTION_DOWN,T
328532448,ACTION_UP,T
328534176,ACTION_DOWN,C
328534176,ACTION_UP,C
328534816,ACTION_DOWN,R
328534816,ACTION_UP,R
328535328,ACTION_DOWN,I
328535328,ACTION_UP,I
328535936,ACTION_DOWN,C
328535936,ACTION_UP,C
328536480,ACTION_DOWN,K
328536480,ACTION_UP,K
328537088,ACTION_DOWN,E
328537088,ACTION_UP,E
328537568,ACTION_DOWN,T
328537568,ACTION_UP,T
328539328,ACTION_DOWN,C
328539328,ACTION_UP,C
328539968,ACTION_DOWN,R
328539968,ACTION_UP,R
328540544,ACTION_DOWN,I
328540544,ACTION_UP,I
328541280,ACTION_DOWN,C
328541280,ACTION_UP,C
328541760,ACTION_DOWN,K
328541760,ACTION_UP,K
328542368,ACTION_DOWN,E
328542368,ACTION_UP,E
328542912,ACTION_DOWN,T
328542912,ACTION_UP,T
328544160,ACTION_DOWN,C
328544160,ACTION_UP,C
328544896,ACTION_DOWN,R
328544896,ACTION_UP,R
328545504,ACTION_DOWN,I
328545504,ACTION_UP,I
328546080,ACTION_DOWN,C
328546080,ACTION_UP,C
328546656,ACTION_DOWN,K
328546656,ACTION_UP,K
328547232,ACTION_DOWN,E
328547232,ACTION_UP,E
328547712,ACTION_DOWN,T
328547712,ACTION_UP,T
328549120,ACTION_DOWN,C
328549120,ACTION_UP,C
328549792,ACTION_DOWN,R
328549792,ACTION_UP,R
328550304,ACTION_DOWN,I
328550304,ACTION_UP,I
328550880,ACTION_DOWN,C
328550880,ACTION_UP,C
328551296,ACTION_DOWN,K
328551296,ACTION_UP,K
328551840,ACTION_DOWN,E
328551840,ACTION_UP,E
328552256,ACTION_DOWN,T
328552256,ACTION_UP,T
328553440,ACTION_DOWN,C
328553440,ACTION_UP,C
328554048,ACTION_DOWN,R
328554048,ACTION_UP,R
328554560,ACTION_DOWN,I
328554560,ACTION_UP,I
328555072,ACTION_DOWN,C
328555072,ACTION_UP,C
328555424,ACTION_DOWN,K
328555424,ACTION_UP,K
328556032,ACTION_DOWN,E
328556032,ACTION_UP,E
328556384,ACTION_DOWN,T
328556384,ACTION_UP,T
328557664,ACTION_DOWN,C
328557664,ACTION_UP,C
328558144,ACTION_DOWN,R
328558144,ACTION_UP,R
328558720,ACTION_DOWN,I
328558720,ACTION_UP,I
328559232,ACTION_DOWN,C
328559232,ACTION_UP,C
328559616,ACTION_DOWN,K
328559616,ACTION_UP,K
328560288,ACTION_DOWN,E
328560288,ACTION_UP,E
328560672,ACTION_DOWN,T
328560672,ACTION_UP,T
328562272,ACTION_DOWN,C
328562272,ACTION_UP,C
328562912,ACTION_DOWN,R
328562912,ACTION_UP,R
328563328,ACTION_DOWN,I
328563328,ACTION_UP,I
328563968,ACTION_DOWN,C
328563968,ACTION_UP,C
328564416,ACTION_DOWN,K
328564416,ACTION_UP,K
328564960,ACTION_DOWN,E
328564960,ACTION_UP,E
328565344,ACTION_DOWN,R
328565344,ACTION_UP,R
328566976,ACTION_DOWN,C
328566976,ACTION_UP,C
328567552,ACTION_DOWN,R
328567552,ACTION_UP,R
328568064,ACTION_DOWN,I
328568064,ACTION_UP,I
328568608,ACTION_DOWN,C
328568608,ACTION_UP,C
328569056,ACTION_DOWN,K
328569056,ACTION_UP,K
328569664,ACTION_DOWN,E
328569664,ACTION_UP,E
328570016,ACTION_DOWN,T
328570016,ACTION_UP,T
328571840,ACTION_DOWN,C
328571840,ACTION_UP,C
328572384,ACTION_DOWN,R
328572384,ACTION_UP,R
328572896,ACTION_DOWN,I
328572896,ACTION_UP,I
328573344,ACTION_DOWN,C
328573344,ACTION_UP,C
328573792,ACTION_DOWN,K
328573792,ACTION_UP,K
328574336,ACTION_DOWN,E
328574336,ACTION_UP,E
328574656,ACTION_DOWN,T
328574656,ACTION_UP,T
328576032,ACTION_DOWN,C
328576032,ACTION_UP,C
328576544,ACTION_DOWN,R
328576544,ACTION_UP,R
328576928,ACTION_DOWN,I
328576928,ACTION_UP,I
328577440,ACTION_DOWN,C
328577440,ACTION_UP,C
328577824,ACTION_DOWN,K
328577824,ACTION_UP,K
328578400,ACTION_DOWN,E
328578400,ACTION_UP,E
328578720,ACTION_DOWN,T
328578720,ACTION_UP,T
328580000,ACTION_DOWN,C
328580000,ACTION_UP,C
328580544,ACTION_DOWN,R
328580544,ACTION_UP,R
328580992,ACTION_DOWN,I
328580992,ACTION_UP,I
328581536,ACTION_DOWN,C
328581536,ACTION_UP,C
328581952,ACTION_DOWN,K
328581952,ACTION_UP,K
328582464,ACTION_DOWN,E
328582464,ACTION_UP,E
328582848,ACTION_DOWN,T
328582848,ACTION_UP,T
328584448,ACTION_DOWN,C
328584448,ACTION_UP,C
328584960,ACTION_DOWN,R
328584960,ACTION_UP,R
328585504,ACTION_DOWN,I
328585504,ACTION_UP,I
328586016,ACTION_DOWN,C
328586016,ACTION_UP,C
328586400,ACTION_DOWN,K
328586400,ACTION_UP,K
328586944,ACTION_DOWN,E
328586944,ACTION_UP,E
328587360,ACTION_DOWN,T
328587360,ACTION_UP,T
328588832,ACTION_DOWN,C
328588832,ACTION_UP,C
328589312,ACTION_DOWN,R
328589312,ACTION_UP,R
328589792,ACTION_DOWN,I
328589792,ACTION_UP,I
328590272,ACTION_DOWN,C
328590272,ACTION_UP,C
328590560,ACTION_DOWN,K
328590560,ACTION_UP,K
328591040,ACTION_DOWN,E
328591040,ACTION_UP,E
328591264,ACTION_DOWN,T
328591264,ACTION_UP,T
328593344,ACTION_DOWN,C
328593344,ACTION_UP,C
328593760,ACTION_DOWN,R
328593760,ACTION_UP,R
328594304,ACTION_DOWN,I
328594304,ACTION_UP,I
328594880,ACTION_DOWN,C
328594880,ACTION_UP,C
328595264,ACTION_DOWN,K
328595264,ACTION_UP,K
328595808,ACTION_DOWN,E
328595808,ACTION_UP,E
328596128,ACTION_DOWN,T
328596128,ACTION_UP,T
328597824,ACTION_DOWN,C
328597824,ACTION_UP,C
328598336,ACTION_DOWN,R
328598336,ACTION_UP,R
328598816,ACTION_DOWN,I
328598816,ACTION_UP,I
328599296,ACTION_DOWN,C
328599296,ACTION_UP,C
328599712,ACTION_DOWN,K
328599712,ACTION_UP,K
328600288,ACTION_DOWN,E
328600288,ACTION_UP,E
328600704,ACTION_DOWN,T
328600704,ACTION_UP,T
328601952,ACTION_DOWN,C
328601952,ACTION_UP,C
328602464,ACTION_DOWN,R
328602464,ACTION_UP,R
328603008,ACTION_DOWN,I
328603008,ACTION_UP,I
328603584,ACTION_DOWN,C
328603584,ACTION_UP,C
328604000,ACTION_DOWN,J
328604000,ACTION_UP,J
328605024,ACTION_DOWN,C
328605024,ACTION_UP,C
328605568,ACTION_DOWN,R
328605568,ACTION_UP,R
328606112,ACTION_DOWN,I
328606112,ACTION_UP,I
328606656,ACTION_DOWN,C
328606656,ACTION_UP,C
328607136,ACTION_DOWN,K
328607136,ACTION_UP,K
328607744,ACTION_DOWN,E
328607744,ACTION_UP,E
328608224,ACTION_DOWN,T
328608224,ACTION_UP,T
328609824,ACTION_DOWN,C
328609824,ACTION_UP,C
328610368,ACTION_DOWN,R
328610368,ACTION_UP,R
328610880,ACTION_DOWN,I
328610880,ACTION_UP,I
328611328,ACTION_DOWN,C
328611328,ACTION_UP,C
328611744,ACTION_DOWN,K
328611744,ACTION_UP,K
328612352,ACTION_DOWN,E
328612352,ACTION_UP,E
328612576,ACTION_DOWN,T
328612576,ACTION_UP,T
328614208,ACTION_DOWN,C
328614208,ACTION_UP,C
328614656,ACTION_DOWN,R
328614656,ACTION_UP,R
328615136,ACTION_DOWN,I
328615136,ACTION_UP,I
328615584,ACTION_DOWN,C
328615584,ACTION_UP,C
328615936,ACTION_DOWN,K
328615936,ACTION_UP,K
328616416,ACTION_DOWN,E
328616416,ACTION_UP,E
328616608,ACTION_DOWN,T
328616608,ACTION_UP,T
328618816,ACTION_DOWN,C
328618816,ACTION_UP,C
328619264,ACTION_DOWN,R
328619264,ACTION_UP,R
328619840,ACTION_DOWN,I
328619840,ACTION_UP,I
328620352,ACTION_DOWN,C
328620352,ACTION_UP,C
328620672,ACTION_DOWN,K
328620672,ACTION_UP,K
328621120,ACTION_DOWN,E
328621120,ACTION_UP,E
328621312,ACTION_DOWN,T
328621312,ACTION_UP,T
328624416,ACTION_DOWN,C
328624416,ACTION_UP,C
328624896,ACTION_DOWN,R
328624896,ACTION_UP,R
328625408,ACTION_DOWN,I
328625408,ACTION_UP,I
328625792,ACTION_DOWN,C
328625792,ACTION_UP,C
328626208,ACTION_DOWN,K
328626208,ACTION_UP,K
328626752,ACTION_DOWN,E
328626752,ACTION_UP,E
328627008,ACTION_DOWN,T
328627008,ACTION_UP,T
328628320,ACTION_DOWN,C
328628320,ACTION_UP,C
328628704,ACTION_DOWN,R
328628704,ACTION_UP,R
328629152,ACTION_DOWN,I
328629152,ACTION_UP,I
328629664,ACTION_DOWN,C
328629664,ACTION_UP,C
328629952,ACTION_DOWN,K
328629952,ACTION_UP,K
328630720,ACTION_DOWN,E
328630720,ACTION_UP,E
328631008,ACTION_DOWN,T
328631008,ACTION_UP,T
328632608,ACTION_DOWN,C
328632608,ACTION_UP,C
328633056,ACTION_DOWN,R
328633056,ACTION_UP,R
328633376,ACTION_DOWN,I
328633376,ACTION_UP,I
328633792,ACTION_DOWN,C
328633792,ACTION_UP,C
328634144,ACTION_DOWN,K
328634144,ACTION_UP,K
328634784,ACTION_DOWN,E
328634784,ACTION_UP,E
328635040,ACTION_DOWN,T
328635040,ACTION_UP,T
328636640,ACTION_DOWN,C
328636640,ACTION_UP,C
328637184,ACTION_DOWN,R
328637184,ACTION_UP,R
328637984,ACTION_DOWN,I
328637984,ACTION_UP,I
328638304,ACTION_DOWN,C
328638304,ACTION_UP,C
328638592,ACTION_DOWN,K
328638592,ACTION_UP,K
328639040,ACTION_DOWN,E
328639040,ACTION_UP,E
328639328,ACTION_DOWN,T
328639328,ACTION_UP,T
328640832,ACTION_DOWN,C
328640832,ACTION_UP,C
328641280,ACTION_DOWN,R
328641280,ACTION_UP,R
328641728,ACTION_DOWN,I
328641728,ACTION_UP,I
328642144,ACTION_DOWN,C
328642144,ACTION_UP,C
328642496,ACTION_DOWN,K
328642496,ACTION_UP,K
328643072,ACTION_DOWN,E
328643072,ACTION_UP,E
328643360,ACTION_DOWN,T
328643360,ACTION_UP,T
328644352,ACTION_DOWN,C
328644352,ACTION_UP,C
328644800,ACTION_DOWN,R
328644800,ACTION_UP,R
328645184,ACTION_DOWN,I
328645184,ACTION_UP,I
328645600,ACTION_DOWN,C
328645600,ACTION_UP,C
328645920,ACTION_DOWN,K
328645920,ACTION_UP,K
328646432,ACTION_DOWN,E
328646432,ACTION_UP,E
328646688,ACTION_DOWN,T
328646688,ACTION_UP,T
328648000,ACTION_DOWN,C
328648000,ACTION_UP,C
328648448,ACTION_DOWN,R
328648448,ACTION_UP,R
328648832,ACTION_DOWN,I
328648832,ACTION_UP,I
328649280,ACTION_DOWN,C
328649280,ACTION_UP,C
328649664,ACTION_DOWN,K
328649664,ACTION_UP,K
328650080,ACTION_DOWN,E
328650080,ACTION_UP,E
328650368,ACTION_DOWN,Y
328650368,ACTION_UP,Y
328651488,ACTION_DOWN,C
328651488,ACTION_UP,C
328652032,ACTION_DOWN,R
328652032,ACTION_UP,R
328652544,ACTION_DOWN,I
328652544,ACTION_UP,I
328653024,ACTION_DOWN,C
328653024,ACTION_UP,C
328653376,ACTION_DOWN,K
328653376,ACTION_UP,K
328653888,ACTION_DOWN,E
328653888,ACTION_UP,E
328654176,ACTION_DOWN,T
328654176,ACTION_UP,T
328655456,ACTION_DOWN,C
328655456,ACTION_UP,C
328655840,ACTION_DOWN,R
328655840,ACTION_UP,R
328656288,ACTION_DOWN,I
328656288,ACTION_UP,I
328656736,ACTION_DOWN,C
328656736,ACTION_UP,C
328657120,ACTION_DOWN,K
328657120,ACTION_UP,K
328657632,ACTION_DOWN,E
328657632,ACTION_UP,E
328657888,ACTION_DOWN,T
328657920,ACTION_UP,T
328659424,ACTION_DOWN,C
328659424,ACTION_UP,C
328659968,ACTION_DOWN,R
328659968,ACTION_UP,R
328660416,ACTION_DOWN,I
328660416,ACTION_UP,I
328660896,ACTION_DOWN,C
328660896,ACTION_UP,C
328661216,ACTION_DOWN,K
328661216,ACTION_UP,K
328661760,ACTION_DOWN,E
328661760,ACTION_UP,E
328662048,ACTION_DOWN,T
328662048,ACTION_UP,T
328663424,ACTION_DOWN,C
328663424,ACTION_UP,C
328663904,ACTION_DOWN,R
328663904,ACTION_UP,R
328664320,ACTION_DOWN,I
328664320,ACTION_UP,I
328664800,ACTION_DOWN,C
328664800,ACTION_UP,C
328665152,ACTION_DOWN,K
328665152,ACTION_UP,K
328665664,ACTION_DOWN,E
328665664,ACTION_UP,E
328665888,ACTION_DOWN,T
328665888,ACTION_UP,T
328667232,ACTION_DOWN,C
328667232,ACTION_UP,C
328667808,ACTION_DOWN,R
328667808,ACTION_UP,R
328668256,ACTION_DOWN,I
328668256,ACTION_UP,I
328668704,ACTION_DOWN,C
328668704,ACTION_UP,C
328669120,ACTION_DOWN,K
328669120,ACTION_UP,K
328669696,ACTION_DOWN,E
328669696,ACTION_UP,E
328670016,ACTION_DOWN,T
328670016,ACTION_UP,T
328671424,ACTION_DOWN,C
328671424,ACTION_UP,C
328671840,ACTION_DOWN,R
328671840,ACTION_UP,R
328672384,ACTION_DOWN,I
328672384,ACTION_UP,I
328672800,ACTION_DOWN,C
328672800,ACTION_UP,C
328673216,ACTION_DOWN,K
328673216,ACTION_UP,K
328673760,ACTION_DOWN,E
328673760,ACTION_UP,E
328673952,ACTION_DOWN,T
328673984,ACTION_UP,T
328675040,ACTION_DOWN,C
328675040,ACTION_UP,C
328675488,ACTION_DOWN,R
328675488,ACTION_UP,R
328675840,ACTION_DOWN,I
328675840,ACTION_UP,I
328676320,ACTION_DOWN,C
328676320,ACTION_UP,C
328676672,ACTION_DOWN,K
328676672,ACTION_UP,K
328677152,ACTION_DOWN,E
328677152,ACTION_UP,E
328677408,ACTION_DOWN,T
328677408,ACTION_UP,T
328678720,ACTION_DOWN,P
328678720,ACTION_UP,P
328679424,ACTION_DOWN,R
328679424,ACTION_UP,R
328679936,ACTION_DOWN,I
328679936,ACTION_UP,I
328680480,ACTION_DOWN,Z
328680480,ACTION_UP,Z
328680832,ACTION_DOWN,E
328680832,ACTION_UP,E
328681824,ACTION_DOWN,P
328681824,ACTION_UP,P
328682464,ACTION_DOWN,R
328682464,ACTION_UP,R
328682944,ACTION_DOWN,I
328682944,ACTION_UP,I
328683488,ACTION_DOWN,Z
328683488,ACTION_UP,Z
328683904,ACTION_DOWN,E
328683904,ACTION_UP,E
328684576,ACTION_DOWN,P
328684576,ACTION_UP,P
328685152,ACTION_DOWN,R
328685152,ACTION_UP,R
328685568,ACTION_DOWN,I
328685568,ACTION_UP,I
328686080,ACTION_DOWN,Z
328686080,ACTION_UP,Z
328686528,ACTION_DOWN,E
328686528,ACTION_UP,E
328687200,ACTION_DOWN,P
328687200,ACTION_UP,P
328687808,ACTION_DOWN,R
328687808,ACTION_UP,R
328688160,ACTION_DOWN,I
328688160,ACTION_UP,I
328688768,ACTION_DOWN,Z
328688768,ACTION_UP,Z
328689088,ACTION_DOWN,E
328689088,ACTION_UP,E
328689824,ACTION_DOWN,P
328689824,ACTION_UP,P
328690368,ACTION_DOWN,R
328690368,ACTION_UP,R
328690784,ACTION_DOWN,I
328690784,ACTION_UP,I
328691264,ACTION_DOWN,Z
328691264,ACTION_UP,Z
328691520,ACTION_DOWN,E
328691520,ACTION_UP,E
328692192,ACTION_DOWN,P
328692192,ACTION_UP,P
328692608,ACTION_DOWN,R
328692640,ACTION_UP,R
328693056,ACTION_DOWN,I
328693056,ACTION_UP,I
328693600,ACTION_DOWN,Z
328693600,ACTION_UP,Z
328693888,ACTION_DOWN,E
328693888,ACTION_UP,E
328694752,ACTION_DOWN,P
328694752,ACTION_UP,P
328695392,ACTION_DOWN,R
328695392,ACTION_UP,R
328695840,ACTION_DOWN,I
328695840,ACTION_UP,I
328696384,ACTION_DOWN,Z
328696384,ACTION_UP,Z
328696704,ACTION_DOWN,E
328696704,ACTION_UP,E
328697376,ACTION_DOWN,P
328697376,ACTION_UP,P
328697888,ACTION_DOWN,R
328697888,ACTION_UP,R
328698272,ACTION_DOWN,O
328698304,ACTION_UP,O
328699072,ACTION_DOWN,P
328699072,ACTION_UP,P
328699520,ACTION_DOWN,R
328699520,ACTION_UP,R
328699872,ACTION_DOWN,I
328699872,ACTION_UP,I
328700416,ACTION_DOWN,Z
328700416,ACTION_UP,Z
328700768,ACTION_DOWN,E
328700800,ACTION_UP,E
328701728,ACTION_DOWN,P
328701728,ACTION_UP,P
328702368,ACTION_DOWN,R
328702368,ACTION_UP,R
328702816,ACTION_DOWN,I
328702816,ACTION_UP,I
328703456,ACTION_DOWN,Z
328703456,ACTION_UP,Z
328703776,ACTION_DOWN,E
328703776,ACTION_UP,E
328704288,ACTION_DOWN,P
328704288,ACTION_UP,P
328704832,ACTION_DOWN,R
328704832,ACTION_UP,R
328705344,ACTION_DOWN,I
328705344,ACTION_UP,I
328705856,ACTION_DOWN,Z
328705856,ACTION_UP,Z
328706112,ACTION_DOWN,E
328706112,ACTION_UP,E
328707136,ACTION_DOWN,P
328707136,ACTION_UP,P
328707584,ACTION_DOWN,R
328707584,ACTION_UP,R
328708064,ACTION_DOWN,I
328708064,ACTION_UP,I
328708544,ACTION_DOWN,Z
328708544,ACTION_UP,Z
328708800,ACTION_DOWN,E
328708800,ACTION_UP,E
328709632,ACTION_DOWN,P
328709632,ACTION_UP,P
328710240,ACTION_DOWN,R
328710240,ACTION_UP,R
328710624,ACTION_DOWN,I
328710624,ACTION_UP,I
328711136,ACTION_DOWN,Z
328711136,ACTION_UP,Z
328711392,ACTION_DOWN,E
328711424,ACTION_UP,E
328712128,ACTION_DOWN,P
328712128,ACTION_UP,P
328712736,ACTION_DOWN,R
328712736,ACTION_UP,R
328713120,ACTION_DOWN,I
328713120,ACTION_UP,I
328713664,ACTION_DOWN,Z
328713664,ACTION_UP,Z
328713920,ACTION_DOWN,E
328713920,ACTION_UP,E
328715104,ACTION_DOWN,P
328715104,ACTION_UP,P
328715840,ACTION_DOWN,R
328715840,ACTION_UP,R
328716192,ACTION_DOWN,I
328716192,ACTION_UP,I
328716736,ACTION_DOWN,Z
328716736,ACTION_UP,Z
328717024,ACTION_DOWN,E
328717024,ACTION_UP,E
328718240,ACTION_DOWN,P
328718240,ACTION_UP,P
328718784,ACTION_DOWN,R
328718784,ACTION_UP,R
328719232,ACTION_DOWN,I
328719232,ACTION_UP,I
328719808,ACTION_DOWN,Z
328719808,ACTION_UP,Z
328720256,ACTION_DOWN,E
328720256,ACTION_UP,E
328721408,ACTION_DOWN,P
328721408,ACTION_UP,P
328722048,ACTION_DOWN,R
328722048,ACTION_UP,R
328722496,ACTION_DOWN,I
328722496,ACTION_UP,I
328723072,ACTION_DOWN,Z
328723072,ACTION_UP,Z
328723328,ACTION_DOWN,E
328723328,ACTION_UP,E
328724160,ACTION_DOWN,P
328724160,ACTION_UP,P
328724672,ACTION_DOWN,R
328724672,ACTION_UP,R
328725120,ACTION_DOWN,I
328725120,ACTION_UP,I
328725760,ACTION_DOWN,Z
328725760,ACTION_UP,Z
328726048,ACTION_DOWN,E
328726048,ACTION_UP,E
328727104,ACTION_DOWN,P
328727104,ACTION_UP,P
328727776,ACTION_DOWN,R
328727776,ACTION_UP,R
328728288,ACTION_DOWN,I
328728288,ACTION_UP,I
328728864,ACTION_DOWN,Z
328728864,ACTION_UP,Z
328729216,ACTION_DOWN,E
328729216,ACTION_UP,E
328730208,ACTION_DOWN,P
328730208,ACTION_UP,P
328730752,ACTION_DOWN,R
328730752,ACTION_UP,R
328731200,ACTION_DOWN,I
328731200,ACTION_UP,I
328731680,ACTION_DOWN,Z
328731680,ACTION_UP,Z
328732000,ACTION_DOWN,E
328732000,ACTION_UP,E
328732864,ACTION_DOWN,P
328732864,ACTION_UP,P
328733344,ACTION_DOWN,R
328733344,ACTION_UP,R
328733728,ACTION_DOWN,I
328733728,ACTION_UP,I
328734496,ACTION_DOWN,Z
328734496,ACTION_UP,Z
328734784,ACTION_DOWN,E
328734784,ACTION_UP,E
328735680,ACTION_DOWN,P
328735680,ACTION_UP,P
328736256,ACTION_DOWN,R
328736256,ACTION_UP,R
328736672,ACTION_DOWN,I
328736672,ACTION_UP,I
328737184,ACTION_DOWN,Z
328737184,ACTION_UP,Z
328737472,ACTION_DOWN,E
328737472,ACTION_UP,E
328738144,ACTION_DOWN,P
328738144,ACTION_UP,P
328738688,ACTION_DOWN,R
328738688,ACTION_UP,R
328739072,ACTION_DOWN,I
328739072,ACTION_UP,I
328739904,ACTION_DOWN,Z
328739904,ACTION_UP,Z
328740192,ACTION_DOWN,E
328740192,ACTION_UP,E
328740832,ACTION_DOWN,P
328740832,ACTION_UP,P
328741280,ACTION_DOWN,R
328741280,ACTION_UP,R
328741696,ACTION_DOWN,I
328741696,ACTION_UP,I
328742272,ACTION_DOWN,Z
328742272,ACTION_UP,Z
328742624,ACTION_DOWN,E
328742624,ACTION_UP,E
328743424,ACTION_DOWN,P
328743424,ACTION_UP,P
328743968,ACTION_DOWN,R
328743968,ACTION_UP,R
328744416,ACTION_DOWN,I
328744416,ACTION_UP,I
328744992,ACTION_DOWN,Z
328744992,ACTION_UP,Z
328745376,ACTION_DOWN,E
328745376,ACTION_UP,E
328745984,ACTION_DOWN,P
328745984,ACTION_UP,P
328746656,ACTION_DOWN,R
328746656,ACTION_UP,R
328747104,ACTION_DOWN,I
328747104,ACTION_UP,I
328747680,ACTION_DOWN,Z
328747680,ACTION_UP,Z
328748096,ACTION_DOWN,E
328748096,ACTION_UP,E
328748864,ACTION_DOWN,P
328748864,ACTION_UP,P
328749472,ACTION_DOWN,R
328749472,ACTION_UP,R
328749888,ACTION_DOWN,I
328749888,ACTION_UP,I
328750464,ACTION_DOWN,Z
328750464,ACTION_UP,Z
328750848,ACTION_DOWN,E
328750848,ACTION_UP,E
328751488,ACTION_DOWN,P
328751488,ACTION_UP,P
328752064,ACTION_DOWN,R
328752064,ACTION_UP,R
328752544,ACTION_DOWN,I
328752544,ACTION_UP,I
328753152,ACTION_DOWN,Z
328753152,ACTION_UP,Z
328753440,ACTION_DOWN,E
328753440,ACTION_UP,E
328754560,ACTION_DOWN,P
328754560,ACTION_UP,P
328755296,ACTION_DOWN,R
328755296,ACTION_UP,R
328755680,ACTION_DOWN,I
328755680,ACTION_UP,I
328756288,ACTION_DOWN,Z
328756288,ACTION_UP,Z
328756704,ACTION_DOWN,E
328756704,ACTION_UP,E
328757536,ACTION_DOWN,P
328757536,ACTION_UP,P
328758144,ACTION_DOWN,R
328758144,ACTION_UP,R
328758528,ACTION_DOWN,I
328758528,ACTION_UP,I
328759040,ACTION_DOWN,Z
328759040,ACTION_UP,Z
328759360,ACTION_DOWN,E
328759360,ACTION_UP,E
328760160,ACTION_DOWN,P
328760160,ACTION_UP,P
328760800,ACTION_DOWN,R
328760800,ACTION_UP,R
328761152,ACTION_DOWN,I
328761152,ACTION_UP,I
328761728,ACTION_DOWN,Z
328761728,ACTION_UP,Z
328761984,ACTION_DOWN,E
328761984,ACTION_UP,E
328762816,ACTION_DOWN,P
328762816,ACTION_UP,P
328763328,ACTION_DOWN,R
328763328,ACTION_UP,R
328763744,ACTION_DOWN,I
328763744,ACTION_UP,I
328764256,ACTION_DOWN,Z
328764256,ACTION_UP,Z
328764608,ACTION_DOWN,E
328764608,ACTION_UP,E
328765504,ACTION_DOWN,P
328765504,ACTION_UP,P
328766016,ACTION_DOWN,R
328766016,ACTION_UP,R
328766464,ACTION_DOWN,I
328766464,ACTION_UP,I
328766912,ACTION_DOWN,Z
328766912,ACTION_UP,Z
328767168,ACTION_DOWN,E
328767168,ACTION_UP,E
328768096,ACTION_DOWN,P
328768096,ACTION_UP,P
328768704,ACTION_DOWN,R
328768704,ACTION_UP,R
328769152,ACTION_DOWN,I
328769152,ACTION_UP,I
328769664,ACTION_DOWN,Z
328769664,ACTION_UP,Z
328769888,ACTION_DOWN,E
328769920,ACTION_UP,E
328770656,ACTION_DOWN,P
328770656,ACTION_UP,P
328771200,ACTION_DOWN,R
328771200,ACTION_UP,R
328771520,ACTION_DOWN,I
328771520,ACTION_UP,I
328772064,ACTION_DOWN,X
328772096,ACTION_UP,X
328772352,ACTION_DOWN,E
328772384,ACTION_UP,E
328773248,ACTION_DOWN,P
328773248,ACTION_UP,P
328773696,ACTION_DOWN,R
328773696,ACTION_UP,R
328774112,ACTION_DOWN,I
328774112,ACTION_UP,I
328774624,ACTION_DOWN,Z
328774624,ACTION_UP,Z
328775008,ACTION_DOWN,E
328775008,ACTION_UP,E
328775968,ACTION_DOWN,P
328775968,ACTION_UP,P
328776416,ACTION_DOWN,R
328776416,ACTION_UP,R
328776864,ACTION_DOWN,I
328776864,ACTION_UP,I
328777472,ACTION_DOWN,Z
328777472,ACTION_UP,Z
328777792,ACTION_DOWN,E
328777792,ACTION_UP,E
328778784,ACTION_DOWN,P
328778784,ACTION_UP,P
328779392,ACTION_DOWN,R
328779392,ACTION_UP,R
328779744,ACTION_DOWN,I
328779744,ACTION_UP,I
328780320,ACTION_DOWN,Z
328780320,ACTION_UP,Z
328780672,ACTION_DOWN,E
328780672,ACTION_UP,E
328781760,ACTION_DOWN,P
328781760,ACTION_UP,P
328782208,ACTION_DOWN,R
328782208,ACTION_UP,R
328782624,ACTION_DOWN,I
328782624,ACTION_UP,I
328783264,ACTION_DOWN,Z
328783264,ACTION_UP,Z
328783680,ACTION_DOWN,E
328783680,ACTION_UP,E
328784480,ACTION_DOWN,P
328784480,ACTION_UP,P
328785120,ACTION_DOWN,R
328785120,ACTION_UP,R
328785472,ACTION_DOWN,I
328785472,ACTION_UP,I
328786016,ACTION_DOWN,Z
328786016,ACTION_UP,Z
328786432,ACTION_DOWN,E
328786432,ACTION_UP,E
328787328,ACTION_DOWN,P
328787328,ACTION_UP,P
328787904,ACTION_DOWN,R
328787904,ACTION_UP,R
328788256,ACTION_DOWN,I
328788256,ACTION_UP,I
328788736,ACTION_DOWN,Z
328788736,ACTION_UP,Z
328789088,ACTION_DOWN,E
328789088,ACTION_UP,E
328790272,ACTION_DOWN,P
328790272,ACTION_UP,P
328791008,ACTION_DOWN,R
328791008,ACTION_UP,R
328791520,ACTION_DOWN,I
328791520,ACTION_UP,I
328792064,ACTION_DOWN,Z
328792064,ACTION_UP,Z
328792448,ACTION_DOWN,E
328792448,ACTION_UP,E
328793344,ACTION_DOWN,P
328793376,ACTION_UP,P
328793984,ACTION_DOWN,R
328793984,ACTION_UP,R
328794368,ACTION_DOWN,I
328794368,ACTION_UP,I
328794976,ACTION_DOWN,Z
328794976,ACTION_UP,Z
328795296,ACTION_DOWN,E
328795296,ACTION_UP,E
328796096,ACTION_DOWN,P
328796096,ACTION_UP,P
328796704,ACTION_DOWN,R
328796704,ACTION_UP,R
328797184,ACTION_DOWN,I
328797184,ACTION_UP,I
328797696,ACTION_DOWN,X
328797728,ACTION_UP,X
328798656,ACTION_DOWN,P
328798656,ACTION_UP,P
328799424,ACTION_DOWN,R
328799424,ACTION_UP,R
328799808,ACTION_DOWN,I
328799808,ACTION_UP,I
328800320,ACTION_DOWN,Z
328800320,ACTION_UP,Z
328800576,ACTION_DOWN,E
328800576,ACTION_UP,E
328801408,ACTION_DOWN,P
328801408,ACTION_UP,P
328802112,ACTION_DOWN,R
328802112,ACTION_UP,R
328802592,ACTION_DOWN,I
328802592,ACTION_UP,I
328803168,ACTION_DOWN,Z
328803168,ACTION_UP,Z
328803392,ACTION_DOWN,E
328803392,ACTION_UP,E
328804192,ACTION_DOWN,P
328804192,ACTION_UP,P
328804768,ACTION_DOWN,R
328804768,ACTION_UP,R
328805216,ACTION_DOWN,I
328805216,ACTION_UP,I
328805728,ACTION_DOWN,Z
328805728,ACTION_UP,Z
328806080,ACTION_DOWN,E
328806080,ACTION_UP,E
328807104,ACTION_DOWN,P
328807104,ACTION_UP,P
328807648,ACTION_DOWN,R
328807648,ACTION_UP,R
328808000,ACTION_DOWN,I
328808000,ACTION_UP,I
328808608,ACTION_DOWN,X
328808608,ACTION_UP,X
328809472,ACTION_DOWN,P
328809472,ACTION_UP,P
328810112,ACTION_DOWN,R
328810112,ACTION_UP,R
328810560,ACTION_DOWN,I
328810560,ACTION_UP,I
328811072,ACTION_DOWN,Z
328811072,ACTION_UP,Z
328811552,ACTION_DOWN,E
328811552,ACTION_UP,E
328812480,ACTION_DOWN,P
328812480,ACTION_UP,P
328813120,ACTION_DOWN,R
328813120,ACTION_UP,R
328813600,ACTION_DOWN,I
328813600,ACTION_UP,I
328814208,ACTION_DOWN,Z
328814208,ACTION_UP,Z
328814624,ACTION_DOWN,E
328814624,ACTION_UP,E
328815680,ACTION_DOWN,P
328815680,ACTION_UP,P
328816320,ACTION_DOWN,R
328816320,ACTION_UP,R
328816800,ACTION_DOWN,I
328816800,ACTION_UP,I
328817280,ACTION_DOWN,Z
328817280,ACTION_UP,Z
328817696,ACTION_DOWN,E
328817696,ACTION_UP,E
328818560,ACTION_DOWN,P
328818560,ACTION_UP,P
328819200,ACTION_DOWN,R
328819200,ACTION_UP,R
328819648,ACTION_DOWN,I
328819648,ACTION_UP,I
328820224,ACTION_DOWN,Z
328820224,ACTION_UP,Z
328820640,ACTION_DOWN,E
328820640,ACTION_UP,E
328821696,ACTION_DOWN,P
328821696,ACTION_UP,P
328822144,ACTION_DOWN,R
328822144,ACTION_UP,R
328822592,ACTION_DOWN,I
328822592,ACTION_UP,I
328823136,ACTION_DOWN,Z
328823136,ACTION_UP,Z
328823488,ACTION_DOWN,E
328823488,ACTION_UP,E
328824512,ACTION_DOWN,P
328824512,ACTION_UP,P
328825056,ACTION_DOWN,R
328825056,ACTION_UP,R
328825472,ACTION_DOWN,I
328825472,ACTION_UP,I
328825984,ACTION_DOWN,Z
328825984,ACTION_UP,Z
328826400,ACTION_DOWN,E
328826432,ACTION_UP,E
328828672,ACTION_DOWN,A
328828672,ACTION_UP,A
328829152,ACTION_DOWN,N
328829152,ACTION_UP,N
328829696,ACTION_DOWN,D
328829696,ACTION_UP,D
328830080,ACTION_DOWN,R
328830080,ACTION_UP,R
328830528,ACTION_DOWN,O
328830528,ACTION_UP,O
328830848,ACTION_DOWN,I
328830848,ACTION_UP,I
328831328,ACTION_DOWN,D
328831328,ACTION_UP,D
