timestamp,action,key
435722080,ACTION_DOWN,B
435722080,ACTION_UP,B
435722592,ACTION_DOWN,E
435722592,ACTION_UP,E
435723200,ACTION_DOWN,L
435723200,ACTION_UP,L
435723360,ACTION_DOWN,L
435723360,ACTION_UP,L
435723968,ACTION_DOWN,S
435723968,ACTION_UP,S
435724992,ACTION_DOWN, 
435724992,ACTION_UP, 
435726976,ACTION_DOWN,N
435726976,ACTION_UP,N
435727552,ACTION_DOWN,E
435727552,ACTION_UP,E
435727808,ACTION_DOWN,W
435727808,ACTION_UP,W
435728448,ACTION_DOWN, 
435728448,ACTION_UP, 
435728928,ACTION_DOWN,F
435728928,ACTION_UP,F
435729632,ACTION_DOWN,L
435729632,ACTION_UP,L
435730240,ACTION_DOWN,Y
435730240,ACTION_UP,Y
435730688,ACTION_DOWN,I
435730688,ACTION_UP,I
435731168,ACTION_DOWN,N
435731168,ACTION_UP,N
435731616,ACTION_DOWN,G
435731616,ACTION_UP,G
435732192,ACTION_DOWN, 
435732192,ACTION_UP, 
435732608,ACTION_DOWN,C
435732608,ACTION_UP,C
435733056,ACTION_DOWN,A
435733056,ACTION_UP,A
435733472,ACTION_DOWN,R
435733472,ACTION_UP,R
435733920,ACTION_DOWN, 
435733920,ACTION_UP, 
435734432,ACTION_DOWN,D
435734432,ACTION_UP,D
435734752,ACTION_DOWN,E
435734784,ACTION_UP,E
435735328,ACTION_DOWN,S
435735328,ACTION_UP,S
435735872,ACTION_DOWN,I
435735872,ACTION_UP,I
435736448,ACTION_DOWN,G
435736448,ACTION_UP,G
435737024,ACTION_DOWN,N
435737024,ACTION_UP,N
435738912,ACTION_DOWN, 
435738912,ACTION_UP, 
435740640,ACTION_DOWN,C
435740640,ACTION_UP,C
435741056,ACTION_DOWN,A
435741056,ACTION_UP,A
435741824,ACTION_DOWN,L
435741824,ACTION_UP,L
435742368,ACTION_DOWN,L
435742368,ACTION_UP,L
435743072,ACTION_DOWN,E
435743072,ACTION_UP,E
435743584,ACTION_DOWN,D
435743584,ACTION_UP,D
435744864,ACTION_DOWN, 
435744864,ACTION_UP, 
435745696,ACTION_DOWN,N
435745696,ACTION_UP,N
435746336,ACTION_DOWN,E
435746336,ACTION_UP,E
435747040,ACTION_DOWN,X
435747040,ACTION_UP,X
435747520,ACTION_DOWN,U
435747520,ACTION_UP,U
435747968,ACTION_DOWN,S
435747968,ACTION_UP,S
435749632,ACTION_DOWN, 
435749632,ACTION_UP, 
435750112,ACTION_DOWN,H
435750112,ACTION_UP,H
435750560,ACTION_DOWN,A
435750560,ACTION_UP,A
435750848,ACTION_DOWN,S
435750848,ACTION_UP,S
435751488,ACTION_DOWN, 
435751488,ACTION_UP, 
435751872,ACTION_DOWN,B
435751872,ACTION_UP,B
435752480,ACTION_DOWN,E
435752480,ACTION_UP,E
435752736,ACTION_DOWN,E
435752800,ACTION_UP,E
435753408,ACTION_DOWN,N
435753408,ACTION_UP,N
435753888,ACTION_DOWN, 
435753888,ACTION_UP, 
435755424,ACTION_DOWN,U
435755424,ACTION_UP,U
435755904,ACTION_DOWN,N
435755904,ACTION_UP,N
435756608,ACTION_DOWN,V
435756608,ACTION_UP,V
435757120,ACTION_DOWN,E
435757120,ACTION_UP,E
435757632,ACTION_DOWN,I
435757632,ACTION_UP,I
435758112,ACTION_DOWN,L
435758112,ACTION_UP,L
435758784,ACTION_DOWN,E
435758784,ACTION_UP,E
435759200,ACTION_DOWN,D
435759200,ACTION_UP,D
435760992,ACTION_DOWN, 
435760992,ACTION_UP, 
435761504,ACTION_DOWN,A
435761504,ACTION_UP,A
435761920,ACTION_DOWN,T
435761920,ACTION_UP,T
435762464,ACTION_DOWN, 
435762464,ACTION_UP, 
435762848,ACTION_DOWN,C
435762848,ACTION_UP,C
435763360,ACTION_DOWN,E
435763360,ACTION_UP,E
435763744,ACTION_DOWN,S
435763744,ACTION_UP,S
435766208,ACTION_DOWN, 
435766208,ACTION_UP, 
435766848,ACTION_DOWN,I
435766848,ACTION_UP,I
435767296,ACTION_DOWN,T
435767296,ACTION_UP,T
435767808,ACTION_DOWN, 
435767840,ACTION_UP, 
435768288,ACTION_DOWN,I
435768288,ACTION_UP,I
435768800,ACTION_DOWN,S
435768800,ACTION_UP,S
435770176,ACTION_DOWN, 
435770176,ACTION_UP, 
435770528,ACTION_DOWN,B
435770528,ACTION_UP,B
435771200,ACTION_DOWN,E
435771232,ACTION_UP,E
435771872,ACTION_DOWN,I
435771872,ACTION_UP,I
435772384,ACTION_DOWN,N
435772384,ACTION_UP,N
435772992,ACTION_DOWN,G
435772992,ACTION_UP,G
435774688,ACTION_DOWN, 
435774688,ACTION_UP, 
435775200,ACTION_DOWN,D
435775200,ACTION_UP,D
435775584,ACTION_DOWN,E
435775584,ACTION_UP,E
435776192,ACTION_DOWN,V
435776224,ACTION_UP,V
435776640,ACTION_DOWN,E
435776640,ACTION_UP,E
435777280,ACTION_DOWN,L
435777280,ACTION_UP,L
435777664,ACTION_DOWN,O
435777664,ACTION_UP,O
435777920,ACTION_DOWN,P
435777920,ACTION_UP,P
435778656,ACTION_DOWN,E
435778656,ACTION_UP,E
435780640,ACTION_DOWN,D
435780640,ACTION_UP,D
435781056,ACTION_DOWN, 
435781056,ACTION_UP, 
435781504,ACTION_DOWN,F
435781504,ACTION_UP,F
435782080,ACTION_DOWN,O
435782080,ACTION_UP,O
435782688,ACTION_DOWN,R
435782688,ACTION_UP,R
435784032,ACTION_DOWN, 
435784032,ACTION_UP, 
435784576,ACTION_DOWN,U
435784576,ACTION_UP,U
435785024,ACTION_DOWN,B
435785024,ACTION_UP,B
435785696,ACTION_DOWN,E
435785696,ACTION_UP,E
435785984,ACTION_DOWN,R
435785984,ACTION_UP,R
435787840,ACTION_DOWN,S
435787840,ACTION_UP,S
435788384,ACTION_DOWN, 
435788384,ACTION_UP, 
435788928,ACTION_DOWN,E
435788928,ACTION_UP,E
435790016,ACTION_DOWN,L
435790016,ACTION_UP,L
435790624,ACTION_DOWN,E
435790624,ACTION_UP,E
435791360,ACTION_DOWN,V
435791360,ACTION_UP,V
435791968,ACTION_DOWN,A
435791968,ACTION_UP,A
435792480,ACTION_DOWN,T
435792480,ACTION_UP,T
435792800,ACTION_DOWN,E
435792800,ACTION_UP,E
435794560,ACTION_DOWN, 
435794560,ACTION_UP, 
435795232,ACTION_DOWN,A
435795232,ACTION_UP,A
435796000,ACTION_DOWN,I
435796032,ACTION_UP,I
435796640,ACTION_DOWN,R
435796640,ACTION_UP,R
435799168,ACTION_DOWN, 
435799168,ACTION_UP, 
435799616,ACTION_DOWN,Y
435799616,ACTION_UP,Y
435800832,ACTION_DOWN,A
435800832,ACTION_UP,A
435801440,ACTION_DOWN,X
435801440,ACTION_UP,X
435801888,ACTION_DOWN,I
435801888,ACTION_UP,I
435803872,ACTION_DOWN, 
435803872,ACTION_UP, 
435804608,ACTION_DOWN,P
435804608,ACTION_UP,P
435805184,ACTION_DOWN,R
435805184,ACTION_UP,R
435805760,ACTION_DOWN,O
435805760,ACTION_UP,O
435806496,ACTION_DOWN,G
435806496,ACTION_UP,G
435806944,ACTION_DOWN,R
435806976,ACTION_UP,R
435807296,ACTION_DOWN,A
435807296,ACTION_UP,A
435808000,ACTION_DOWN,M
435808000,ACTION_UP,M
435809792,ACTION_DOWN, 
435809792,ACTION_UP, 
435811552,ACTION_DOWN,N
435811552,ACTION_UP,N
435812256,ACTION_DOWN,E
435812256,ACTION_UP,E
435812704,ACTION_DOWN,X
435812704,ACTION_UP,X
435813248,ACTION_DOWN,U
435813248,ACTION_UP,U
435813760,ACTION_DOWN,S
435813760,ACTION_UP,S
435815488,ACTION_DOWN, 
435815488,ACTION_UP, 
435816000,ACTION_DOWN,H
435816000,ACTION_UP,H
435816544,ACTION_DOWN,A
435816544,ACTION_UP,A
435817056,ACTION_DOWN,S
435817056,ACTION_UP,S
435819008,ACTION_DOWN, 
435819008,ACTION_UP, 
435821760,ACTION_DOWN,S
435821760,ACTION_UP,S
435822304,ACTION_DOWN,I
435822304,ACTION_UP,I
435822848,ACTION_DOWN,X
435822848,ACTION_UP,X
435826528,ACTION_DOWN, 
435826528,ACTION_UP, 
435827008,ACTION_DOWN,F
435827008,ACTION_UP,F
435827392,ACTION_DOWN,A
435827392,ACTION_UP,A
435829088,ACTION_DOWN,N
435829088,ACTION_UP,N
435829664,ACTION_DOWN,S
435829664,ACTION_UP,S
435831328,ACTION_DOWN,V
435831328,ACTION_UP,V
435832704,ACTION_DOWN, 
435832704,ACTION_UP, 
435834688,ACTION_DOWN,W
435834688,ACTION_UP,W
435835520,ACTION_DOWN,H
435835520,ACTION_UP,H
435835776,ACTION_DOWN,I
435835776,ACTION_UP,I
435836256,ACTION_DOWN,C
435836256,ACTION_UP,C
435836640,ACTION_DOWN,H
435836640,ACTION_UP,H
435837024,ACTION_DOWN, 
435837024,ACTION_UP, 
435837504,ACTION_DOWN,F
435837504,ACTION_UP,F
435837888,ACTION_DOWN,A
435837888,ACTION_UP,A
435838368,ACTION_DOWN,C
435838368,ACTION_UP,C
435838848,ACTION_DOWN,I
435838848,ACTION_UP,I
435841344,ACTION_DOWN,L
435841344,ACTION_UP,L
435841760,ACTION_DOWN,I
435841760,ACTION_UP,I
435842592,ACTION_DOWN,T
435842592,ACTION_UP,T
435842944,ACTION_DOWN,A
435842944,ACTION_UP,A
435843552,ACTION_DOWN,T
435843552,ACTION_UP,T
435843872,ACTION_DOWN,E
435843872,ACTION_UP,E
435846240,ACTION_DOWN, 
435846240,ACTION_UP, 
435846848,ACTION_DOWN,I
435846848,ACTION_UP,I
435847488,ACTION_DOWN,T
435847488,ACTION_UP,T
435849056,ACTION_DOWN, 
435849056,ACTION_UP, 
435849600,ACTION_DOWN,T
435849600,ACTION_UP,T
435850080,ACTION_DOWN,O
435850080,ACTION_UP,O
435852000,ACTION_DOWN, 
435852000,ACTION_UP, 
435852544,ACTION_DOWN,T
435852544,ACTION_UP,T
435852960,ACTION_DOWN,A
435852960,ACTION_UP,A
435853536,ACTION_DOWN,K
435853536,ACTION_UP,K
435854048,ACTION_DOWN,E
435854048,ACTION_UP,E
435855584,ACTION_DOWN, 
435855584,ACTION_UP, 
435856160,ACTION_DOWN,O
435856160,ACTION_UP,O
435856896,ACTION_DOWN,F
435856896,ACTION_UP,F
435857056,ACTION_DOWN,F
435857056,ACTION_UP,F
435858592,ACTION_DOWN, 
435858592,ACTION_UP, 
435859072,ACTION_DOWN,V
435859072,ACTION_UP,V
435859520,ACTION_DOWN,E
435859520,ACTION_UP,E
435859744,ACTION_DOWN,R
435859744,ACTION_UP,R
435860192,ACTION_DOWN,T
435860192,ACTION_UP,T
435860704,ACTION_DOWN,I
435860704,ACTION_UP,I
435861312,ACTION_DOWN,C
435861312,ACTION_UP,C
435861664,ACTION_DOWN,A
435861664,ACTION_UP,A
435862272,ACTION_DOWN,L
435862272,ACTION_UP,L
435862464,ACTION_DOWN,L
435862464,ACTION_UP,L
435862944,ACTION_DOWN,Y
435862944,ACTION_UP,Y
435864992,ACTION_DOWN, 
435864992,ACTION_UP, 
435866848,ACTION_DOWN,A
435866848,ACTION_UP,A
435867456,ACTION_DOWN,N
435867456,ACTION_UP,N
435867936,ACTION_DOWN,D
435867936,ACTION_UP,D
435869536,ACTION_DOWN, 
435869536,ACTION_UP, 
435869920,ACTION_DOWN,C
435869920,ACTION_UP,C
435870336,ACTION_DOWN,A
435870336,ACTION_UP,A
435870912,ACTION_DOWN,N
435870912,ACTION_UP,N
435872224,ACTION_DOWN, 
435872224,ACTION_UP, 
435872736,ACTION_DOWN,A
435872736,ACTION_UP,A
435873280,ACTION_DOWN,L
435873280,ACTION_UP,L
435873984,ACTION_DOWN,S
435873984,ACTION_UP,S
435874592,ACTION_DOWN,O
435874592,ACTION_UP,O
435875200,ACTION_DOWN, 
435875200,ACTION_UP, 
435875744,ACTION_DOWN,R
435875744,ACTION_UP,R
435876480,ACTION_DOWN,O
435876480,ACTION_UP,O
435877152,ACTION_DOWN,T
435877152,ACTION_UP,T
435877568,ACTION_DOWN,A
435877568,ACTION_UP,A
435878208,ACTION_DOWN,T
435878208,ACTION_UP,T
435878592,ACTION_DOWN,E
435878592,ACTION_UP,E
