timestamp,action,key
436388800,ACTION_DOWN,B
436388800,ACTION_UP,B
436389312,ACTION_DOWN,E
436389312,ACTION_UP,E
436389792,ACTION_DOWN,L
436389792,ACTION_UP,L
436389984,ACTION_DOWN,L
436389984,ACTION_UP,L
436390560,ACTION_DOWN,S
436390560,ACTION_UP,S
436391232,ACTION_DOWN, 
436391232,ACTION_UP, 
436391648,ACTION_DOWN,N
436391648,ACTION_UP,N
436392224,ACTION_DOWN,E
436392224,ACTION_UP,E
436392544,ACTION_DOWN,W
436392544,ACTION_UP,W
436393952,ACTION_DOWN, 
436393952,ACTION_UP, 
436394464,ACTION_DOWN,F
436394464,ACTION_UP,F
436394912,ACTION_DOWN,L
436394912,ACTION_UP,L
436395360,ACTION_DOWN,Y
436395360,ACTION_UP,Y
436395680,ACTION_DOWN,I
436395680,ACTION_UP,I
436396128,ACTION_DOWN,N
436396128,ACTION_UP,N
436396512,ACTION_DOWN,G
436396512,ACTION_UP,G
436397056,ACTION_DOWN, 
436397056,ACTION_UP, 
436397504,ACTION_DOWN,C
436397504,ACTION_UP,C
436397920,ACTION_DOWN,A
436397920,ACTION_UP,A
436398304,ACTION_DOWN,R
436398304,ACTION_UP,R
436398880,ACTION_DOWN, 
436398880,ACTION_UP, 
436399360,ACTION_DOWN,D
436399360,ACTION_UP,D
436399616,ACTION_DOWN,E
436399616,ACTION_UP,E
436399872,ACTION_DOWN,S
436399872,ACTION_UP,S
436400512,ACTION_DOWN,I
436400512,ACTION_UP,I
436400992,ACTION_DOWN,G
436400992,ACTION_UP,G
436401504,ACTION_DOWN,N
436401504,ACTION_UP,N
436402016,ACTION_DOWN, 
436402016,ACTION_UP, 
436402432,ACTION_DOWN,H
436402432,ACTION_UP,H
436402944,ACTION_DOWN,A
436402944,ACTION_UP,A
436403232,ACTION_DOWN,S
436403232,ACTION_UP,S
436403808,ACTION_DOWN, 
436403808,ACTION_UP, 
436404192,ACTION_DOWN,B
436404192,ACTION_UP,B
436404640,ACTION_DOWN,E
436404640,ACTION_UP,E
436404832,ACTION_DOWN,E
436404832,ACTION_UP,E
436405440,ACTION_DOWN,N
436405440,ACTION_UP,N
436405856,ACTION_DOWN, 
436405856,ACTION_UP, 
436406272,ACTION_DOWN,U
436406272,ACTION_UP,U
436406816,ACTION_DOWN,N
436406816,ACTION_UP,N
436407360,ACTION_DOWN,V
436407360,ACTION_UP,V
436407776,ACTION_DOWN,E
436407776,ACTION_UP,E
436408224,ACTION_DOWN,I
436408224,ACTION_UP,I
436408576,ACTION_DOWN,L
436408576,ACTION_UP,L
436409088,ACTION_DOWN,E
436409088,ACTION_UP,E
436409440,ACTION_DOWN,D
436409440,ACTION_UP,D
436411584,ACTION_DOWN, 
436411584,ACTION_UP, 
436412064,ACTION_DOWN,A
436412064,ACTION_UP,A
436412416,ACTION_DOWN,T
436412416,ACTION_UP,T
436412896,ACTION_DOWN, 
436412896,ACTION_UP, 
436413408,ACTION_DOWN,C
436413408,ACTION_UP,C
436413920,ACTION_DOWN,E
436413920,ACTION_UP,E
436414208,ACTION_DOWN,S
436414208,ACTION_UP,S
436415776,ACTION_DOWN, 
436415776,ACTION_UP, 
436418752,ACTION_DOWN,I
436418752,ACTION_UP,I
436419200,ACTION_DOWN,T
436419200,ACTION_UP,T
436419712,ACTION_DOWN, 
436419712,ACTION_UP, 
436420128,ACTION_DOWN,I
436420128,ACTION_UP,I
436420864,ACTION_DOWN,S
436420864,ACTION_UP,S
436421312,ACTION_DOWN, 
436421312,ACTION_UP, 
436421696,ACTION_DOWN,B
436421696,ACTION_UP,B
436422240,ACTION_DOWN,E
436422240,ACTION_UP,E
436422688,ACTION_DOWN,I
436422688,ACTION_UP,I
436423200,ACTION_DOWN,N
436423200,ACTION_UP,N
436423616,ACTION_DOWN,G
436423616,ACTION_UP,G
436425184,ACTION_DOWN, 
436425184,ACTION_UP, 
436425696,ACTION_DOWN,D
436425696,ACTION_UP,D
436425952,ACTION_DOWN,E
436425984,ACTION_UP,E
436426592,ACTION_DOWN,V
436426592,ACTION_UP,V
436427008,ACTION_DOWN,E
436427008,ACTION_UP,E
436427616,ACTION_DOWN,L
436427616,ACTION_UP,L
436427968,ACTION_DOWN,O
436427968,ACTION_UP,O
436428224,ACTION_DOWN,P
436428224,ACTION_UP,P
436429056,ACTION_DOWN,E
436429056,ACTION_UP,E
436429472,ACTION_DOWN,D
436429472,ACTION_UP,D
436430112,ACTION_DOWN, 
436430112,ACTION_UP, 
436430560,ACTION_DOWN,F
436430560,ACTION_UP,F
436431072,ACTION_DOWN,O
436431072,ACTION_UP,O
436431584,ACTION_DOWN,R
436431584,ACTION_UP,R
436433120,ACTION_DOWN, 
436433120,ACTION_UP, 
436433696,ACTION_DOWN,U
436433696,ACTION_UP,U
436434176,ACTION_DOWN,B
436434176,ACTION_UP,B
436434752,ACTION_DOWN,E
436434752,ACTION_UP,E
436435008,ACTION_DOWN,R
436435008,ACTION_UP,R
436435424,ACTION_DOWN,S
436435424,ACTION_UP,S
436436992,ACTION_DOWN, 
436436992,ACTION_UP, 
436437696,ACTION_DOWN,E
436437696,ACTION_UP,E
436438208,ACTION_DOWN,L
436438208,ACTION_UP,L
436438656,ACTION_DOWN,E
436438656,ACTION_UP,E
436439296,ACTION_DOWN,V
436439296,ACTION_UP,V
436439680,ACTION_DOWN,A
436439680,ACTION_UP,A
436440096,ACTION_DOWN,T
436440096,ACTION_UP,T
436440384,ACTION_DOWN,E
436440384,ACTION_UP,E
436441984,ACTION_DOWN, 
436441984,ACTION_UP, 
436442432,ACTION_DOWN,A
436442432,ACTION_UP,A
436442944,ACTION_DOWN,I
436442944,ACTION_UP,I
436443360,ACTION_DOWN,R
436443360,ACTION_UP,R
436444000,ACTION_DOWN, 
436444000,ACTION_UP, 
436444544,ACTION_DOWN,T
436444544,ACTION_UP,T
436444960,ACTION_DOWN,A
436444960,ACTION_UP,A
436445632,ACTION_DOWN,X
436445632,ACTION_UP,X
436446112,ACTION_DOWN,I
436446112,ACTION_UP,I
436447936,ACTION_DOWN, 
436447936,ACTION_UP, 
436448448,ACTION_DOWN,P
436448448,ACTION_UP,P
436449248,ACTION_DOWN,R
436449248,ACTION_UP,R
436449632,ACTION_DOWN,O
436449632,ACTION_UP,O
436450368,ACTION_DOWN,G
436450368,ACTION_UP,G
436450784,ACTION_DOWN,R
436450784,ACTION_UP,R
436451104,ACTION_DOWN,A
436451104,ACTION_UP,A
436451680,ACTION_DOWN,M
436451680,ACTION_UP,M
436453184,ACTION_DOWN, 
436453184,ACTION_UP, 
436453600,ACTION_DOWN,N
436453600,ACTION_UP,N
436454304,ACTION_DOWN,E
436454304,ACTION_UP,E
436454752,ACTION_DOWN,X
436454752,ACTION_UP,X
436455392,ACTION_DOWN,U
436455392,ACTION_UP,U
436455872,ACTION_DOWN,S
436455872,ACTION_UP,S
436457504,ACTION_DOWN, 
436457504,ACTION_UP, 
436457920,ACTION_DOWN,H
436457920,ACTION_UP,H
436458368,ACTION_DOWN,A
436458368,ACTION_UP,A
436458592,ACTION_DOWN,S
436458592,ACTION_UP,S
436459264,ACTION_DOWN, 
436459264,ACTION_UP, 
436459872,ACTION_DOWN,S
436459872,ACTION_UP,S
436460352,ACTION_DOWN,I
436460352,ACTION_UP,I
436461024,ACTION_DOWN,X
436461024,ACTION_UP,X
436461376,ACTION_DOWN, 
436461376,ACTION_UP, 
436461760,ACTION_DOWN,F
436461760,ACTION_UP,F
436462080,ACTION_DOWN,A
436462080,ACTION_UP,A
436462720,ACTION_DOWN,N
436462720,ACTION_UP,N
436463136,ACTION_DOWN,S
436463136,ACTION_UP,S
436464928,ACTION_DOWN, 
436464928,ACTION_UP, 
436465472,ACTION_DOWN,W
436465472,ACTION_UP,W
436466080,ACTION_DOWN,H
436466080,ACTION_UP,H
436466400,ACTION_DOWN,I
436466400,ACTION_UP,I
436466880,ACTION_DOWN,C
436466880,ACTION_UP,C
436467168,ACTION_DOWN,H
436467168,ACTION_UP,H
436467520,ACTION_DOWN, 
436467520,ACTION_UP, 
436467936,ACTION_DOWN,F
436467936,ACTION_UP,F
436468288,ACTION_DOWN,A
436468288,ACTION_UP,A
436468800,ACTION_DOWN,C
436468800,ACTION_UP,C
436469248,ACTION_DOWN,I
436469248,ACTION_UP,I
436469568,ACTION_DOWN,L
436469568,ACTION_UP,L
436469952,ACTION_DOWN,I
436469952,ACTION_UP,I
436470496,ACTION_DOWN,T
436470496,ACTION_UP,T
436470880,ACTION_DOWN,A
436470880,ACTION_UP,A
436471520,ACTION_DOWN,T
436471520,ACTION_UP,T
436471808,ACTION_DOWN,E
436471808,ACTION_UP,E
436472480,ACTION_DOWN, 
436472480,ACTION_UP, 
436472992,ACTION_DOWN,I
436472992,ACTION_UP,I
436473472,ACTION_DOWN,T
436473472,ACTION_UP,T
436474560,ACTION_DOWN, 
436474560,ACTION_UP, 
436475008,ACTION_DOWN,T
436475008,ACTION_UP,T
436475424,ACTION_DOWN,O
436475424,ACTION_UP,O
436475872,ACTION_DOWN, 
436475872,ACTION_UP, 
436476288,ACTION_DOWN,T
436476288,ACTION_UP,T
436478048,ACTION_DOWN,A
436478048,ACTION_UP,A
436478560,ACTION_DOWN,K
436478592,ACTION_UP,K
436479040,ACTION_DOWN,E
436479040,ACTION_UP,E
436479584,ACTION_DOWN, 
436479584,ACTION_UP, 
436480032,ACTION_DOWN,O
436480032,ACTION_UP,O
436480608,ACTION_DOWN,F
436480608,ACTION_UP,F
436480768,ACTION_DOWN,F
436480768,ACTION_UP,F
436482432,ACTION_DOWN, 
436482432,ACTION_UP, 
436482752,ACTION_DOWN,V
436482752,ACTION_UP,V
436483296,ACTION_DOWN,E
436483296,ACTION_UP,E
436483616,ACTION_DOWN,R
436483616,ACTION_UP,R
436485024,ACTION_DOWN,T
436485024,ACTION_UP,T
436485408,ACTION_DOWN,I
436485408,ACTION_UP,I
436486112,ACTION_DOWN,C
436486112,ACTION_UP,C
436486528,ACTION_DOWN,A
436486528,ACTION_UP,A
436487136,ACTION_DOWN,L
436487136,ACTION_UP,L
436487296,ACTION_DOWN,L
436487296,ACTION_UP,L
436487776,ACTION_DOWN,Y
436487776,ACTION_UP,Y
436489600,ACTION_DOWN, 
436489600,ACTION_UP, 
436491072,ACTION_DOWN,A
436491072,ACTION_UP,A
436491648,ACTION_DOWN,N
436491648,ACTION_UP,N
436492096,ACTION_DOWN,D
436492096,ACTION_UP,D
436493536,ACTION_DOWN, 
436493536,ACTION_UP, 
436493856,ACTION_DOWN,C
436493856,ACTION_UP,C
436494240,ACTION_DOWN,A
436494240,ACTION_UP,A
436494912,ACTION_DOWN,N
436494912,ACTION_UP,N
436496384,ACTION_DOWN, 
436496384,ACTION_UP, 
436496832,ACTION_DOWN,A
436496832,ACTION_UP,A
436497312,ACTION_DOWN,L
436497312,ACTION_UP,L
436497824,ACTION_DOWN,S
436497824,ACTION_UP,S
436498304,ACTION_DOWN,O
436498304,ACTION_UP,O
436498912,ACTION_DOWN, 
436498912,ACTION_UP, 
436499328,ACTION_DOWN,R
436499328,ACTION_UP,R
436499872,ACTION_DOWN,O
436499872,ACTION_UP,O
436500448,ACTION_DOWN,T
436500448,ACTION_UP,T
436500896,ACTION_DOWN,A
436500896,ACTION_UP,A
436501376,ACTION_DOWN,T
436501376,ACTION_UP,T
436501728,ACTION_DOWN,E
436501728,ACTION_UP,E
