timestamp,sensor,x,y,z
303953952,Accelerometer,-1.6328455,6.83784,8.12592
303953952,Gyroscope,-0.03089361,0.22264706,-0.054330144
303953952,Accelerometer,-1.5993267,6.4882865,8.437167
303953952,Gyroscope,-0.053264845,0.07670138,0.07563608
303953984,Accelerometer,-0.80924016,6.157887,7.800309
303953984,Gyroscope,-0.05539544,-0.15659864,0.15553336
303953984,Accelerometer,-0.4405331,5.961562,7.599196
303953984,Gyroscope,-0.08202787,-0.26632422,0.11505207
303954016,Accelerometer,-0.35913026,6.009446,7.589619
303954016,Gyroscope,-0.015979454,-0.15233746,0.057526033
303954048,Accelerometer,-0.7134721,6.172252,7.417237
303954048,Gyroscope,0.116117366,0.07244019,0.0031958907
303954048,Accelerometer,-1.091756,6.2584434,7.038953
303954048,Gyroscope,0.13529271,0.13529271,-0.0085223755
303954112,Accelerometer,-1.0726024,6.2823853,7.1395097
303954112,Gyroscope,0.023436533,0.03728539,0.028763017
303954112,Accelerometer,-0.92416185,6.1004257,7.4507556
303954112,Gyroscope,-0.07350549,-0.046873067,0.05113425
303954144,Accelerometer,-0.94810385,6.105214,7.6710224
303954144,Gyroscope,-0.07776668,-0.03835069,0.05219955
303954176,Accelerometer,-0.641646,6.1770406,7.575254
303954176,Gyroscope,-0.03089361,-0.0031958907,0.04900366
303954176,Accelerometer,-0.6607997,6.181829,7.6135616
303954176,Gyroscope,-0.0021305939,0.05646074,0.014914157
303954208,Accelerometer,-0.8714894,6.229713,7.603985
303954208,Gyroscope,0.0,0.045807768,-0.022371236
303954208,Accelerometer,-1.0821792,6.38773,7.575254
303954208,Gyroscope,0.015979454,0.054330144,-0.011718267
303954240,Accelerometer,-1.1492168,6.469133,7.431602
303954240,Gyroscope,0.014914157,0.04793836,0.035154797
303954272,Accelerometer,-0.8331822,6.4260373,7.398083
303954272,Gyroscope,-0.035154797,0.01384886,0.07883197
303954272,Accelerometer,-0.62728083,6.2823853,7.642292
303954272,Gyroscope,-0.07350549,0.0,0.08096257
303954304,Accelerometer,-0.81402856,6.1866174,7.8529816
303954304,Gyroscope,-0.054330144,0.011718267,0.05539544
303954304,Accelerometer,-0.92416185,6.1243677,7.8529816
303954304,Gyroscope,-0.0042611877,0.014914157,0.046873067
303954336,Accelerometer,-0.81881696,6.181829,7.608773
303954336,Gyroscope,0.020240642,0.017044751,0.044742472
303954368,Accelerometer,-0.80924016,6.172252,7.517793
303954368,Gyroscope,0.0063917814,0.005326485,0.035154797
303954368,Accelerometer,-0.7517793,6.196194,7.541735
303954368,Gyroscope,-0.02450183,0.0042611877,0.023436533
303954400,Accelerometer,-0.81881696,6.191406,7.7332716
303954400,Gyroscope,-0.015979454,0.04793836,0.020240642
303954400,Accelerometer,-0.8858546,6.229713,7.6853876
303954400,Gyroscope,0.014914157,0.05113425,0.02450183
303954432,Accelerometer,-1.0007763,6.2871737,7.752425
303954432,Gyroscope,0.018110048,0.04793836,0.028763017
303954464,Accelerometer,-0.78529817,6.205771,7.651869
303954464,Gyroscope,0.011718267,-0.0085223755,0.03728539
303954464,Accelerometer,-0.7230489,6.2823853,7.489063
303954464,Gyroscope,0.005326485,0.0,0.019175345
303954496,Accelerometer,-0.8571242,6.2488666,7.6949644
303954496,Gyroscope,0.0021305939,0.04261188,0.018110048
303954496,Accelerometer,-0.8762778,6.1387334,7.6949644
303954496,Gyroscope,0.0042611877,0.01384886,0.025567126
303954528,Accelerometer,-0.6560113,6.129156,7.489063
303954528,Gyroscope,0.028763017,0.040481284,0.020240642
303954560,Accelerometer,-0.59376204,6.0477533,7.4842744
303954560,Gyroscope,0.039415985,0.08628905,0.0042611877
303954560,Accelerometer,-0.8283938,6.229713,7.3789296
303954560,Gyroscope,0.034089502,0.12890093,-0.05113425
303954592,Accelerometer,-1.13964,6.3446345,7.7572136
303954592,Gyroscope,0.0031958907,0.08522376,-0.036220096
303954592,Accelerometer,-0.94810385,6.38773,7.374141
303954592,Gyroscope,0.012783563,0.02450183,0.0074570784
303954624,Accelerometer,-0.90500826,6.3350577,7.4603324
303954624,Gyroscope,-0.040481284,0.0021305939,0.025567126
303954656,Accelerometer,-0.9624691,6.2105594,7.690176
303954656,Gyroscope,-0.08096257,-0.0074570784,0.023436533
303954656,Accelerometer,-0.90500826,6.1195793,8.154651
303954656,Gyroscope,-0.089484945,-0.023436533,0.018110048
303954688,Accelerometer,-0.8283938,6.14831,8.054094
303954688,Gyroscope,-0.012783563,0.0021305939,0.005326485
303954688,Accelerometer,-0.8714894,6.196194,7.7572136
303954688,Gyroscope,0.05539544,0.023436533,-0.0042611877
303954720,Accelerometer,-1.0055647,6.373365,7.441179
303954720,Gyroscope,0.059656627,0.026632423,-0.0063917814
303954752,Accelerometer,-0.94331545,6.301539,7.5704656
303954752,Gyroscope,0.03835069,0.05219955,0.009587673
303954752,Accelerometer,-0.9528923,6.229713,7.699753
303954752,Gyroscope,0.014914157,0.009587673,0.020240642
303954816,Accelerometer,-0.89543146,6.1530986,7.560889
303954816,Gyroscope,0.0021305939,-0.043677174,0.02769772
303954816,Accelerometer,-0.7038953,6.191406,7.479486
303954816,Gyroscope,0.009587673,-0.028763017,0.019175345
303954848,Accelerometer,-0.93852705,6.2584434,7.690176
303954848,Gyroscope,0.023436533,0.03728539,0.0042611877
303954880,Accelerometer,-1.0342951,6.315904,7.517793
303954880,Gyroscope,0.05219955,0.03728539,0.02450183
303954880,Accelerometer,-0.8379706,6.2632318,7.2592196
303954880,Gyroscope,0.026632423,0.011718267,0.03835069
303954912,Accelerometer,-0.78529817,6.229713,7.5082164
303954912,Gyroscope,-0.040481284,-0.02769772,0.03835069
303954944,Accelerometer,-0.80445176,6.1866174,7.7332716
303954944,Gyroscope,-0.05646074,-0.039415985,0.023436533
303954944,Accelerometer,-0.8810662,6.1626754,7.872135
303954944,Gyroscope,-0.01065297,0.017044751,0.0063917814
303954976,Accelerometer,-0.90021986,6.196194,7.603985
303954976,Gyroscope,0.053264845,0.04154658,-0.0021305939
303954976,Accelerometer,-0.90979666,6.2871737,7.4746976
303954976,Gyroscope,0.045807768,0.05219955,-0.0085223755
303955008,Accelerometer,-0.92416185,6.3063273,7.4124484
303955008,Gyroscope,0.0,0.012783563,0.0042611877
303955040,Accelerometer,-0.90979666,6.2488666,7.666234
303955040,Gyroscope,-0.039415985,-0.0031958907,0.02130594
303955040,Accelerometer,-0.7038953,6.129156,7.7667904
303955040,Gyroscope,-0.019175345,-0.009587673,0.033024207
303955072,Accelerometer,-0.6751649,6.172252,7.4124484
303955072,Gyroscope,0.011718267,-0.009587673,0.01065297
303955072,Accelerometer,-0.8283938,6.229713,7.5944076
303955072,Gyroscope,-0.020240642,0.0063917814,-0.02450183
303955104,Accelerometer,-1.1204864,6.3111157,7.9487495
303955104,Gyroscope,-0.012783563,0.023436533,-0.018110048
303955136,Accelerometer,-0.94810385,6.2249246,7.675811
303955136,Gyroscope,0.04793836,0.03089361,0.019175345
303955136,Accelerometer,-0.7613561,6.1243677,7.4507556
303955136,Gyroscope,0.03089361,-0.0010652969,0.019175345
303955168,Accelerometer,-0.80924016,6.215348,7.541735
303955168,Gyroscope,-0.0031958907,-0.023436533,-0.014914157
303955168,Accelerometer,-0.93373865,6.301539,7.5082164
303955168,Gyroscope,0.0085223755,0.019175345,-0.023436533
303955200,Accelerometer,-0.842759,6.3206925,7.4746976
303955200,Gyroscope,0.040481284,0.07563608,-0.0031958907
303955232,Accelerometer,-0.79008657,6.253655,7.503428
303955232,Gyroscope,0.02769772,0.054330144,0.0074570784
303955232,Accelerometer,-0.90021986,6.26802,7.493851
303955232,Gyroscope,-0.014914157,-0.033024207,-0.0063917814
303955264,Accelerometer,-0.82360536,6.2488666,7.541735
303955264,Gyroscope,-0.04154658,-0.03728539,-0.014914157
303955264,Accelerometer,-0.9720459,6.3111157,7.6470804
303955264,Gyroscope,-0.011718267,0.05646074,-0.0042611877
303955296,Accelerometer,-0.94810385,6.215348,7.809886
303955296,Gyroscope,0.014914157,0.08522376,0.012783563
303955328,Accelerometer,-0.9576807,6.2584434,7.7093296
303955328,Gyroscope,-0.0042611877,0.0042611877,0.0
303955328,Accelerometer,-0.9768343,6.2632318,7.5848308
303955328,Gyroscope,-0.036220096,-0.04154658,-0.0021305939
303955360,Accelerometer,-1.091756,6.2823853,7.8386164
303955360,Gyroscope,-0.029828314,-0.014914157,0.01065297
303955360,Accelerometer,-1.0295067,6.133945,7.9152308
303955360,Gyroscope,0.02130594,0.035154797,0.044742472
303955392,Accelerometer,-0.81402856,6.0285997,7.608773
303955392,Gyroscope,0.05539544,0.014914157,0.05113425
303955424,Accelerometer,-0.7182605,6.0285997,7.5561004
303955424,Gyroscope,0.0042611877,-0.058591332,0.017044751
303955424,Accelerometer,-0.6607997,6.133945,7.7332716
303955424,Gyroscope,-0.01384886,-0.0692443,-0.017044751
303955488,Accelerometer,-0.6512229,6.2488666,7.5704656
303955488,Gyroscope,0.044742472,0.0063917814,-0.034089502
303955488,Accelerometer,-0.78529817,6.435614,7.28795
303955488,Gyroscope,0.08096257,0.07244019,-0.040481284
303955520,Accelerometer,-0.90500826,6.493075,7.455544
303955520,Gyroscope,0.04261188,0.060721926,-0.040481284
303955552,Accelerometer,-1.13964,6.579266,7.513005
303955552,Gyroscope,0.0074570784,0.012783563,-0.018110048
303955552,Accelerometer,-1.0007763,6.4643445,7.40766
303955552,Gyroscope,-0.02769772,-0.03728539,0.018110048
303955584,Accelerometer,-1.067814,6.2009826,7.675811
303955584,Gyroscope,-0.058591332,-0.039415985,0.03728539
303955584,Accelerometer,-0.92895025,6.081272,7.6949644
303955584,Gyroscope,-0.031958908,-0.02769772,0.05219955
303955616,Accelerometer,-0.7422025,5.985504,7.690176
303955616,Gyroscope,-0.011718267,-0.0021305939,0.040481284
303955648,Accelerometer,-0.82360536,5.889736,7.7811556
303955648,Gyroscope,0.017044751,0.026632423,0.0063917814
303955648,Accelerometer,-1.0103531,6.0956373,7.651869
303955648,Gyroscope,0.034089502,-0.0021305939,-0.022371236
303955680,Accelerometer,-0.93852705,6.2823853,7.4842744
303955680,Gyroscope,0.028763017,-0.017044751,-0.0085223755
303955680,Accelerometer,-0.7086837,6.301539,7.345411
303955680,Gyroscope,0.02450183,0.005326485,0.009587673
303955712,Accelerometer,-0.6943185,6.38773,7.431602
303955712,Gyroscope,0.0,0.014914157,-0.005326485
303955744,Accelerometer,-0.80924016,6.4260373,7.651869
303955744,Gyroscope,-0.0021305939,0.0063917814,-0.0063917814
303955744,Accelerometer,-0.9624691,6.4499793,7.675811
303955744,Gyroscope,0.0074570784,0.0074570784,0.005326485
303955776,Accelerometer,-0.8379706,6.3111157,7.4986396
303955776,Gyroscope,0.0042611877,-0.017044751,0.02130594
303955776,Accelerometer,-0.78529817,6.0477533,7.632715
303955776,Gyroscope,-0.018110048,-0.0063917814,0.022371236
303955808,Accelerometer,-0.7469909,5.913678,7.52737
303955808,Gyroscope,-0.009587673,-0.0074570784,0.0021305939
303955840,Accelerometer,-0.89064306,6.0285997,7.52737
303955840,Gyroscope,0.0031958907,0.015979454,-0.031958908
303955840,Accelerometer,-0.9672575,6.196194,7.40766
303955840,Gyroscope,0.025567126,0.043677174,-0.043677174
303955872,Accelerometer,-0.9959879,6.4020953,7.225701
303955872,Gyroscope,0.017044751,0.03835069,-0.028763017
303955872,Accelerometer,-1.0295067,6.4978633,7.6470804
303955872,Gyroscope,-0.040481284,0.020240642,0.0021305939
303955904,Accelerometer,-1.0390835,6.5361705,7.991845
303955904,Gyroscope,-0.05113425,0.011718267,0.023436533
303955936,Accelerometer,-0.89064306,6.4643445,8.202535
303955936,Gyroscope,-0.019175345,0.0031958907,0.035154797
303955936,Accelerometer,-0.7422025,6.2249246,7.785944
303955936,Gyroscope,0.035154797,-0.0031958907,0.022371236
303955968,Accelerometer,-0.93852705,6.167464,7.785944
303955968,Gyroscope,0.029828314,-0.033024207,0.009587673
303955968,Accelerometer,-0.9959879,6.229713,7.489063
303955968,Gyroscope,0.025567126,-0.1033338,0.0085223755
303956000,Accelerometer,-0.8571242,6.1100025,7.297527
303956000,Gyroscope,0.012783563,-0.07563608,0.015979454
303956032,Accelerometer,-0.6943185,6.042965,7.3071036
303956032,Gyroscope,0.028763017,0.031958908,0.01065297
303956032,Accelerometer,-0.89064306,5.932832,7.465121
303956032,Gyroscope,0.046873067,0.09800732,-0.01065297
303956064,Accelerometer,-1.1061212,6.291962,7.264008
303956064,Gyroscope,0.057526033,0.068179004,-0.04154658
303956064,Accelerometer,-1.2018893,6.4787097,7.2352777
303956064,Gyroscope,0.011718267,0.04900366,-0.020240642
303956096,Accelerometer,-1.0342951,6.4787097,7.4363904
303956096,Gyroscope,-0.054330144,0.0,0.04261188
303956128,Accelerometer,-0.61770403,6.3781533,7.7189064
303956128,Gyroscope,-0.09374613,-0.035154797,0.08415846
303956128,Accelerometer,-0.60333884,6.2584434,8.00621
303956128,Gyroscope,-0.08309316,-0.043677174,0.05539544
303956192,Accelerometer,-0.6751649,6.2871737,8.073248
303956192,Gyroscope,-0.04154658,-0.04900366,0.019175345
303956192,Accelerometer,-0.78529817,6.191406,7.9248075
303956192,Gyroscope,0.028763017,0.015979454,0.0010652969
303956224,Accelerometer,-0.89064306,6.133945,7.690176
303956224,Gyroscope,0.08628905,0.07244019,0.0031958907
303956256,Accelerometer,-1.043872,6.3589997,7.565677
303956256,Gyroscope,0.07670138,0.033024207,-0.01065297
303956256,Accelerometer,-1.2593501,6.411672,7.52737
303956256,Gyroscope,0.023436533,-0.05219955,0.0074570784
303956288,Accelerometer,-1.0055647,6.2105594,7.3549876
303956288,Gyroscope,-0.0085223755,-0.08202787,0.060721926
303956288,Accelerometer,-0.78529817,6.2009826,7.575254
303956288,Gyroscope,-0.02130594,-0.040481284,0.058591332
303956320,Accelerometer,-0.8523358,6.220136,7.723695
303956320,Gyroscope,0.009587673,0.019175345,0.035154797
303956352,Accelerometer,-0.78050977,6.26802,7.4603324
303956352,Gyroscope,0.022371236,-0.018110048,0.028763017
303956352,Accelerometer,-0.80924016,6.5505357,7.3549876
303956352,Gyroscope,-0.02450183,-0.08628905,0.035154797
303956384,Accelerometer,-0.80924016,6.531382,7.503428
303956384,Gyroscope,-0.035154797,-0.034089502,0.06285252
303956384,Accelerometer,-0.79487497,6.2345014,7.8912888
303956384,Gyroscope,-0.044742472,-0.01384886,0.09800732
303956416,Accelerometer,-0.5602432,5.9902925,7.953538
303956416,Gyroscope,-0.028763017,-0.060721926,0.08628905
303956448,Accelerometer,-0.6464345,6.009446,7.675811
303956448,Gyroscope,0.02450183,-0.07457078,0.026632423
303956448,Accelerometer,-0.7613561,6.167464,7.067683
303956448,Gyroscope,0.063917816,-0.01065297,-0.0085223755
303956480,Accelerometer,-0.842759,6.3206925,7.0102224
303956480,Gyroscope,0.036220096,0.02769772,0.01384886
303956480,Accelerometer,-0.62728083,6.3589997,7.129933
303956480,Gyroscope,-0.036220096,-0.0063917814,0.05539544
303956512,Accelerometer,-0.56982,6.2105594,7.5800424
303956512,Gyroscope,-0.1043991,-0.039415985,0.06604841
303956544,Accelerometer,-0.4357447,6.042965,7.776367
303956544,Gyroscope,-0.089484945,-0.04261188,0.05113425
303956544,Accelerometer,-0.51235914,6.0764837,7.8769236
303956544,Gyroscope,-0.020240642,0.034089502,0.005326485
303956576,Accelerometer,-0.770933,6.339846,7.704541
303956576,Gyroscope,0.043677174,0.089484945,-0.0085223755
303956576,Accelerometer,-0.7757214,6.339846,7.6853876
303956576,Gyroscope,0.022371236,0.07457078,0.009587673
303956608,Accelerometer,-0.7661445,6.2345014,7.881712
303956608,Gyroscope,-0.019175345,0.026632423,0.023436533
303956640,Accelerometer,-0.81402856,6.172252,8.135497
303956640,Gyroscope,-0.029828314,-0.025567126,0.026632423
303956640,Accelerometer,-0.5602432,6.1004257,8.087613
303956640,Gyroscope,0.02130594,-0.034089502,0.03835069
303956672,Accelerometer,-0.4213795,6.143522,7.848193
303956672,Gyroscope,0.07137489,-0.0074570784,0.0074570784
303956672,Accelerometer,-0.6655881,6.277597,7.5944076
303956672,Gyroscope,0.10652969,0.023436533,-0.033024207
303956704,Accelerometer,-0.78529817,6.397307,7.369353
303956704,Gyroscope,0.10972559,0.028763017,-0.033024207
303956736,Accelerometer,-0.8379706,6.38773,7.273585
303956736,Gyroscope,0.08096257,0.01065297,-0.0074570784
303956736,Accelerometer,-0.6847417,6.277597,7.1634517
303956736,Gyroscope,0.039415985,-0.01384886,0.0042611877
303956768,Accelerometer,-0.6607997,6.191406,7.120356
303956768,Gyroscope,0.018110048,-0.01065297,0.0042611877
303956768,Accelerometer,-0.50757074,6.215348,7.3166804
303956768,Gyroscope,-0.0010652969,0.031958908,0.0085223755
303956800,Accelerometer,-0.6512229,6.1626754,7.666234
303956800,Gyroscope,-0.018110048,0.046873067,-0.01384886
303956864,Accelerometer,-0.8619126,6.1866174,7.795521
303956864,Gyroscope,0.02130594,0.05219955,-0.029828314
303956864,Accelerometer,-0.7134721,6.1770406,7.5465236
303956864,Gyroscope,0.092680834,0.09694202,-0.0010652969
303956896,Accelerometer,-0.6368576,6.421249,7.2544312
303956896,Gyroscope,0.07563608,0.05219955,-0.015979454
303956896,Accelerometer,-0.6703765,6.229713,7.3549876
303956896,Gyroscope,0.01065297,0.009587673,-0.005326485
303956928,Accelerometer,-0.6655881,6.1530986,7.6614456
303956928,Gyroscope,-0.015979454,0.033024207,-0.015979454
303956960,Accelerometer,-0.8475474,6.0716953,7.905654
303956960,Gyroscope,0.02130594,0.0692443,-0.026632423
303956960,Accelerometer,-0.93852705,6.277597,7.608773
303956960,Gyroscope,0.07989727,0.07350549,-0.043677174
303956992,Accelerometer,-0.8858546,6.493075,7.2687964
303956992,Gyroscope,0.07776668,0.04793836,-0.029828314
303956992,Accelerometer,-0.7278373,6.5265937,7.240066
303956992,Gyroscope,0.023436533,0.018110048,-0.017044751
303957024,Accelerometer,-0.866701,6.5122285,7.417237
303957024,Gyroscope,-0.0085223755,0.0021305939,-0.022371236
303957056,Accelerometer,-0.79008657,6.50744,7.374141
303957056,Gyroscope,-0.019175345,-0.011718267,-0.0021305939
303957056,Accelerometer,-0.7422025,6.4404025,7.575254
303957056,Gyroscope,-0.015979454,0.02130594,0.01384886
303957088,Accelerometer,-0.79966336,6.349423,7.5800424
303957088,Gyroscope,-0.0063917814,0.0063917814,0.018110048
303957088,Accelerometer,-0.7374141,6.205771,7.5225816
303957088,Gyroscope,-0.01065297,-0.034089502,0.017044751
303957120,Accelerometer,-0.62728083,6.215348,7.479486
303957120,Gyroscope,-0.023436533,-0.046873067,0.011718267
303957152,Accelerometer,-0.79487497,6.2105594,7.752425
303957152,Gyroscope,-0.03835069,-0.03089361,-0.009587673
303957152,Accelerometer,-0.6512229,6.2105594,7.704541
303957152,Gyroscope,-0.023436533,-0.031958908,-0.0021305939
303957184,Accelerometer,-0.60812724,6.191406,7.52737
303957184,Gyroscope,-0.0074570784,-0.029828314,-0.023436533
303957184,Accelerometer,-0.9864111,6.349423,7.551312
303957184,Gyroscope,-0.012783563,0.0010652969,-0.05219955
303957216,Accelerometer,-1.1444284,6.4020953,7.8290396
303957216,Gyroscope,-0.0063917814,0.018110048,-0.026632423
303957248,Accelerometer,-0.9528923,6.349423,7.632715
303957248,Gyroscope,0.018110048,-0.0074570784,0.012783563
303957248,Accelerometer,-0.6655881,6.244078,7.513005
303957248,Gyroscope,-0.012783563,-0.05113425,0.015979454
303957280,Accelerometer,-0.80924016,6.2105594,7.680599
303957280,Gyroscope,-0.02450183,-0.036220096,-0.0063917814
303957280,Accelerometer,-0.8283938,6.2632318,7.953538
303957280,Gyroscope,0.009587673,0.0085223755,-0.01065297
303957312,Accelerometer,-0.7278373,6.3111157,7.666234
303957312,Gyroscope,0.08202787,0.023436533,-0.01384886
303957344,Accelerometer,-0.8379706,6.4308257,7.1395097
303957344,Gyroscope,0.07350549,-0.014914157,-0.023436533
303957344,Accelerometer,-0.92416185,6.531382,7.201759
303957344,Gyroscope,-0.0031958907,-0.064983115,-0.01384886
303957376,Accelerometer,-0.94810385,6.50744,7.359776
303957376,Gyroscope,-0.05113425,-0.04261188,0.02130594
303957408,Accelerometer,-0.7517793,6.301539,7.4603324
303957408,Gyroscope,-0.05539544,-0.035154797,0.053264845
303957408,Accelerometer,-0.5267244,6.2871737,7.2927384
303957408,Gyroscope,-0.06178722,-0.07350549,0.040481284
303957440,Accelerometer,-0.7613561,6.4260373,7.4842744
303957440,Gyroscope,-0.07670138,-0.063917816,0.011718267
303957440,Accelerometer,-0.92895025,6.4547677,7.608773
303957440,Gyroscope,-0.067113705,-0.08202787,0.02450183
303957472,Accelerometer,-0.6991069,6.3781533,7.4028716
303957472,Gyroscope,-0.06285252,-0.091615535,0.057526033
303957504,Accelerometer,-0.6703765,6.3111157,7.551312
303957504,Gyroscope,-0.05113425,-0.019175345,0.05646074
303957504,Accelerometer,-0.7517793,6.301539,7.599196
303957504,Gyroscope,-0.03728539,0.0074570784,0.043677174
303957568,Accelerometer,-0.866701,6.301539,7.728483
303957568,Gyroscope,-0.028763017,0.03728539,0.04261188
303957568,Accelerometer,-0.7613561,6.2871737,7.8290396
303957568,Gyroscope,-0.012783563,0.025567126,0.07137489
303957600,Accelerometer,-0.5363012,6.157887,7.656657
303957600,Gyroscope,-0.033024207,-0.05219955,0.07244019
303957632,Accelerometer,-0.34476504,6.1100025,7.599196
303957632,Gyroscope,-0.05219955,-0.08309316,0.05539544
303957632,Accelerometer,-0.4309563,6.0525417,7.7667904
303957632,Gyroscope,-0.025567126,-0.015979454,0.023436533
303957664,Accelerometer,-0.7134721,6.2392898,7.9104424
303957664,Gyroscope,0.02769772,0.019175345,0.0074570784
303957664,Accelerometer,-0.51235914,6.301539,7.3166804
303957664,Gyroscope,0.07989727,0.03835069,0.022371236
303957696,Accelerometer,-0.47405192,6.3063273,7.359776
303957696,Gyroscope,0.019175345,0.040481284,0.019175345
303957696,Accelerometer,-0.7374141,6.277597,7.675811
303957696,Gyroscope,-0.06178722,-0.033024207,0.009587673
303957728,Accelerometer,-0.6847417,6.2249246,7.642292
303957728,Gyroscope,-0.060721926,-0.067113705,0.02130594
303957760,Accelerometer,-0.5746084,6.220136,7.5561004
303957760,Gyroscope,-0.012783563,-0.0021305939,0.033024207
303957760,Accelerometer,-0.5746084,6.253655,7.493851
303957760,Gyroscope,0.01384886,0.04793836,0.02769772
303957792,Accelerometer,-0.79487497,6.2728086,7.560889
303957792,Gyroscope,-0.0010652969,0.020240642,0.01065297
303957824,Accelerometer,-0.7134721,6.325481,7.369353
303957824,Gyroscope,-0.025567126,-0.019175345,0.014914157
303957824,Accelerometer,-0.5602432,6.1866174,7.536947
303957824,Gyroscope,-0.07350549,-0.04261188,0.03835069
303957856,Accelerometer,-0.48841715,6.143522,7.824251
303957856,Gyroscope,-0.06285252,-0.017044751,0.044742472
303957856,Accelerometer,-0.41180268,6.0621185,7.603985
303957856,Gyroscope,-0.0074570784,0.009587673,0.05219955
303957888,Accelerometer,-0.31603462,6.0860605,7.6949644
303957888,Gyroscope,-0.044742472,-0.028763017,0.026632423
303957920,Accelerometer,-0.47405192,6.1243677,7.8912888
303957920,Gyroscope,-0.058591332,-0.04154658,-0.0010652969
303957920,Accelerometer,-0.5410896,6.1195793,7.872135
303957920,Gyroscope,-0.043677174,-0.040481284,-0.0021305939
303957952,Accelerometer,-0.5554548,6.1195793,7.9152308
303957952,Gyroscope,-0.0085223755,-0.017044751,0.0074570784
303957952,Accelerometer,-0.5267244,6.14831,7.9343843
303957952,Gyroscope,0.011718267,-0.0042611877,-0.0042611877
303957984,Accelerometer,-0.4405331,6.14831,7.747637
303957984,Gyroscope,0.03728539,-0.01384886,-0.018110048
303958016,Accelerometer,-0.5602432,6.253655,7.699753
303958016,Gyroscope,0.045807768,-0.0042611877,-0.04261188
303958016,Accelerometer,-0.6703765,6.315904,7.5561004
303958016,Gyroscope,0.091615535,0.07563608,-0.039415985
303958048,Accelerometer,-0.81881696,6.3781533,7.369353
303958048,Gyroscope,0.09907261,0.10120321,-0.022371236
303958048,Accelerometer,-0.7038953,6.2967505,7.445967
303958048,Gyroscope,0.036220096,0.039415985,0.0085223755
303958080,Accelerometer,-0.59376204,6.2345014,7.6231384
303958080,Gyroscope,0.0021305939,-0.0074570784,0.018110048
303958112,Accelerometer,-0.5602432,6.215348,7.517793
303958112,Gyroscope,0.0085223755,0.005326485,0.009587673
303958112,Accelerometer,-0.6751649,6.26802,7.656657
303958112,Gyroscope,0.012783563,0.034089502,0.0074570784
303958144,Accelerometer,-0.63206923,6.167464,7.7907324
303958144,Gyroscope,0.0063917814,0.035154797,0.017044751
303958144,Accelerometer,-0.7134721,6.205771,7.747637
303958144,Gyroscope,0.0010652969,-0.01384886,0.02450183
303958176,Accelerometer,-0.49320555,6.229713,7.589619
303958176,Gyroscope,-0.015979454,-0.050068956,0.031958908
303958208,Accelerometer,-0.48841715,6.1626754,7.6949644
303958208,Gyroscope,-0.02769772,-0.029828314,0.022371236
303958208,Accelerometer,-0.56982,6.1866174,7.8769236
303958208,Gyroscope,0.0074570784,0.011718267,0.0074570784
303958272,Accelerometer,-0.59855044,6.253655,7.7093296
303958272,Gyroscope,0.045807768,0.017044751,0.011718267
303958272,Accelerometer,-0.5793968,6.2823853,7.4746976
303958272,Gyroscope,0.039415985,-0.0085223755,0.009587673
303958304,Accelerometer,-0.61291564,6.2632318,7.5800424
303958304,Gyroscope,0.0063917814,-0.031958908,0.011718267
303958336,Accelerometer,-0.51235914,6.181829,7.5225816
303958336,Gyroscope,0.012783563,0.0042611877,0.023436533
303958336,Accelerometer,-0.4309563,6.133945,7.642292
303958336,Gyroscope,0.005326485,0.018110048,0.022371236
303958368,Accelerometer,-0.45010993,6.167464,7.6710224
303958368,Gyroscope,0.0042611877,-0.0085223755,0.0021305939
303958368,Accelerometer,-0.50278234,6.2967505,7.5800424
303958368,Gyroscope,0.02769772,0.019175345,-0.0021305939
303958400,Accelerometer,-0.35434186,6.196194,7.627927
303958400,Gyroscope,0.043677174,0.06604841,0.01384886
303958432,Accelerometer,-0.21547815,6.009446,7.8290396
303958432,Gyroscope,0.031958908,0.054330144,0.0031958907
303958432,Accelerometer,-0.2681506,6.2249246,8.336611
303958432,Gyroscope,0.046873067,0.028763017,-0.043677174
303958464,Accelerometer,-1.091756,5.674258,4.7022123
303958464,Gyroscope,0.36859274,0.0,-0.06285252
303958464,Accelerometer,-0.31124622,6.205771,9.179369
303958464,Gyroscope,-0.22051647,0.43890235,0.07137489
303958496,Accelerometer,-0.6512229,6.2345014,9.054871
303958496,Gyroscope,-0.067113705,-0.3185238,-0.08309316
303958528,Accelerometer,-0.8475474,5.8705826,9.394848
303958528,Gyroscope,-0.117182665,-0.10120321,0.011718267
303958528,Accelerometer,0.023942016,6.066907,8.154651
303958528,Gyroscope,0.014914157,-0.0085223755,0.033024207
303958560,Accelerometer,-0.4213795,6.1387334,7.6135616
303958560,Gyroscope,0.09374613,0.05113425,-0.04154658
303958560,Accelerometer,-0.62728083,6.3829417,7.728483
303958560,Gyroscope,0.08309316,0.064983115,-0.06178722
303958592,Accelerometer,-0.7613561,6.4499793,7.369353
303958592,Gyroscope,0.07989727,-0.0021305939,-0.05646074
303958624,Accelerometer,-0.8571242,6.445191,7.2304893
303958624,Gyroscope,0.046873067,-0.011718267,-0.033024207
303958624,Accelerometer,-0.7278373,6.4260373,7.3166804
303958624,Gyroscope,0.0021305939,-0.01384886,0.0085223755
303958656,Accelerometer,-0.5506664,6.253655,7.4986396
303958656,Gyroscope,-0.03728539,-0.02769772,0.028763017
303958656,Accelerometer,-0.60333884,6.191406,7.85777
303958656,Gyroscope,-0.040481284,-0.02130594,0.025567126
303958688,Accelerometer,-0.59376204,6.191406,7.7907324
303958688,Gyroscope,0.005326485,-0.02450183,0.0031958907
303958720,Accelerometer,-0.6751649,6.277597,7.517793
303958720,Gyroscope,0.025567126,-0.0074570784,-0.020240642
303958720,Accelerometer,-0.79966336,6.315904,7.551312
303958720,Gyroscope,0.018110048,0.015979454,-0.015979454
303958752,Accelerometer,-0.8619126,6.38773,7.61835
303958752,Gyroscope,0.019175345,0.034089502,-0.0031958907
303958752,Accelerometer,-0.60812724,6.3542113,7.4124484
303958752,Gyroscope,0.04154658,0.05113425,0.018110048
303958784,Accelerometer,-0.59376204,6.315904,7.445967
303958784,Gyroscope,0.026632423,0.06178722,0.01065297
303958816,Accelerometer,-0.7230489,6.325481,7.4507556
303958816,Gyroscope,0.0,0.026632423,-0.005326485
303958816,Accelerometer,-0.89064306,6.4068837,7.5561004
303958816,Gyroscope,-0.014914157,0.029828314,0.0042611877
303958848,Accelerometer,-0.8523358,6.363788,7.714118
303958848,Gyroscope,0.0010652969,0.033024207,0.044742472
303958848,Accelerometer,-0.63206923,6.325481,7.52737
303958848,Gyroscope,-0.011718267,-0.014914157,0.0692443
303958880,Accelerometer,-0.31124622,6.2105594,7.52737
303958880,Gyroscope,-0.05539544,-0.059656627,0.07244019
303958944,Accelerometer,-0.33518824,6.1866174,7.843405
303958944,Gyroscope,-0.06285252,-0.031958908,0.050068956
303958944,Accelerometer,-0.34955344,6.181829,7.97748
303958944,Gyroscope,0.0,0.02130594,0.035154797
303958976,Accelerometer,-0.36391866,6.191406,7.7093296
303958976,Gyroscope,0.059656627,0.068179004,0.014914157
303958976,Accelerometer,-0.521936,6.191406,7.704541
303958976,Gyroscope,0.03728539,0.02769772,0.0010652969
303959008,Accelerometer,-0.39264908,6.229713,7.489063
303959008,Gyroscope,0.029828314,-0.02450183,-0.0074570784
303959040,Accelerometer,-0.33997664,6.2105594,7.3166804
303959040,Gyroscope,0.020240642,-0.018110048,-0.01384886
303959040,Accelerometer,-0.40701428,6.2392898,7.4363904
303959040,Gyroscope,0.011718267,0.028763017,-0.028763017
303959072,Accelerometer,-0.5506664,6.196194,7.603985
303959072,Gyroscope,-0.0010652969,0.043677174,-0.029828314
303959072,Accelerometer,-0.49320555,6.105214,7.9152308
303959072,Gyroscope,0.0010652969,0.0021305939,-0.023436533
303959104,Accelerometer,-0.36870706,6.129156,7.52737
303959104,Gyroscope,0.036220096,-0.019175345,-0.05113425
303959136,Accelerometer,-0.59855044,6.2823853,7.3789296
303959136,Gyroscope,0.053264845,0.050068956,-0.08415846
303959136,Accelerometer,-0.7278373,6.4020953,7.5465236
303959136,Gyroscope,0.05539544,0.10759499,-0.08096257
303959168,Accelerometer,-0.80445176,6.3350577,7.5321584
303959168,Gyroscope,0.04900366,0.07457078,-0.064983115
303959168,Accelerometer,-0.90021986,6.3781533,7.52737
303959168,Gyroscope,0.02130594,0.0063917814,-0.046873067
303959200,Accelerometer,-2.4133554,7.0724716,5.650316
303959200,Gyroscope,0.06604841,0.017044751,-0.02769772
303959232,Accelerometer,0.23942018,6.0238113,8.63828
303959232,Gyroscope,-0.19601464,0.1725781,0.18323107
303959232,Accelerometer,-0.5554548,6.435614,8.010999
303959232,Gyroscope,-0.13209683,-0.23649593,-0.067113705
303959264,Accelerometer,-1.733402,5.755661,9.725247
303959264,Gyroscope,-0.060721926,-0.019175345,-0.025567126
303959264,Accelerometer,-0.9624691,6.7085533,7.374141
303959264,Gyroscope,0.050068956,0.07137489,0.025567126
303959296,Accelerometer,-0.8283938,6.6606693,7.517793
303959296,Gyroscope,0.039415985,0.12677033,0.07137489
303959328,Accelerometer,-0.58418524,6.2871737,7.9343843
303959328,Gyroscope,-0.04261188,0.0063917814,0.09055024
303959328,Accelerometer,-0.48362875,6.1626754,7.675811
303959328,Gyroscope,-0.091615535,-0.16512102,0.058591332
303959360,Accelerometer,-0.5363012,6.0860605,7.795521
303959360,Gyroscope,-0.07244019,-0.11292148,0.039415985
303959360,Accelerometer,-0.44532153,6.0525417,7.6710224
303959360,Gyroscope,0.023436533,-0.009587673,0.04154658
303959392,Accelerometer,-0.45968673,6.14831,7.431602
303959392,Gyroscope,0.045807768,0.02450183,0.02450183
303959424,Accelerometer,-0.5267244,6.2105594,7.5704656
303959424,Gyroscope,-0.015979454,-0.02130594,0.012783563
303959424,Accelerometer,-0.5267244,6.1243677,7.7428484
303959424,Gyroscope,-0.04900366,-0.060721926,0.014914157
303959456,Accelerometer,-0.5746084,6.244078,7.795521
303959456,Gyroscope,-0.043677174,-0.067113705,0.0021305939
303959456,Accelerometer,-0.5602432,6.3111157,7.800309
303959456,Gyroscope,0.0042611877,-0.019175345,0.005326485
303959488,Accelerometer,-0.48841715,6.2871737,7.6710224
303959488,Gyroscope,0.04900366,0.03089361,0.01065297
303959520,Accelerometer,-0.5267244,6.2249246,7.4363904
303959520,Gyroscope,0.058591332,0.011718267,-0.0042611877
303959520,Accelerometer,-0.6368576,6.339846,7.455544
303959520,Gyroscope,0.01065297,-0.025567126,-0.01384886
303959552,Accelerometer,-0.5267244,6.2967505,7.517793
303959552,Gyroscope,-0.017044751,-0.03835069,0.011718267
303959552,Accelerometer,-0.49320555,6.26802,7.536947
303959552,Gyroscope,-0.014914157,-0.019175345,0.025567126
303959584,Accelerometer,-0.545878,6.9240313,8.494628
303959584,Gyroscope,-0.005326485,-0.019175345,0.011718267
303959648,Accelerometer,-0.23942018,5.5641246,6.2584434
303959648,Gyroscope,0.2098635,0.28123838,0.1033338
303959648,Accelerometer,-0.51235914,6.517017,8.63828
303959648,Gyroscope,-0.2759119,-0.009587673,-0.0010652969
303959680,Accelerometer,-0.40222588,6.5840545,6.4787097
303959680,Gyroscope,-0.25886714,-0.32171968,-0.023436533
303959680,Accelerometer,-0.48362875,6.4739213,8.42759
303959680,Gyroscope,-0.07883197,-0.06285252,0.014914157
303959712,Accelerometer,-0.019153614,6.2584434,8.1163435
303959712,Gyroscope,0.09055024,0.14488038,0.07457078
303959744,Accelerometer,-0.1340753,6.1195793,7.795521
303959744,Gyroscope,0.10972559,0.119313255,0.0010652969
303959744,Accelerometer,-0.47884035,6.1530986,7.7811556
303959744,Gyroscope,0.028763017,-0.012783563,-0.054330144
303959776,Accelerometer,-0.6847417,6.2345014,7.6470804
303959776,Gyroscope,0.0085223755,-0.116117366,-0.068179004
303959776,Accelerometer,-0.641646,6.2632318,7.3885064
303959776,Gyroscope,0.053264845,-0.058591332,-0.025567126
303959808,Accelerometer,-0.4309563,6.2345014,7.3406224
303959808,Gyroscope,0.07776668,0.054330144,0.018110048
303959840,Accelerometer,-0.15322891,6.2345014,7.326257
303959840,Gyroscope,0.03835069,0.040481284,0.009587673
303959840,Accelerometer,-0.4309563,6.2249246,7.7189064
303959840,Gyroscope,-0.022371236,0.0042611877,-0.03835069
303959872,Accelerometer,-0.6607997,6.1866174,7.8386164
303959872,Gyroscope,-0.009587673,-0.01384886,-0.050068956
303959904,Accelerometer,-0.6991069,6.244078,7.656657
303959904,Gyroscope,0.026632423,-0.02130594,-0.034089502
303959904,Accelerometer,-0.56982,6.229713,7.575254
303959904,Gyroscope,0.018110048,-0.0085223755,-0.02130594
303959936,Accelerometer,-0.51714754,6.167464,7.747637
303959936,Gyroscope,0.0031958907,-0.009587673,-0.031958908
303959936,Accelerometer,-0.641646,6.26802,7.680599
303959936,Gyroscope,0.040481284,0.029828314,-0.04900366
303959968,Accelerometer,-0.7086837,6.253655,7.4842744
303959968,Gyroscope,0.07350549,0.045807768,-0.05113425
303959968,Accelerometer,-0.79966336,6.4643445,7.441179
303959968,Gyroscope,0.05539544,0.039415985,-0.04793836
303960000,Accelerometer,-0.94331545,6.540959,7.517793
303960000,Gyroscope,0.022371236,0.011718267,-0.020240642
303960032,Accelerometer,-0.78050977,6.5026517,7.5225816
303960032,Gyroscope,-0.022371236,-0.04261188,0.025567126
303960032,Accelerometer,-0.39264908,6.2871737,7.632715
303960032,Gyroscope,-0.05219955,-0.059656627,0.05113425
303960064,Accelerometer,-0.3878607,6.129156,7.9966335
303960064,Gyroscope,-0.036220096,-0.018110048,0.025567126
303960064,Accelerometer,-0.51714754,6.0956373,8.073248
303960064,Gyroscope,0.050068956,0.014914157,-0.0031958907
303960096,Accelerometer,-0.545878,6.26802,7.273585
303960096,Gyroscope,0.12996623,0.03089361,-0.028763017
303960128,Accelerometer,-0.58897364,6.4020953,7.1490865
303960128,Gyroscope,0.09055024,0.054330144,-0.02450183
303960128,Accelerometer,-0.641646,6.339846,7.4507556
303960128,Gyroscope,0.03835069,0.0692443,0.0074570784
303960160,Accelerometer,-0.45968673,6.129156,7.627927
303960160,Gyroscope,0.0042611877,0.025567126,0.023436533
303960160,Accelerometer,-0.21547815,6.0716953,7.6135616
303960160,Gyroscope,0.005326485,-0.01384886,0.0
303960192,Accelerometer,-1.9440918,6.3781533,4.687847
303960192,Gyroscope,-0.0031958907,-0.36007038,-0.07670138
303960224,Accelerometer,0.18674773,5.884948,9.77792
303960224,Gyroscope,-0.3856375,0.2823037,0.13209683
303960224,Accelerometer,-0.6799533,5.947197,9.299079
303960224,Gyroscope,0.08202787,-0.053264845,-0.07989727
303960256,Accelerometer,-0.48841715,6.1530986,8.992621
303960256,Gyroscope,0.0042611877,0.11505207,0.019175345
303960256,Accelerometer,-0.4213795,6.291962,8.475474
303960256,Gyroscope,-0.0063917814,-0.02130594,-0.039415985
303960320,Accelerometer,-0.79487497,6.3589997,7.632715
303960320,Gyroscope,0.06285252,-0.01065297,-0.058591332
303960352,Accelerometer,-0.7517793,6.5505357,7.465121
303960352,Gyroscope,0.04793836,0.019175345,-0.012783563
303960352,Accelerometer,-0.6560113,6.3685765,7.603985
303960352,Gyroscope,0.0,-0.02450183,0.015979454
303960384,Accelerometer,-0.5506664,6.277597,7.675811
303960384,Gyroscope,-0.022371236,-0.064983115,0.02450183
303960384,Accelerometer,-0.37828386,6.114791,7.6231384
303960384,Gyroscope,0.012783563,-0.023436533,0.018110048
303960416,Accelerometer,-0.49320555,6.1100025,7.5848308
303960416,Gyroscope,0.04793836,0.023436533,0.0031958907
303960448,Accelerometer,-0.62249243,6.1004257,7.5800424
303960448,Gyroscope,0.04154658,0.022371236,-0.0042611877
303960448,Accelerometer,-0.545878,6.143522,7.642292
303960448,Gyroscope,0.019175345,-0.015979454,-0.0074570784
303960480,Accelerometer,-0.521936,6.191406,7.4507556
303960480,Gyroscope,0.02130594,-0.029828314,-0.022371236
303960512,Accelerometer,-0.40222588,6.2632318,7.417237
303960512,Gyroscope,0.035154797,0.029828314,-0.028763017
303960512,Accelerometer,-0.6943185,6.363788,7.642292
303960512,Gyroscope,0.04793836,0.08415846,-0.033024207
303960544,Accelerometer,-0.5410896,6.397307,7.541735
303960544,Gyroscope,0.04261188,0.040481284,-0.019175345
303960544,Accelerometer,-0.49799395,6.397307,7.5082164
303960544,Gyroscope,0.036220096,0.023436533,-0.01384886
303960576,Accelerometer,-0.6368576,6.339846,7.6375036
303960576,Gyroscope,0.02130594,0.017044751,-0.017044751
303960608,Accelerometer,-2.815581,6.0381765,4.5872903
303960608,Gyroscope,0.04793836,-0.2759119,-0.020240642
303960608,Accelerometer,0.6560113,6.4787097,10.275913
303960608,Gyroscope,-0.39415985,0.38883337,0.24075711
303960640,Accelerometer,-0.033518825,5.5162406,6.766014
303960640,Gyroscope,0.10759499,-0.12783563,-0.025567126
303960640,Accelerometer,0.21547815,7.4746976,7.627927
303960640,Gyroscope,0.005326485,0.12357444,-0.088419646
303960672,Accelerometer,-1.1252748,6.435614,7.7189064
303960672,Gyroscope,0.031958908,-0.020240642,-0.034089502
303960672,Accelerometer,-0.6895301,6.5984197,7.4028716
303960672,Gyroscope,0.05539544,0.0042611877,0.015979454
303960704,Accelerometer,-0.17238252,6.1387334,7.417237
303960704,Gyroscope,0.0063917814,0.034089502,0.05113425
303960736,Accelerometer,-0.4405331,6.129156,7.8865004
303960736,Gyroscope,-0.026632423,-0.053264845,-0.011718267
303960736,Accelerometer,-0.59855044,6.1100025,7.7572136
303960736,Gyroscope,0.033024207,-0.009587673,-0.034089502
303960768,Accelerometer,-0.56982,6.205771,7.297527
303960768,Gyroscope,0.092680834,0.03728539,-0.031958908
303960800,Accelerometer,-0.6751649,6.373365,7.153875
303960800,Gyroscope,0.059656627,0.05113425,-0.040481284
303960800,Accelerometer,-0.7422025,6.3589997,7.3310456
303960800,Gyroscope,0.0074570784,0.039415985,-0.026632423
303960832,Accelerometer,-0.8475474,6.2967505,7.771579
303960832,Gyroscope,-0.031958908,0.02450183,-0.022371236
303960832,Accelerometer,-0.7613561,6.2823853,7.7811556
303960832,Gyroscope,-0.0031958907,0.0085223755,-0.011718267
303960864,Accelerometer,-0.60333884,6.411672,7.40766
303960864,Gyroscope,0.025567126,0.005326485,-0.015979454
303960896,Accelerometer,-0.63206923,6.4260373,7.4363904
303960896,Gyroscope,0.0021305939,0.031958908,-0.020240642
303960896,Accelerometer,-0.7374141,6.38773,7.666234
303960896,Gyroscope,-0.0042611877,0.045807768,-0.020240642
303960928,Accelerometer,-0.8283938,6.315904,7.6470804
303960928,Gyroscope,0.0074570784,0.04261188,-0.0042611877
303960928,Accelerometer,-0.6991069,6.191406,7.589619
303960928,Gyroscope,-0.0031958907,0.012783563,0.023436533
303960960,Accelerometer,-0.37349546,6.0477533,7.666234
303960960,Gyroscope,-0.025567126,-0.023436533,0.026632423
303961024,Accelerometer,-0.33997664,6.105214,7.728483
303961024,Gyroscope,-0.011718267,0.0010652969,-0.01384886
303961024,Accelerometer,-0.4261679,6.1626754,7.642292
303961024,Gyroscope,0.044742472,0.04793836,-0.044742472
303961056,Accelerometer,-0.5746084,6.2488666,7.560889
303961056,Gyroscope,0.08096257,0.10120321,-0.06178722
303961056,Accelerometer,-0.6655881,6.2488666,7.603985
303961056,Gyroscope,0.070309594,0.064983115,-0.059656627
303961088,Accelerometer,-0.6368576,6.3302693,7.321469
303961088,Gyroscope,0.05113425,0.020240642,-0.070309594
303961120,Accelerometer,-0.7038953,6.325481,7.311892
303961120,Gyroscope,0.014914157,0.01384886,-0.067113705
303961120,Accelerometer,-0.8714894,6.4260373,7.5704656
303961120,Gyroscope,-0.01384886,0.022371236,-0.06285252
303961152,Accelerometer,-1.0630256,6.3446345,7.699753
303961152,Gyroscope,-0.014914157,0.011718267,-0.046873067
303961152,Accelerometer,-1.0965444,6.3589997,7.656657
303961152,Gyroscope,-0.02769772,-0.039415985,-0.031958908
303961184,Accelerometer,-0.9959879,6.4499793,7.565677
303961184,Gyroscope,-0.023436533,-0.040481284,-0.019175345
303961216,Accelerometer,-1.2976574,6.579266,7.776367
303961216,Gyroscope,-0.011718267,0.0085223755,-0.02130594
303961216,Accelerometer,-1.13964,6.6893997,7.608773
303961216,Gyroscope,0.020240642,-0.0010652969,0.023436533
303961248,Accelerometer,-0.8714894,6.5457473,7.359776
303961248,Gyroscope,0.005326485,-0.033024207,0.068179004
303961248,Accelerometer,-0.63206923,6.363788,7.383718
303961248,Gyroscope,-0.04793836,-0.06285252,0.08522376
303961280,Accelerometer,-0.5315128,6.157887,7.5944076
303961280,Gyroscope,-0.07244019,-0.08309316,0.07563608
303961312,Accelerometer,-0.33518824,6.0716953,7.656657
303961312,Gyroscope,-0.04154658,-0.06604841,0.046873067
303961312,Accelerometer,-0.3878607,6.081272,7.52737
303961312,Gyroscope,0.022371236,0.022371236,0.018110048
303961344,Accelerometer,-0.50278234,6.129156,7.4986396
303961344,Gyroscope,0.040481284,0.054330144,0.0021305939
303961344,Accelerometer,-0.6368576,6.181829,7.632715
303961344,Gyroscope,0.019175345,0.035154797,-0.0074570784
303961376,Accelerometer,-0.61291564,6.215348,7.4986396
303961376,Gyroscope,0.0010652969,-0.009587673,-0.011718267
303961408,Accelerometer,-0.61770403,6.2105594,7.666234
303961408,Gyroscope,-0.020240642,-0.0021305939,-0.011718267
303961408,Accelerometer,-0.59855044,6.373365,7.6949644
303961408,Gyroscope,0.005326485,0.023436533,-0.020240642
303961440,Accelerometer,-0.7182605,6.5218053,7.5225816
303961440,Gyroscope,0.036220096,0.040481284,-0.039415985
303961440,Accelerometer,-1.0821792,6.6510925,7.560889
303961440,Gyroscope,0.03728539,0.04261188,-0.040481284
303961472,Accelerometer,-1.2401965,6.6750345,7.465121
303961472,Gyroscope,0.022371236,0.01065297,0.017044751
303961504,Accelerometer,-0.90979666,6.397307,7.465121
303961504,Gyroscope,-0.023436533,-0.020240642,0.07776668
303961504,Accelerometer,-0.6751649,6.1195793,7.73806
303961504,Gyroscope,-0.05113425,-0.04154658,0.09055024
303961536,Accelerometer,-0.48362875,6.0142345,7.565677
303961536,Gyroscope,-0.018110048,-0.034089502,0.057526033
303961536,Accelerometer,-0.7086837,6.1866174,7.4746976
303961536,Gyroscope,0.020240642,0.0085223755,0.018110048
303961568,Accelerometer,-0.8283938,6.2967505,7.2783732
303961568,Gyroscope,0.039415985,0.05646074,0.033024207
303961600,Accelerometer,-0.6560113,6.229713,7.326257
303961600,Gyroscope,-0.018110048,0.036220096,0.068179004
303961600,Accelerometer,-0.51714754,6.1195793,7.771579
303961600,Gyroscope,-0.08415846,0.005326485,0.070309594
303961632,Accelerometer,-0.48841715,6.0956373,8.0445175
303961632,Gyroscope,-0.08628905,-0.035154797,0.04261188
303961632,Accelerometer,-0.49320555,6.2488666,8.082825
303961632,Gyroscope,0.01065297,0.019175345,0.025567126
303961664,Accelerometer,-0.62728083,6.3781533,7.690176
303961664,Gyroscope,0.1054644,0.092680834,0.011718267
303961728,Accelerometer,-0.6751649,6.5744777,7.465121
303961728,Gyroscope,0.1022685,0.091615535,0.017044751
303961728,Accelerometer,-0.59855044,6.483498,7.513005
303961728,Gyroscope,0.025567126,0.0021305939,0.04261188
303961760,Accelerometer,-0.44532153,6.253655,7.551312
303961760,Gyroscope,-0.03089361,-0.08415846,0.04154658
303961760,Accelerometer,-0.3878607,6.105214,7.589619
303961760,Gyroscope,-0.0031958907,-0.05539544,0.026632423
303961792,Accelerometer,-0.48841715,6.1626754,7.2065473
303961792,Gyroscope,0.06285252,0.019175345,0.0
303961824,Accelerometer,-0.7326257,6.291962,7.144298
303961824,Gyroscope,0.05113425,0.067113705,-0.005326485
303961824,Accelerometer,-0.81402856,6.244078,7.393295
303961824,Gyroscope,-0.0021305939,0.04793836,0.023436533
303961856,Accelerometer,-0.6560113,6.1626754,7.4842744
303961856,Gyroscope,-0.035154797,-0.0042611877,0.03835069
303961856,Accelerometer,-0.5315128,6.1195793,7.61835
303961856,Gyroscope,-0.04900366,-0.01065297,0.026632423
303961888,Accelerometer,-0.521936,6.0142345,7.7428484
303961888,Gyroscope,-0.031958908,0.025567126,0.0021305939
303961920,Accelerometer,-0.58897364,6.1866174,7.8386164
303961920,Gyroscope,-0.01065297,0.0,-0.017044751
303961920,Accelerometer,-0.47405192,6.3781533,7.551312
303961920,Gyroscope,0.01384886,-0.01384886,-0.025567126
303961952,Accelerometer,-0.5554548,6.4643445,7.599196
303961952,Gyroscope,-0.012783563,-0.005326485,-0.029828314
303961952,Accelerometer,-0.6895301,6.4164605,7.843405
303961952,Gyroscope,-0.014914157,0.005326485,-0.025567126
303961984,Accelerometer,-0.7613561,6.4882865,7.8625584
303961984,Gyroscope,0.015979454,-0.0010652969,-0.0063917814
303962016,Accelerometer,-0.6512229,6.38773,7.5465236
303962016,Gyroscope,0.036220096,-0.02769772,0.0063917814
303962016,Accelerometer,-0.7757214,6.315904,7.589619
303962016,Gyroscope,-0.005326485,-0.04154658,-0.0021305939
303962048,Accelerometer,-0.8523358,6.339846,7.6231384
303962048,Gyroscope,-0.0042611877,-0.044742472,-0.0010652969
303962048,Accelerometer,-0.62249243,6.253655,7.422025
303962048,Gyroscope,0.040481284,0.0074570784,0.019175345
303962080,Accelerometer,-0.5602432,6.205771,7.273585
303962080,Gyroscope,0.04793836,0.034089502,0.012783563
303962112,Accelerometer,-0.7757214,6.301539,7.3406224
303962112,Gyroscope,0.022371236,0.019175345,-0.0042611877
303962112,Accelerometer,-0.7230489,6.315904,7.431602
303962112,Gyroscope,0.0021305939,0.0,0.009587673
303962144,Accelerometer,-0.58418524,6.2871737,7.4363904
303962144,Gyroscope,-0.015979454,0.0021305939,0.03089361
303962144,Accelerometer,-0.56982,6.277597,7.541735
303962144,Gyroscope,-0.029828314,0.0,0.033024207
303962176,Accelerometer,-0.4213795,6.2009826,7.747637
303962176,Gyroscope,-0.02450183,0.018110048,0.02769772
303962208,Accelerometer,-0.50757074,6.277597,7.785944
303962208,Gyroscope,-0.0021305939,0.01384886,-0.0010652969
303962208,Accelerometer,-0.56982,6.301539,7.7093296
303962208,Gyroscope,0.02769772,0.031958908,-0.012783563
303962240,Accelerometer,-0.6655881,6.3063273,7.771579
303962240,Gyroscope,0.031958908,0.018110048,-0.0063917814
303962240,Accelerometer,-0.6512229,6.339846,7.608773
303962240,Gyroscope,0.0063917814,-0.04900366,0.0010652969
303962272,Accelerometer,-0.49799395,6.277597,7.5465236
303962272,Gyroscope,-0.014914157,-0.07883197,0.0085223755
303962304,Accelerometer,-0.90021986,6.6989765,7.029376
303962304,Gyroscope,0.044742472,-0.050068956,-0.019175345
303962304,Accelerometer,-0.320823,5.78918,6.6606693
303962304,Gyroscope,0.120378554,0.19175345,0.050068956
303962336,Accelerometer,-1.292869,6.2728086,8.389283
303962336,Gyroscope,-0.14914156,0.050068956,-0.044742472
303962336,Accelerometer,0.11492168,7.067683,6.1530986
303962336,Gyroscope,-0.12996623,-0.17790459,0.035154797
303962400,Accelerometer,-0.23942018,6.5696893,7.752425
303962400,Gyroscope,-0.05219955,-0.05113425,0.015979454
303962432,Accelerometer,-0.21068975,6.291962,7.843405
303962432,Gyroscope,0.02769772,0.08522376,0.035154797
303962432,Accelerometer,-0.45489833,6.191406,8.025364
303962432,Gyroscope,0.044742472,0.043677174,-0.023436533
303962464,Accelerometer,-0.7182605,6.373365,7.326257
303962464,Gyroscope,0.033024207,-0.04793836,-0.040481284
303962464,Accelerometer,-0.6464345,6.2967505,7.2927384
303962464,Gyroscope,-0.0085223755,-0.03835069,-0.01065297
303962496,Accelerometer,-0.545878,6.3111157,7.398083
303962496,Gyroscope,-0.019175345,-0.023436533,0.014914157
303962528,Accelerometer,-0.5506664,6.14831,7.704541
303962528,Gyroscope,-0.03728539,0.009587673,0.009587673
303962528,Accelerometer,-0.51714754,6.191406,7.833828
303962528,Gyroscope,-0.020240642,-0.011718267,-0.0074570784
303962560,Accelerometer,-0.5410896,6.181829,7.752425
303962560,Gyroscope,0.012783563,0.0,-0.019175345
303962560,Accelerometer,-0.59855044,6.2871737,7.6614456
303962560,Gyroscope,0.03089361,0.014914157,-0.026632423
303962592,Accelerometer,-0.61291564,6.315904,7.52737
303962592,Gyroscope,0.023436533,0.0021305939,-0.036220096
303962624,Accelerometer,-0.7134721,6.3925185,7.445967
303962624,Gyroscope,0.02450183,0.015979454,-0.040481284
303962624,Accelerometer,-0.80445176,6.3446345,7.7428484
303962624,Gyroscope,0.031958908,0.046873067,-0.028763017
303962656,Accelerometer,-0.7182605,6.4068837,7.6375036
303962656,Gyroscope,0.067113705,0.06178722,-0.0031958907
303962656,Accelerometer,-0.6560113,6.4308257,7.445967
303962656,Gyroscope,0.07137489,0.067113705,0.0
303962688,Accelerometer,-0.641646,6.445191,7.431602
303962688,Gyroscope,0.046873067,0.06285252,0.0042611877
303962720,Accelerometer,-0.545878,6.3302693,7.6470804
303962720,Gyroscope,0.029828314,0.06285252,0.011718267
303962720,Accelerometer,-0.47405192,6.2871737,7.5704656
303962720,Gyroscope,0.04154658,0.044742472,0.0063917814
303962752,Accelerometer,-0.63206923,6.291962,7.417237
303962752,Gyroscope,0.04154658,0.029828314,-0.009587673
303962752,Accelerometer,-1.4939818,7.2831616,6.2584434
303962752,Gyroscope,0.04154658,0.025567126,-0.01065297
303962784,Accelerometer,-0.20111294,5.8705826,8.111555
303962784,Gyroscope,-0.10013791,0.16192514,0.14168449
303962816,Accelerometer,-0.5602432,6.244078,7.7428484
303962816,Gyroscope,-0.117182665,-0.175774,-0.0074570784
303962816,Accelerometer,-1.388637,5.8226986,6.4308257
303962816,Gyroscope,-0.08415846,-0.057526033,0.0021305939
303962848,Accelerometer,-0.63206923,6.5744777,7.513005
303962848,Gyroscope,-0.005326485,-0.023436533,-0.0010652969
303962848,Accelerometer,-0.61770403,6.5840545,7.4842744
303962848,Gyroscope,0.020240642,0.050068956,0.02450183
303962880,Accelerometer,-0.5793968,6.277597,7.728483
303962880,Gyroscope,0.0,0.05113425,0.029828314
303962912,Accelerometer,-0.6703765,6.2392898,7.503428
303962912,Gyroscope,-0.009587673,-0.068179004,0.0074570784
303962912,Accelerometer,-0.6560113,6.3206925,7.52737
303962912,Gyroscope,-0.033024207,-0.044742472,0.0063917814
303962944,Accelerometer,-0.45489833,6.3111157,7.469909
303962944,Gyroscope,-0.0031958907,-0.019175345,0.02130594
303962944,Accelerometer,-0.6560113,6.3589997,7.4603324
303962944,Gyroscope,0.019175345,0.03728539,0.0021305939
303962976,Accelerometer,-0.79487497,6.411672,7.469909
303962976,Gyroscope,0.0042611877,0.026632423,0.01065297
303963008,Accelerometer,-0.6943185,6.349423,7.541735
303963008,Gyroscope,-0.05219955,-0.046873067,0.036220096
303963008,Accelerometer,-0.5267244,6.1770406,7.6470804
303963008,Gyroscope,-0.09694202,-0.1022685,0.04261188
303963040,Accelerometer,-0.4261679,6.114791,7.9487495
303963040,Gyroscope,-0.07244019,-0.067113705,0.023436533
303963104,Accelerometer,-0.36870706,6.090849,7.8865004
303963104,Gyroscope,0.02450183,-0.0063917814,0.0042611877
303963104,Accelerometer,-0.35434186,6.167464,7.422025
303963104,Gyroscope,0.07137489,0.0085223755,-0.026632423
303963136,Accelerometer,-0.5746084,6.339846,7.28795
303963136,Gyroscope,0.01065297,-0.025567126,-0.04261188
303963136,Accelerometer,-0.6895301,6.2584434,7.431602
303963136,Gyroscope,-0.034089502,-0.033024207,-0.015979454
303963168,Accelerometer,-0.6655881,6.3063273,7.5704656
303963168,Gyroscope,-0.059656627,-0.06604841,0.0074570784
303963200,Accelerometer,-0.89064306,6.167464,6.129156
303963200,Gyroscope,0.16405573,0.07137489,0.0042611877
303963200,Accelerometer,0.12449849,6.033388,7.6135616
303963200,Gyroscope,0.018110048,0.33876443,0.05113425
303963232,Accelerometer,-1.0582372,6.531382,7.493851
303963232,Gyroscope,-0.10120321,-0.08202787,-0.10866029
303963232,Accelerometer,-0.5746084,7.1634517,11.032481
303963232,Gyroscope,-0.10652969,-0.057526033,-0.0042611877
303963264,Accelerometer,-0.78529817,6.26802,7.5704656
303963264,Gyroscope,0.034089502,-0.0074570784,0.07989727
303963264,Accelerometer,-0.2681506,6.2249246,7.599196
303963264,Gyroscope,0.014914157,-0.009587673,0.07989727
303963296,Accelerometer,-0.19153613,6.143522,8.183381
303963296,Gyroscope,-0.011718267,0.0085223755,0.01384886
303963328,Accelerometer,-0.5602432,6.3063273,7.6375036
303963328,Gyroscope,0.07989727,-0.019175345,-0.039415985
303963328,Accelerometer,-0.59376204,6.3350577,7.2209125
303963328,Gyroscope,0.08202787,0.01384886,-0.020240642
303963360,Accelerometer,-0.51714754,6.196194,7.417237
303963360,Gyroscope,0.034089502,0.0042611877,0.014914157
303963360,Accelerometer,-0.320823,6.0956373,7.560889
303963360,Gyroscope,0.0063917814,-0.012783563,0.0074570784
303963392,Accelerometer,-0.47405192,6.090849,7.5848308
303963392,Gyroscope,0.014914157,0.0085223755,-0.023436533
303963424,Accelerometer,-0.5410896,6.1195793,7.465121
303963424,Gyroscope,0.02769772,0.0063917814,-0.040481284
303963424,Accelerometer,-0.5602432,6.1770406,7.2544312
303963424,Gyroscope,0.0074570784,-0.014914157,-0.05113425
303963456,Accelerometer,-0.60333884,6.253655,7.3789296
303963456,Gyroscope,0.0074570784,0.034089502,-0.05646074
303963456,Accelerometer,-0.5650316,6.220136,7.345411
303963456,Gyroscope,0.04154658,0.08415846,-0.05219955
303963488,Accelerometer,-0.5554548,6.38773,7.350199
303963488,Gyroscope,0.02130594,0.07776668,-0.06285252
303963520,Accelerometer,-0.78529817,6.5218053,7.8386164
303963520,Gyroscope,-0.005326485,0.089484945,-0.05646074
303963520,Accelerometer,-0.7374141,6.4787097,7.776367
303963520,Gyroscope,-0.0063917814,0.034089502,-0.029828314
303963552,Accelerometer,-0.5793968,6.3781533,7.809886
303963552,Gyroscope,-0.0085223755,0.01384886,-0.01065297
303963584,Accelerometer,-0.641646,6.3542113,7.8529816
303963584,Gyroscope,-0.0074570784,-0.009587673,-0.020240642
303963584,Accelerometer,-0.6943185,6.3589997,7.809886
303963584,Gyroscope,0.029828314,-0.0021305939,-0.03728539
303963616,Accelerometer,-0.60333884,6.1866174,7.513005
303963616,Gyroscope,0.07457078,0.04261188,-0.028763017
303963616,Accelerometer,-0.82360536,6.2392898,7.5561004
303963616,Gyroscope,0.07563608,0.064983115,-0.035154797
303963648,Accelerometer,-0.7422025,6.191406,7.369353
303963648,Gyroscope,0.05113425,0.0074570784,-0.033024207
303963680,Accelerometer,-0.5650316,6.0764837,7.1107793
303963680,Gyroscope,0.044742472,0.022371236,-0.036220096
303963680,Accelerometer,-0.6512229,6.2105594,7.2592196
303963680,Gyroscope,0.03728539,0.068179004,-0.054330144
303963712,Accelerometer,-0.79966336,6.301539,7.4986396
303963712,Gyroscope,0.01384886,0.04900366,-0.057526033
303963712,Accelerometer,-1.5035586,7.489063,5.583278
303963712,Gyroscope,0.025567126,-0.031958908,-0.059656627
303963776,Accelerometer,-0.29688102,6.181829,7.9008656
303963776,Gyroscope,-0.22584295,-0.040481284,0.06285252
303963808,Accelerometer,-0.80924016,6.483498,8.403648
303963808,Gyroscope,-0.08202787,0.120378554,-0.011718267
303963808,Accelerometer,-0.29209262,6.7133417,10.46745
303963808,Gyroscope,0.09694202,0.15127216,0.0042611877
303963840,Accelerometer,-1.0630256,6.588843,7.40766
303963840,Gyroscope,0.0021305939,-0.0085223755,-0.031958908
303963840,Accelerometer,-1.091756,6.612785,7.929596
303963840,Gyroscope,-0.05646074,-0.04261188,0.0063917814
303963872,Accelerometer,-0.7182605,6.339846,7.881712
303963872,Gyroscope,-0.009587673,-0.034089502,0.05113425
303963904,Accelerometer,-0.5602432,6.205771,7.493851
303963904,Gyroscope,0.025567126,-0.04261188,0.04261188
303963904,Accelerometer,-0.48362875,6.0860605,7.7332716
303963904,Gyroscope,0.014914157,0.017044751,0.015979454
303963936,Accelerometer,-0.6751649,6.229713,7.642292
303963936,Gyroscope,0.05113425,-0.0042611877,-0.022371236
303963936,Accelerometer,-0.81402856,6.3781533,7.326257
303963936,Gyroscope,0.059656627,-0.012783563,-0.031958908
303963968,Accelerometer,-0.80924016,6.325481,7.2113357
303963968,Gyroscope,0.03835069,-0.0031958907,-0.0031958907
303964000,Accelerometer,-0.6703765,6.220136,7.335834
303964000,Gyroscope,-0.012783563,-0.0074570784,0.01065297
303964000,Accelerometer,-0.79487497,6.253655,7.728483
303964000,Gyroscope,-0.04261188,-0.0063917814,-0.0042611877
303964032,Accelerometer,-0.866701,6.3350577,7.97748
303964032,Gyroscope,-0.019175345,-0.015979454,-0.0085223755
303964032,Accelerometer,-0.6895301,6.291962,7.560889
303964032,Gyroscope,0.044742472,-0.015979454,-0.0021305939
303964064,Accelerometer,-0.7230489,6.349423,7.335834
303964064,Gyroscope,0.02450183,-0.020240642,-0.0063917814
303964096,Accelerometer,-0.842759,6.325481,7.714118
303964096,Gyroscope,-0.0074570784,-0.0085223755,-0.014914157
303964096,Accelerometer,-0.89543146,6.4643445,7.8050976
303964096,Gyroscope,0.020240642,-0.012783563,-0.009587673
303964128,Accelerometer,-1.958457,7.431602,4.247314
303964128,Gyroscope,0.06604841,-0.13422741,0.009587673
303964128,Accelerometer,0.076614454,5.315128,9.179369
303964128,Gyroscope,-0.33024204,0.09907261,0.20240642
303964160,Accelerometer,-0.770933,6.3589997,8.374918
303964160,Gyroscope,-0.09800732,-0.13422741,-0.03089361
303964192,Accelerometer,-1.1971009,5.3438582,7.6470804
303964192,Gyroscope,-0.015979454,0.0021305939,0.050068956
303964192,Accelerometer,-0.93852705,6.727707,7.7572136
303964192,Gyroscope,-0.039415985,0.01065297,-0.02769772
303964224,Accelerometer,-0.9576807,6.6271505,8.106767
303964224,Gyroscope,0.0085223755,0.088419646,0.045807768
303964224,Accelerometer,-0.51235914,6.3063273,7.52737
303964224,Gyroscope,0.040481284,0.01065297,0.08628905
303964256,Accelerometer,-0.51714754,6.1195793,7.6135616
303964256,Gyroscope,-0.046873067,-0.09800732,0.057526033
303964288,Accelerometer,-0.45968673,6.105214,7.867347
303964288,Gyroscope,-0.036220096,-0.06178722,0.035154797
303964288,Accelerometer,-0.51235914,6.143522,7.479486
303964288,Gyroscope,0.07457078,0.033024207,0.020240642
303964320,Accelerometer,-0.5267244,6.191406,7.2209125
303964320,Gyroscope,0.064983115,0.05219955,0.012783563
303964320,Accelerometer,-0.62728083,6.2871737,7.383718
303964320,Gyroscope,-0.017044751,-0.012783563,0.0085223755
303964352,Accelerometer,-0.7469909,6.3829417,7.690176
303964352,Gyroscope,-0.046873067,-0.036220096,0.011718267
303964384,Accelerometer,-0.5793968,6.2632318,7.7189064
303964384,Gyroscope,-0.028763017,-0.029828314,0.028763017
303964384,Accelerometer,-0.59855044,6.253655,7.785944
303964384,Gyroscope,0.0085223755,0.0085223755,0.023436533
303964416,Accelerometer,-0.6560113,6.2871737,7.5800424
303964416,Gyroscope,0.036220096,0.015979454,0.014914157
303964416,Accelerometer,-0.6655881,6.3589997,7.4507556
303964416,Gyroscope,0.020240642,0.0085223755,0.01384886
303964480,Accelerometer,-0.7038953,6.291962,7.560889
303964480,Gyroscope,-0.0085223755,-0.0010652969,0.033024207
303964512,Accelerometer,-0.6799533,6.2392898,7.6231384
303964512,Gyroscope,0.005326485,0.02769772,0.05539544
303964512,Accelerometer,-0.5793968,6.2728086,7.4986396
303964512,Gyroscope,0.0085223755,0.025567126,0.060721926
303964544,Accelerometer,-0.59376204,6.349423,7.4746976
303964544,Gyroscope,-0.01384886,-0.0021305939,0.04900366
303964544,Accelerometer,-0.48841715,6.363788,7.4124484
303964544,Gyroscope,-0.025567126,-0.019175345,0.053264845
303964576,Accelerometer,-0.45968673,6.291962,7.431602
303964576,Gyroscope,-0.033024207,0.0085223755,0.058591332
303964608,Accelerometer,-0.59376204,6.191406,7.7428484
303964608,Gyroscope,-0.054330144,0.022371236,0.059656627
303964608,Accelerometer,-0.47884035,6.0381765,8.0445175
303964608,Gyroscope,-0.057526033,-0.015979454,0.07244019
303964640,Accelerometer,-0.41180268,5.9424086,7.967903
303964640,Gyroscope,-0.026632423,-0.040481284,0.043677174
303964640,Accelerometer,-0.35913026,5.995081,7.7332716
303964640,Gyroscope,0.0074570784,-0.034089502,0.009587673
303964672,Accelerometer,-0.4261679,6.0716953,7.599196
303964672,Gyroscope,0.033024207,0.01384886,-0.014914157
303964704,Accelerometer,-0.5315128,6.325481,7.493851
303964704,Gyroscope,0.03089361,0.012783563,-0.026632423
303964704,Accelerometer,-0.5746084,6.4547677,7.536947
303964704,Gyroscope,0.02130594,0.019175345,0.0
303964736,Accelerometer,-0.37828386,6.2488666,7.642292
303964736,Gyroscope,-0.01065297,-0.014914157,0.03089361
303964736,Accelerometer,-0.35434186,6.157887,7.8912888
303964736,Gyroscope,-0.034089502,-0.044742472,0.011718267
303964768,Accelerometer,-0.5267244,6.220136,8.001422
303964768,Gyroscope,0.0,-0.034089502,-0.023436533
303964800,Accelerometer,-0.6464345,6.2967505,7.747637
303964800,Gyroscope,0.06285252,0.005326485,-0.02769772
303964800,Accelerometer,-0.51714754,6.2871737,7.398083
303964800,Gyroscope,0.07883197,-0.0074570784,-0.0085223755
303964832,Accelerometer,-0.5506664,6.2488666,7.4603324
303964832,Gyroscope,0.039415985,-0.022371236,-0.0031958907
303964832,Accelerometer,-0.56982,6.253655,7.3310456
303964832,Gyroscope,0.018110048,-0.03089361,-0.0042611877
303964864,Accelerometer,-0.5363012,6.205771,7.4363904
303964864,Gyroscope,0.0063917814,-0.0063917814,0.0031958907
303964896,Accelerometer,-0.40701428,6.172252,7.422025
303964896,Gyroscope,0.0010652969,-0.01065297,-0.0063917814
303964896,Accelerometer,-0.6512229,6.26802,7.489063
303964896,Gyroscope,0.0063917814,0.020240642,-0.023436533
303964928,Accelerometer,-0.6751649,6.291962,7.5944076
303964928,Gyroscope,0.023436533,0.03728539,0.0042611877
303964928,Accelerometer,-0.4357447,6.2728086,7.5848308
303964928,Gyroscope,-0.0085223755,0.0,0.029828314
303964960,Accelerometer,-0.33518824,6.2728086,7.7428484
303964960,Gyroscope,-0.050068956,-0.053264845,0.017044751
303964992,Accelerometer,-0.30166942,6.2249246,7.896077
303964992,Gyroscope,-0.025567126,-0.031958908,-0.014914157
303964992,Accelerometer,-0.8762778,6.933608,7.651869
303964992,Gyroscope,0.07883197,0.028763017,-0.036220096
303965024,Accelerometer,-0.5602432,6.215348,6.6079965
303965024,Gyroscope,0.18749227,0.21518998,0.057526033
303965024,Accelerometer,-0.34476504,6.2728086,7.9966335
303965024,Gyroscope,-0.08522376,0.11185618,0.04261188
303965056,Accelerometer,-0.51235914,6.847417,6.5457473
303965056,Gyroscope,-0.14914156,-0.119313255,-0.039415985
303965088,Accelerometer,-0.038307227,6.5696893,7.8050976
303965088,Gyroscope,-0.03835069,-0.07457078,0.02769772
303965088,Accelerometer,-0.41180268,6.4404025,7.85777
303965088,Gyroscope,0.05646074,0.1384886,0.011718267
303965120,Accelerometer,-0.59855044,6.2632318,7.493851
303965120,Gyroscope,0.06285252,0.08628905,0.020240642
303965120,Accelerometer,-0.5793968,6.4260373,7.704541
303965120,Gyroscope,-0.04154658,-0.05539544,0.02130594
303965184,Accelerometer,-0.45968673,6.2105594,7.632715
303965184,Gyroscope,-0.060721926,-0.091615535,0.03089361
303965216,Accelerometer,-0.45489833,6.196194,7.771579
303965216,Gyroscope,-0.01065297,0.0,0.02769772
303965216,Accelerometer,-0.46447513,5.961562,7.819463
303965216,Gyroscope,0.03728539,0.060721926,0.025567126
303965248,Accelerometer,-0.40701428,6.0956373,7.5944076
303965248,Gyroscope,0.04154658,0.022371236,0.01065297
303965248,Accelerometer,-0.37349546,6.14831,7.5704656
303965248,Gyroscope,0.009587673,-0.011718267,0.0
303965280,Accelerometer,-0.34955344,6.143522,7.723695
303965280,Gyroscope,-0.009587673,-0.009587673,-0.0063917814
303965312,Accelerometer,-0.33039984,6.1626754,7.752425
303965312,Gyroscope,0.019175345,0.0063917814,-0.022371236
303965312,Accelerometer,-0.5506664,6.26802,7.704541
303965312,Gyroscope,0.03728539,0.012783563,-0.05219955
303965344,Accelerometer,-0.6703765,6.3829417,7.5561004
303965344,Gyroscope,0.059656627,0.0085223755,-0.045807768
303965344,Accelerometer,-0.6991069,6.4499793,7.445967
303965344,Gyroscope,0.05113425,0.0031958907,-0.025567126
303965376,Accelerometer,-0.46926352,6.421249,7.273585
303965376,Gyroscope,0.035154797,0.009587673,-0.0063917814
303965408,Accelerometer,-0.4309563,6.3206925,7.3549876
303965408,Gyroscope,0.009587673,0.03089361,-0.0042611877
303965408,Accelerometer,-0.50757074,6.2488666,7.656657
303965408,Gyroscope,-0.005326485,0.02130594,-0.005326485
303965440,Accelerometer,-0.4357447,6.2105594,7.6231384
303965440,Gyroscope,0.0042611877,0.014914157,-0.0085223755
303965440,Accelerometer,-1.7429788,6.8282633,6.2488666
303965440,Gyroscope,0.0692443,0.068179004,-0.025567126
303965472,Accelerometer,-0.4261679,6.133945,8.034941
303965472,Gyroscope,-0.09800732,0.17683929,0.12357444
303965504,Accelerometer,-0.15801731,6.2584434,8.379706
303965504,Gyroscope,-0.117182665,-0.11079088,0.020240642
303965504,Accelerometer,-1.1875241,6.411672,5.7508726
303965504,Gyroscope,-0.064983115,-0.068179004,-0.04900366
303965536,Accelerometer,-0.30166942,6.5457473,7.8625584
303965536,Gyroscope,0.005326485,0.03089361,0.04261188
303965536,Accelerometer,-0.36391866,6.411672,8.020576
303965536,Gyroscope,0.026632423,0.06285252,0.043677174
303965568,Accelerometer,-0.4357447,6.26802,7.5848308
303965568,Gyroscope,0.039415985,-0.018110048,0.020240642
303965600,Accelerometer,-0.51235914,6.4404025,7.225701
303965600,Gyroscope,0.0085223755,-0.07457078,0.0085223755
303965600,Accelerometer,-0.40222588,6.244078,7.216124
303965600,Gyroscope,0.0074570784,0.01384886,0.02769772
303965632,Accelerometer,-0.5506664,6.157887,7.5848308
303965632,Gyroscope,0.0,0.05539544,0.03728539
303965632,Accelerometer,-0.50757074,6.2105594,7.489063
303965632,Gyroscope,-0.035154797,-0.02450183,0.031958908
303965664,Accelerometer,-0.49799395,6.1530986,7.752425
303965664,Gyroscope,-0.070309594,-0.05539544,0.02769772
303965696,Accelerometer,-0.37828386,6.0621185,7.762002
303965696,Gyroscope,-0.03728539,-0.01384886,0.02450183
303965696,Accelerometer,-0.4405331,6.129156,7.881712
303965696,Gyroscope,-0.005326485,0.012783563,-0.0031958907
303965728,Accelerometer,-0.521936,6.325481,7.762002
303965728,Gyroscope,0.029828314,0.02450183,-0.025567126
303965760,Accelerometer,-0.7134721,6.2728086,7.5848308
303965760,Gyroscope,0.026632423,-0.0021305939,-0.014914157
303965760,Accelerometer,-0.47405192,6.445191,8.054094
303965760,Gyroscope,-0.035154797,-0.09374613,0.0042611877
303965792,Accelerometer,-0.47405192,5.731719,5.5737014
303965792,Gyroscope,0.30254433,0.21945117,0.059656627
303965792,Accelerometer,-0.062249243,5.6646814,7.589619
303965792,Gyroscope,-0.023436533,0.3462215,0.044742472
303965856,Accelerometer,-1.661576,6.1530986,7.771579
303965856,Gyroscope,-0.27165073,-0.3472868,-0.16938221
303965856,Accelerometer,-0.94810385,5.90889,7.1634517
303965856,Gyroscope,-0.12463974,-0.2087982,0.022371236
303965888,Accelerometer,-0.29688102,6.0285997,7.5082164
303965888,Gyroscope,0.12996623,0.07350549,0.03728539
303965920,Accelerometer,-0.4357447,6.253655,7.4363904
303965920,Gyroscope,0.113986775,0.10013791,0.01065297
303965920,Accelerometer,-0.641646,6.291962,8.101978
303965920,Gyroscope,0.02130594,0.044742472,-0.009587673
303965952,Accelerometer,-0.33997664,6.105214,7.632715
303965952,Gyroscope,0.036220096,-0.14594568,-0.011718267
303965952,Accelerometer,-0.30166942,6.143522,7.249643
303965952,Gyroscope,0.064983115,-0.07457078,-0.031958908
303965984,Accelerometer,-0.30645782,6.2105594,7.297527
303965984,Gyroscope,0.1033338,0.05219955,-0.03835069
303966016,Accelerometer,-0.5410896,6.3302693,7.311892
303966016,Gyroscope,0.1043991,0.10866029,-0.045807768
303966016,Accelerometer,-0.5506664,6.2584434,7.273585
303966016,Gyroscope,0.046873067,0.039415985,-0.034089502
303966048,Accelerometer,-0.5554548,6.253655,7.603985
303966048,Gyroscope,-0.031958908,-0.04261188,-0.033024207
303966048,Accelerometer,-0.50278234,6.1530986,7.666234
303966048,Gyroscope,-0.0074570784,-0.011718267,-0.036220096
303966080,Accelerometer,-0.5315128,6.1866174,7.61835
303966080,Gyroscope,0.04900366,0.06178722,-0.05219955
303966112,Accelerometer,-0.641646,6.301539,7.603985
303966112,Gyroscope,0.07457078,0.08096257,-0.058591332
303966112,Accelerometer,-0.641646,6.445191,7.465121
303966112,Gyroscope,0.039415985,0.01065297,-0.06178722
303966144,Accelerometer,-0.6799533,6.493075,7.455544
303966144,Gyroscope,0.02130594,-0.0031958907,-0.06178722
303966144,Accelerometer,-0.6751649,6.4547677,7.431602
303966144,Gyroscope,0.04154658,0.057526033,-0.039415985
303966176,Accelerometer,-0.63206923,6.4643445,7.690176
303966176,Gyroscope,0.043677174,0.07457078,-0.018110048
303966208,Accelerometer,-0.46926352,6.3685765,7.6614456
303966208,Gyroscope,0.026632423,-0.022371236,-0.022371236
303966208,Accelerometer,-1.8962077,7.699753,5.0038815
303966208,Gyroscope,0.04154658,-0.1384886,-0.060721926
303966240,Accelerometer,-0.22505496,6.0860605,8.259995
303966240,Gyroscope,-0.26845482,0.0063917814,0.12144385
303966240,Accelerometer,-0.90979666,5.707777,8.121132
303966240,Gyroscope,-0.0085223755,0.14807628,0.01384886
303966272,Accelerometer,-0.41180268,6.622362,4.7979803
303966272,Gyroscope,0.16512102,0.08735435,-0.012783563
303966304,Accelerometer,-1.067814,6.4404025,7.3071036
303966304,Gyroscope,0.01384886,-0.053264845,-0.046873067
303966304,Accelerometer,-0.81402856,6.6606693,7.431602
303966304,Gyroscope,-0.02450183,-0.05113425,0.02769772
303966336,Accelerometer,-0.4405331,6.3925185,7.589619
303966336,Gyroscope,-0.014914157,0.011718267,0.07776668
303966336,Accelerometer,-0.272939,6.220136,7.52737
303966336,Gyroscope,-0.015979454,-0.068179004,0.06178722
303966368,Accelerometer,-0.31603462,6.0716953,7.819463
303966368,Gyroscope,-0.015979454,-0.04793836,0.019175345
303966400,Accelerometer,-0.4261679,6.1770406,7.680599
303966400,Gyroscope,0.044742472,0.0,-0.017044751
303966400,Accelerometer,-0.60333884,6.2392898,7.4746976
303966400,Gyroscope,0.06178722,0.011718267,-0.022371236
303966432,Accelerometer,-1.9440918,6.469133,4.4244847
303966432,Gyroscope,0.043677174,-0.23969181,0.015979454
303966432,Accelerometer,0.25857377,5.535394,9.605537
303966432,Gyroscope,-0.3920293,0.15872924,0.17790459
303966464,Accelerometer,0.110133275,6.2105594,9.624691
303966464,Gyroscope,-0.036220096,-0.063917816,-0.028763017
303966496,Accelerometer,-0.30166942,6.5361705,8.374918
303966496,Gyroscope,0.046873067,0.015979454,-0.034089502
303966496,Accelerometer,-0.7374141,6.469133,8.259995
303966496,Gyroscope,0.0074570784,0.04261188,-0.040481284
303966560,Accelerometer,-0.641646,6.517017,7.4986396
303966560,Gyroscope,0.05646074,0.0085223755,0.023436533
303966592,Accelerometer,-0.45489833,6.469133,7.4746976
303966592,Gyroscope,-0.009587673,-0.020240642,0.044742472
303966592,Accelerometer,-0.5315128,6.3350577,7.704541
303966592,Gyroscope,-0.060721926,-0.09907261,0.033024207
303966624,Accelerometer,-0.45489833,6.3302693,7.651869
303966624,Gyroscope,-0.02450183,-0.088419646,0.040481284
303966624,Accelerometer,-0.35913026,6.215348,7.599196
303966624,Gyroscope,0.02130594,0.0010652969,0.05113425
303966656,Accelerometer,-0.33039984,6.1530986,7.2831616
303966656,Gyroscope,0.026632423,-0.014914157,0.040481284
303966688,Accelerometer,-0.38307226,6.090849,7.4363904
303966688,Gyroscope,-0.04793836,-0.067113705,0.018110048
303966688,Accelerometer,-0.37349546,5.961562,7.675811
303966688,Gyroscope,-0.044742472,-0.03835069,0.022371236
303966720,Accelerometer,-0.45010993,6.0860605,7.6470804
303966720,Gyroscope,-0.0042611877,-0.0031958907,-0.0074570784
303966720,Accelerometer,-0.59855044,6.3206925,7.6614456
303966720,Gyroscope,0.011718267,0.0085223755,-0.01384886
303966752,Accelerometer,-0.4261679,6.2728086,7.551312
303966752,Gyroscope,0.020240642,0.0085223755,0.0
303966784,Accelerometer,-0.5650316,6.3829417,7.752425
303966784,Gyroscope,-0.0010652969,-0.0063917814,-0.0074570784
303966784,Accelerometer,-0.641646,6.4260373,7.551312
303966784,Gyroscope,0.011718267,-0.009587673,0.0
303966816,Accelerometer,-0.5267244,6.517017,7.489063
303966816,Gyroscope,0.0074570784,-0.0031958907,0.014914157
303966816,Accelerometer,-0.48362875,6.3685765,7.651869
303966816,Gyroscope,-0.0010652969,0.019175345,0.029828314
303966848,Accelerometer,-0.4357447,6.2488666,7.680599
303966848,Gyroscope,0.0042611877,0.02130594,0.031958908
303966880,Accelerometer,-0.5650316,6.253655,7.785944
303966880,Gyroscope,0.011718267,0.01065297,0.02769772
303966880,Accelerometer,-0.49320555,6.229713,7.5465236
303966880,Gyroscope,0.01384886,-0.025567126,0.043677174
303966912,Accelerometer,-0.24420857,6.133945,7.4124484
303966912,Gyroscope,0.0042611877,-0.02450183,0.043677174
303966912,Accelerometer,-0.21547815,6.1004257,7.4507556
303966912,Gyroscope,-0.0021305939,0.015979454,0.022371236
303966944,Accelerometer,-0.34955344,6.1004257,7.690176
303966944,Gyroscope,0.0021305939,0.036220096,-0.0031958907
303966976,Accelerometer,-0.50278234,6.196194,7.560889
303966976,Gyroscope,0.018110048,0.017044751,-0.0085223755
303966976,Accelerometer,-0.50757074,6.2632318,7.608773
303966976,Gyroscope,0.0085223755,0.0074570784,0.0074570784
303967008,Accelerometer,-0.39264908,6.2488666,7.5704656
303967008,Gyroscope,-0.022371236,-0.026632423,0.01065297
303967008,Accelerometer,-0.29209262,6.205771,7.762002
303967008,Gyroscope,-0.02769772,-0.026632423,-0.0031958907
303967040,Accelerometer,-0.34476504,6.277597,7.589619
303967040,Gyroscope,0.02769772,0.029828314,-0.018110048
303967072,Accelerometer,-0.5650316,6.3685765,7.704541
303967072,Gyroscope,0.05113425,0.0692443,-0.02450183
303967072,Accelerometer,-0.5746084,6.421249,7.6135616
303967072,Gyroscope,0.039415985,0.005326485,-0.0031958907
303967104,Accelerometer,-0.45489833,6.3542113,7.560889
303967104,Gyroscope,0.0074570784,-0.02130594,0.0074570784
303967104,Accelerometer,-0.44532153,6.2488666,7.5848308
303967104,Gyroscope,-0.0042611877,-0.022371236,0.0085223755
303967136,Accelerometer,-0.45968673,6.2823853,7.551312
303967136,Gyroscope,0.0063917814,-0.0085223755,0.0085223755
303967168,Accelerometer,-0.5410896,6.2823853,7.589619
303967168,Gyroscope,0.0010652969,-0.018110048,0.0042611877
303967168,Accelerometer,-0.45968673,6.2871737,7.469909
303967168,Gyroscope,0.01384886,-0.0031958907,0.0085223755
303967232,Accelerometer,-0.39264908,6.2823853,7.4746976
303967232,Gyroscope,0.0074570784,0.015979454,0.01384886
303967232,Accelerometer,-0.37828386,6.229713,7.690176
303967232,Gyroscope,-0.017044751,0.0021305939,0.012783563
303967264,Accelerometer,-0.33039984,6.1626754,7.699753
303967264,Gyroscope,-0.005326485,-0.005326485,-0.0010652969
303967296,Accelerometer,-0.33039984,6.172252,7.666234
303967296,Gyroscope,0.02130594,0.0085223755,-0.018110048
303967296,Accelerometer,-0.32561144,6.26802,7.536947
303967296,Gyroscope,0.036220096,0.019175345,-0.022371236
303967328,Accelerometer,-0.4357447,6.244078,7.785944
303967328,Gyroscope,0.025567126,0.033024207,-0.03089361
303967328,Accelerometer,-0.5315128,6.3063273,7.651869
303967328,Gyroscope,0.03089361,-0.011718267,-0.028763017
303967360,Accelerometer,-1.0630256,6.220136,5.707777
303967360,Gyroscope,0.16725162,-0.094811425,-0.043677174
303967392,Accelerometer,-0.2825158,6.4068837,8.24563
303967392,Gyroscope,-0.122509144,0.23223473,0.03728539
303967392,Accelerometer,-0.33039984,6.5122285,7.374141
303967392,Gyroscope,-0.045807768,-0.13635801,-0.02769772
303967424,Accelerometer,-0.31603462,6.679823,10.955867
303967424,Gyroscope,-0.034089502,0.022371236,-0.014914157
303967424,Accelerometer,-0.62249243,6.339846,7.192182
303967424,Gyroscope,0.057526033,0.043677174,0.018110048
303967456,Accelerometer,-0.48841715,6.4404025,7.5321584
303967456,Gyroscope,0.02130594,0.043677174,0.018110048
303967488,Accelerometer,-0.38307226,6.157887,7.8146744
303967488,Gyroscope,0.020240642,0.063917816,0.012783563
303967488,Accelerometer,-0.36870706,6.315904,7.374141
303967488,Gyroscope,0.050068956,-0.022371236,-0.015979454
303967520,Accelerometer,-0.38307226,6.435614,7.3789296
303967520,Gyroscope,0.023436533,0.02769772,-0.018110048
303967520,Accelerometer,-0.32561144,6.26802,7.5082164
303967520,Gyroscope,0.0,0.017044751,-0.0085223755
303967552,Accelerometer,-0.41180268,6.3063273,7.632715
303967552,Gyroscope,-0.005326485,-0.0021305939,-0.012783563
303967584,Accelerometer,-0.40701428,6.301539,7.7572136
303967584,Gyroscope,0.0063917814,0.0074570784,-0.01065297
303967584,Accelerometer,-0.3878607,6.2632318,7.599196
303967584,Gyroscope,0.031958908,0.023436533,-0.011718267
303967616,Accelerometer,-0.5267244,6.3111157,7.666234
303967616,Gyroscope,0.0074570784,0.005326485,-0.034089502
303967616,Accelerometer,-0.60812724,6.291962,7.752425
303967616,Gyroscope,0.0063917814,0.0021305939,-0.033024207
303967648,Accelerometer,-0.5746084,6.2249246,7.6231384
303967648,Gyroscope,0.043677174,0.018110048,-0.020240642
303967680,Accelerometer,-0.4165911,6.253655,7.3789296
303967680,Gyroscope,0.05646074,0.020240642,-0.02450183
303967680,Accelerometer,-0.49799395,6.253655,7.4842744
303967680,Gyroscope,0.058591332,0.07244019,-0.045807768
303967712,Accelerometer,-0.91937345,6.4020953,7.029376
303967712,Gyroscope,0.059656627,0.058591332,-0.044742472
303967712,Accelerometer,-1.1971009,6.205771,6.277597
303967712,Gyroscope,0.089484945,0.08522376,0.02769772
303967744,Accelerometer,-0.1436521,6.215348,8.159439
303967744,Gyroscope,-0.16938221,0.01065297,0.07989727
303967776,Accelerometer,-0.521936,5.7843914,8.7053175
303967776,Gyroscope,-0.113986775,-0.17683929,-0.023436533
303967776,Accelerometer,-1.1587936,5.8705826,8.662222
303967776,Gyroscope,-0.023436533,-0.0063917814,-0.026632423
303967808,Accelerometer,-0.6607997,6.2345014,7.7667904
303967808,Gyroscope,0.08202787,0.120378554,0.01384886
303967808,Accelerometer,-0.521936,6.397307,6.991069
303967808,Gyroscope,0.050068956,0.01384886,0.026632423
303967840,Accelerometer,-0.5506664,6.315904,7.704541
303967840,Gyroscope,-0.089484945,-0.04793836,0.028763017
303967872,Accelerometer,-0.40701428,6.229713,7.7332716
303967872,Gyroscope,-0.070309594,-0.11505207,0.02450183
303967872,Accelerometer,-0.39264908,6.2488666,7.575254
303967872,Gyroscope,0.017044751,0.0021305939,0.018110048
303967936,Accelerometer,-0.34955344,6.277597,7.417237
303967936,Gyroscope,0.05219955,0.07989727,0.01384886
303967936,Accelerometer,-0.5267244,6.3063273,7.489063
303967936,Gyroscope,0.0021305939,0.028763017,-0.0063917814
303967968,Accelerometer,-0.59376204,6.2392898,7.747637
303967968,Gyroscope,-0.05646074,-0.053264845,0.0063917814
303968000,Accelerometer,-0.36870706,6.196194,7.762002
303968000,Gyroscope,-0.039415985,-0.045807768,0.018110048
303968000,Accelerometer,-0.35913026,6.172252,7.7428484
303968000,Gyroscope,0.01065297,0.0074570784,0.0031958907
303968032,Accelerometer,-0.272939,6.1626754,7.541735
303968032,Gyroscope,0.046873067,0.035154797,-0.020240642
303968032,Accelerometer,-0.30166942,6.1866174,7.350199
303968032,Gyroscope,0.05113425,0.0692443,-0.05113425
303968064,Accelerometer,-0.6368576,6.339846,7.5848308
303968064,Gyroscope,0.036220096,0.10866029,-0.0692443
303968096,Accelerometer,-1.0103531,7.120356,7.8769236
303968096,Gyroscope,0.025567126,0.040481284,-0.045807768
303968096,Accelerometer,-0.61770403,6.172252,6.4739213
303968096,Gyroscope,0.16725162,0.18323107,0.0692443
303968128,Accelerometer,-0.35434186,6.7085533,8.173804
303968128,Gyroscope,-0.19388404,-0.05219955,0.025567126
303968128,Accelerometer,0.3878607,7.005434,8.791509
303968128,Gyroscope,-0.23330003,-0.26952013,-0.02130594
303968160,Accelerometer,-0.19632454,6.4499793,8.619126
303968160,Gyroscope,-0.01065297,0.033024207,0.022371236
303968192,Accelerometer,-0.29209262,6.167464,8.1163435
303968192,Gyroscope,0.1395539,0.2077329,0.035154797
303968192,Accelerometer,-0.46926352,6.2392898,7.5800424
303968192,Gyroscope,0.088419646,0.03089361,-0.005326485
303968224,Accelerometer,-0.61770403,6.3350577,7.417237
303968224,Gyroscope,-0.018110048,-0.1033338,-0.019175345
303968224,Accelerometer,-0.6464345,6.339846,7.489063
303968224,Gyroscope,-0.03089361,-0.07457078,-0.0031958907
303968256,Accelerometer,-0.47884035,6.215348,7.465121
303968256,Gyroscope,0.0074570784,0.0,0.02769772
303968288,Accelerometer,-0.40701428,6.105214,7.536947
303968288,Gyroscope,0.017044751,0.04261188,0.022371236
303968288,Accelerometer,-0.45489833,6.2488666,7.6231384
303968288,Gyroscope,0.0031958907,-0.014914157,-0.01384886
303968320,Accelerometer,-0.45010993,6.315904,7.431602
303968320,Gyroscope,0.0031958907,-0.03089361,-0.026632423
303968320,Accelerometer,-0.47405192,6.3350577,7.627927
303968320,Gyroscope,0.009587673,0.028763017,-0.015979454
303968352,Accelerometer,-0.4261679,6.301539,7.627927
303968352,Gyroscope,0.015979454,0.039415985,-0.0063917814
303968384,Accelerometer,-0.37828386,6.2728086,7.680599
303968384,Gyroscope,0.02450183,0.011718267,-0.012783563
303968384,Accelerometer,-0.40222588,6.26802,7.3645644
303968384,Gyroscope,0.020240642,-0.018110048,-0.03089361
303968416,Accelerometer,-0.49799395,6.3063273,7.5848308
303968416,Gyroscope,-0.0085223755,-0.012783563,-0.044742472
303968416,Accelerometer,-0.60333884,6.191406,7.690176
303968416,Gyroscope,0.014914157,0.01065297,-0.03835069
303968448,Accelerometer,-0.62249243,6.2584434,7.4986396
303968448,Gyroscope,0.034089502,0.015979454,-0.031958908
303968480,Accelerometer,-0.6991069,6.373365,7.422025
303968480,Gyroscope,0.017044751,-0.022371236,-0.036220096
303968480,Accelerometer,-0.59376204,6.435614,7.469909
303968480,Gyroscope,0.0010652969,-0.0010652969,-0.034089502
303968512,Accelerometer,-0.6847417,6.4547677,7.7093296
303968512,Gyroscope,0.020240642,0.04793836,-0.02450183
303968512,Accelerometer,-0.7278373,6.373365,7.651869
303968512,Gyroscope,0.031958908,0.022371236,-0.012783563
303968544,Accelerometer,-0.58418524,6.435614,7.4507556
303968544,Gyroscope,0.018110048,-0.018110048,-0.0042611877
303968608,Accelerometer,-0.5267244,6.301539,7.6710224
303968608,Gyroscope,0.009587673,0.009587673,-0.0063917814
303968608,Accelerometer,-0.59855044,6.3446345,7.785944
303968608,Gyroscope,0.054330144,0.063917816,-0.011718267
303968640,Accelerometer,-0.47884035,6.4068837,7.4268136
303968640,Gyroscope,0.08628905,0.054330144,-0.0021305939
303968640,Accelerometer,-0.8283938,6.9479733,6.4164605
303968640,Gyroscope,0.04154658,0.0042611877,-0.0085223755
303968672,Accelerometer,-0.34955344,6.0046577,7.6710224
303968672,Gyroscope,-0.13103153,-0.13316211,0.03728539
303968704,Accelerometer,-0.6655881,6.2823853,8.236053
303968704,Gyroscope,-0.07883197,0.07457078,0.012783563
303968704,Accelerometer,-0.9911995,5.401319,8.920795
303968704,Gyroscope,0.08309316,0.07670138,0.031958908
303968736,Accelerometer,-0.93852705,6.5744777,7.326257
303968736,Gyroscope,0.022371236,0.018110048,-0.04793836
303968736,Accelerometer,-0.90979666,6.631939,7.666234
303968736,Gyroscope,-0.028763017,-0.012783563,0.011718267
303968768,Accelerometer,-0.46926352,6.4308257,7.5465236
303968768,Gyroscope,-0.022371236,-0.029828314,0.05539544
303968800,Accelerometer,-0.4405331,6.2871737,7.5848308
303968800,Gyroscope,-0.0085223755,-0.036220096,0.04261188
303968800,Accelerometer,-0.3878607,6.26802,7.560889
303968800,Gyroscope,-0.005326485,-0.0042611877,0.035154797
303968832,Accelerometer,-0.47405192,6.2105594,7.599196
303968832,Gyroscope,0.022371236,0.020240642,0.017044751
303968832,Accelerometer,-0.5554548,6.291962,7.4986396
303968832,Gyroscope,0.0042611877,-0.0021305939,0.01384886
303968864,Accelerometer,-0.47884035,6.172252,7.560889
303968864,Gyroscope,-0.014914157,-0.015979454,0.028763017
303968896,Accelerometer,-0.25857377,6.081272,7.699753
303968896,Gyroscope,-0.022371236,-0.023436533,0.014914157
303968896,Accelerometer,-0.33997664,6.191406,7.73806
303968896,Gyroscope,0.015979454,0.014914157,-0.019175345
303968928,Accelerometer,-0.46926352,6.253655,7.541735
303968928,Gyroscope,0.045807768,0.029828314,-0.04261188
303968928,Accelerometer,-0.5554548,6.3829417,7.5321584
303968928,Gyroscope,0.044742472,0.015979454,-0.040481284
303968960,Accelerometer,-0.5746084,6.4068837,7.374141
303968960,Gyroscope,0.031958908,-0.0031958907,-0.029828314
303968992,Accelerometer,-0.6512229,6.339846,7.4268136
303968992,Gyroscope,0.0063917814,-0.011718267,-0.02450183
303968992,Accelerometer,-1.7764976,5.923255,5.2863975
303968992,Gyroscope,-0.025567126,-0.23756121,0.015979454
303969024,Accelerometer,0.21547815,6.215348,9.816227
303969024,Gyroscope,-0.33130735,0.27165073,0.14061919
303969024,Accelerometer,-0.5267244,5.3678,7.398083
303969024,Gyroscope,0.1033338,-0.06178722,-0.034089502
303969056,Accelerometer,-1.2976574,6.14831,6.531382
303969056,Gyroscope,0.057526033,0.08735435,-0.08522376
303969088,Accelerometer,-0.9959879,6.4643445,7.747637
303969088,Gyroscope,0.054330144,0.08096257,-0.022371236
303969088,Accelerometer,-0.89064306,6.612785,7.513005
303969088,Gyroscope,0.03089361,-0.019175345,0.03835069
303969120,Accelerometer,-0.3878607,6.1866174,7.4124484
303969120,Gyroscope,-0.028763017,-0.040481284,0.08415846
303969120,Accelerometer,-0.23463176,6.114791,7.479486
303969120,Gyroscope,-0.039415985,-0.09907261,0.02769772
303969152,Accelerometer,-0.35913026,6.1530986,7.455544
303969152,Gyroscope,0.017044751,0.012783563,-0.011718267
303969184,Accelerometer,-0.50757074,6.191406,7.40766
303969184,Gyroscope,0.04793836,0.0692443,-0.02130594
303969184,Accelerometer,-0.62728083,6.291962,7.335834
303969184,Gyroscope,0.0042611877,0.020240642,-0.011718267
303969216,Accelerometer,-0.5746084,6.1530986,7.7189064
303969216,Gyroscope,-0.034089502,0.0042611877,0.01065297
303969216,Accelerometer,-0.46926352,6.05733,7.843405
303969216,Gyroscope,-0.012783563,0.019175345,0.0042611877
303969248,Accelerometer,-0.45489833,6.253655,7.7332716
303969248,Gyroscope,0.005326485,0.0031958907,-0.023436533
303969312,Accelerometer,-0.5554548,6.4547677,7.5704656
303969312,Gyroscope,0.02130594,0.005326485,-0.04154658
303969312,Accelerometer,-0.6560113,6.5265937,7.445967
303969312,Gyroscope,0.035154797,0.034089502,-0.033024207
303969344,Accelerometer,-0.8810662,6.5026517,7.4986396
303969344,Gyroscope,0.029828314,0.06178722,-0.0063917814
303969344,Accelerometer,-0.6655881,6.3925185,7.5848308
303969344,Gyroscope,0.0010652969,-0.0031958907,0.028763017
303969376,Accelerometer,-0.5650316,6.3302693,7.517793
303969376,Gyroscope,-0.015979454,-0.022371236,0.019175345
303969408,Accelerometer,-0.63206923,6.315904,7.7093296
303969408,Gyroscope,-0.0031958907,-0.009587673,0.0042611877
303969408,Accelerometer,-0.5410896,6.2584434,7.441179
303969408,Gyroscope,0.035154797,0.01384886,0.0031958907
303969440,Accelerometer,-0.61770403,6.339846,7.40766
303969440,Gyroscope,0.026632423,0.033024207,-0.0042611877
303969440,Accelerometer,-0.7374141,6.38773,7.3885064
303969440,Gyroscope,0.018110048,0.043677174,0.01065297
303969472,Accelerometer,-0.5650316,6.2967505,7.4268136
303969472,Gyroscope,-0.005326485,0.025567126,0.03089361
303969504,Accelerometer,-0.49320555,6.349423,7.675811
303969504,Gyroscope,-0.03089361,-0.0074570784,0.031958908
303969504,Accelerometer,-0.40701428,6.253655,7.6375036
303969504,Gyroscope,-0.02450183,-0.011718267,0.02450183
303969536,Accelerometer,-0.50757074,6.2249246,7.7572136
303969536,Gyroscope,-0.011718267,0.01065297,0.0074570784
303969568,Accelerometer,-0.5602432,6.301539,7.6231384
303969568,Gyroscope,0.005326485,0.011718267,0.0021305939
303969568,Accelerometer,-0.6464345,6.3063273,7.819463
303969568,Gyroscope,-0.012783563,-0.017044751,0.0063917814
303969600,Accelerometer,-0.45968673,6.2249246,7.690176
303969600,Gyroscope,0.0042611877,-0.043677174,0.01384886
303969600,Accelerometer,-0.4165911,6.301539,7.465121
303969600,Gyroscope,0.02130594,-0.020240642,-0.0042611877
303969632,Accelerometer,-0.59855044,6.373365,7.513005
303969632,Gyroscope,0.02130594,0.018110048,-0.01065297
303969664,Accelerometer,-0.7086837,6.4547677,7.517793
303969664,Gyroscope,0.0042611877,-0.0010652969,-0.0021305939
303969664,Accelerometer,-0.7038953,6.38773,7.6135616
303969664,Gyroscope,-0.02450183,-0.04154658,0.011718267
303969696,Accelerometer,-0.545878,6.253655,7.704541
303969696,Gyroscope,-0.015979454,-0.034089502,0.029828314
303969696,Accelerometer,-0.39264908,6.2249246,7.52737
303969696,Gyroscope,0.028763017,0.018110048,0.033024207
303969728,Accelerometer,-0.51235914,6.3302693,7.417237
303969728,Gyroscope,0.04900366,0.04900366,0.0063917814
303969760,Accelerometer,-0.7134721,6.4643445,7.493851
303969760,Gyroscope,0.0074570784,0.0021305939,-0.0010652969
303969760,Accelerometer,-0.641646,6.397307,7.599196
303969760,Gyroscope,-0.036220096,-0.050068956,0.02450183
303969792,Accelerometer,-0.40222588,6.2345014,7.699753
303969792,Gyroscope,-0.023436533,-0.043677174,0.045807768
303969792,Accelerometer,-0.29688102,6.1770406,7.6470804
303969792,Gyroscope,0.018110048,0.0042611877,0.028763017
303969824,Accelerometer,-0.36870706,6.2249246,7.575254
303969824,Gyroscope,0.029828314,0.018110048,0.0
303969856,Accelerometer,-0.5267244,6.3446345,7.5944076
303969856,Gyroscope,0.020240642,0.0042611877,-0.015979454
303969856,Accelerometer,-0.7038953,6.3685765,7.776367
303969856,Gyroscope,0.0085223755,-0.018110048,0.0010652969
303969888,Accelerometer,-0.272939,6.2632318,7.3885064
303969888,Gyroscope,0.014914157,-0.060721926,0.034089502
303969888,Accelerometer,-1.2497733,6.517017,5.626374
303969888,Gyroscope,0.1395539,-0.068179004,-0.015979454
303969920,Accelerometer,-0.31124622,6.1770406,7.943961
303969920,Gyroscope,-0.063917816,0.33343795,0.060721926
303969952,Accelerometer,-0.37828386,6.6079965,7.608773
303969952,Gyroscope,-0.09694202,-0.10120321,-0.03089361
303969952,Accelerometer,0.29209262,7.6470804,9.165004
303969952,Gyroscope,-0.09055024,-0.07989727,-0.02769772
303970016,Accelerometer,-0.5793968,6.172252,7.2927384
303970016,Gyroscope,0.06285252,0.009587673,0.036220096
303970016,Accelerometer,-0.29688102,6.3781533,7.2544312
303970016,Gyroscope,0.050068956,0.04154658,0.01384886
303970048,Accelerometer,-0.5554548,6.2871737,7.920019
303970048,Gyroscope,-0.017044751,0.018110048,-0.025567126
303970080,Accelerometer,-0.5410896,6.325481,7.369353
303970080,Gyroscope,0.018110048,-0.09587672,-0.028763017
303970080,Accelerometer,-0.47405192,6.3446345,7.2831616
303970080,Gyroscope,0.03728539,0.02130594,-0.0031958907
303970112,Accelerometer,-0.35913026,6.2488666,7.369353
303970112,Gyroscope,0.03728539,0.04793836,0.0063917814
303970112,Accelerometer,-0.45489833,6.3111157,7.4507556
303970112,Gyroscope,-0.015979454,-0.018110048,-0.023436533
303970144,Accelerometer,-0.5363012,6.301539,7.589619
303970144,Gyroscope,-0.04154658,-0.039415985,-0.03089361
303970176,Accelerometer,-0.5267244,6.2105594,7.8290396
303970176,Gyroscope,-0.0063917814,0.009587673,-0.02450183
303970176,Accelerometer,-0.545878,6.2584434,7.5800424
303970176,Gyroscope,0.050068956,0.043677174,-0.02769772
303970208,Accelerometer,-0.5746084,6.2632318,7.575254
303970208,Gyroscope,0.034089502,0.022371236,-0.034089502
303970208,Accelerometer,-0.5650316,6.3111157,7.5321584
303970208,Gyroscope,0.019175345,0.0010652969,-0.028763017
303970240,Accelerometer,-0.5650316,6.373365,7.666234
303970240,Gyroscope,0.015979454,0.0042611877,-0.029828314
303970272,Accelerometer,-0.63206923,6.483498,7.61835
303970272,Gyroscope,0.04261188,0.029828314,-0.02450183
303970272,Accelerometer,-0.60333884,6.5457473,7.422025
303970272,Gyroscope,0.034089502,-0.0021305939,-0.019175345
303970304,Accelerometer,-1.9297266,8.298303,5.66947
303970304,Gyroscope,0.035154797,0.005326485,-0.022371236
303970304,Accelerometer,0.01436521,5.7029886,8.283937
303970304,Gyroscope,-0.113986775,0.243953,0.19494934
303970336,Accelerometer,-0.6560113,5.9280434,8.1881695
303970336,Gyroscope,-0.15020686,-0.1736434,0.014914157
303970368,Accelerometer,-0.1388637,7.28795,6.991069
303970368,Gyroscope,-0.11824796,-0.04261188,0.031958908
303970368,Accelerometer,-0.272939,6.5936313,8.293514
303970368,Gyroscope,-0.020240642,0.03835069,0.067113705
303970400,Accelerometer,-0.45489833,6.4068837,8.159439
303970400,Gyroscope,0.054330144,0.1022685,0.08415846
303970400,Accelerometer,-0.24899697,6.105214,7.603985
303970400,Gyroscope,0.02450183,-0.019175345,0.08096257
303970432,Accelerometer,-0.25857377,6.14831,7.608773
303970432,Gyroscope,-0.044742472,-0.12677033,0.04261188
303970464,Accelerometer,-0.1436521,6.066907,7.4986396
303970464,Gyroscope,0.011718267,-0.0010652969,0.02450183
303970464,Accelerometer,-0.23463176,6.244078,7.2065473
303970464,Gyroscope,0.09055024,0.09694202,0.0042611877
303970496,Accelerometer,-0.521936,6.435614,7.359776
303970496,Gyroscope,0.04261188,0.089484945,-0.015979454
303970496,Accelerometer,-0.62249243,6.5026517,7.61835
303970496,Gyroscope,-0.044742472,-0.0074570784,0.014914157
303970528,Accelerometer,-0.4261679,6.291962,7.8386164
303970528,Gyroscope,-0.07350549,-0.045807768,0.053264845
303970560,Accelerometer,-0.18674773,5.985504,8.0684595
303970560,Gyroscope,-0.07137489,-0.07350549,0.06178722
303970560,Accelerometer,-0.1436521,5.755661,8.178593
303970560,Gyroscope,-0.011718267,-0.06285252,0.012783563
303970592,Accelerometer,-0.11971009,5.884948,7.6853876
303970592,Gyroscope,0.070309594,-0.03089361,-0.046873067
303970592,Accelerometer,-0.29209262,6.631939,7.2592196
303970592,Gyroscope,0.094811425,0.009587673,-0.07989727
303970624,Accelerometer,-0.2777274,5.841852,5.971139
303970624,Gyroscope,0.24075711,0.22584295,-0.033024207
303970688,Accelerometer,-0.5267244,6.50744,8.058883
303970688,Gyroscope,-0.14168449,0.034089502,-0.067113705
303970688,Accelerometer,0.16759412,7.0724716,9.222465
303970688,Gyroscope,-0.16192514,-0.22051647,-0.08096257
303970720,Accelerometer,-0.25378537,6.531382,8.772355
303970720,Gyroscope,0.0085223755,-0.011718267,-0.02769772
303970720,Accelerometer,-0.2777274,6.253655,8.00621
303970720,Gyroscope,0.1054644,0.14168449,-0.022371236
303970752,Accelerometer,-0.7326257,6.2967505,7.690176
303970752,Gyroscope,0.07563608,0.005326485,-0.057526033
303970784,Accelerometer,-0.6607997,6.315904,7.536947
303970784,Gyroscope,0.020240642,-0.088419646,-0.04261188
303970784,Accelerometer,-0.37828386,6.2345014,7.1490865
303970784,Gyroscope,0.023436533,-0.094811425,-0.029828314
303970816,Accelerometer,-0.3878607,6.277597,7.1490865
303970816,Gyroscope,0.036220096,0.012783563,-0.040481284
303970816,Accelerometer,-0.56982,6.339846,7.374141
303970816,Gyroscope,0.058591332,0.12357444,-0.04793836
303970848,Accelerometer,-0.6895301,6.4020953,7.393295
303970848,Gyroscope,0.054330144,0.091615535,-0.04154658
303970880,Accelerometer,-0.5602432,6.445191,7.321469
303970880,Gyroscope,-0.023436533,-0.011718267,-0.025567126
303970880,Accelerometer,-0.5506664,6.339846,7.513005
303970880,Gyroscope,-0.06604841,-0.029828314,-0.022371236
303970912,Accelerometer,-0.6464345,6.2632318,7.9343843
303970912,Gyroscope,-0.026632423,0.04793836,-0.025567126
303970912,Accelerometer,-0.79966336,6.339846,7.9008656
303970912,Gyroscope,0.034089502,0.07457078,-0.02769772
303970944,Accelerometer,-0.7134721,6.373365,7.8529816
303970944,Gyroscope,0.035154797,0.012783563,-0.022371236
303970976,Accelerometer,-0.5554548,6.3589997,7.575254
303970976,Gyroscope,0.03835069,-0.014914157,-0.026632423
303970976,Accelerometer,-0.62728083,6.3781533,7.7093296
303970976,Gyroscope,0.059656627,0.05539544,-0.034089502
303971008,Accelerometer,-0.7278373,6.445191,7.5944076
303971008,Gyroscope,0.08522376,0.05646074,-0.02769772
303971008,Accelerometer,-1.3359646,8.058883,4.999093
303971008,Gyroscope,0.0692443,-0.026632423,-0.014914157
303971040,Accelerometer,-0.22984336,5.8801594,7.680599
303971040,Gyroscope,-0.19281875,-0.16405573,0.12890093
303971072,Accelerometer,-0.30166942,6.0764837,8.8777
303971072,Gyroscope,-0.116117366,0.11824796,0.07989727
303971072,Accelerometer,-0.25378537,6.009446,5.631162
303971072,Gyroscope,0.091615535,0.08735435,0.05539544
303971104,Accelerometer,-0.32561144,6.6175733,7.7811556
303971104,Gyroscope,0.005326485,-0.03089361,-0.057526033
303971104,Accelerometer,-0.60333884,6.5984197,8.0924015
303971104,Gyroscope,-0.0063917814,-0.012783563,-0.023436533
303971136,Accelerometer,-0.20590134,6.325481,7.335834
303971136,Gyroscope,0.067113705,-0.035154797,0.031958908
303971168,Accelerometer,-0.17238252,6.205771,7.4124484
303971168,Gyroscope,0.005326485,-0.046873067,0.02130594
303971168,Accelerometer,-1.4796166,7.1586633,5.1666875
303971168,Gyroscope,-0.0021305939,-0.15233746,-0.017044751
303971200,Accelerometer,0.40222588,5.33907,8.882488
303971200,Gyroscope,-0.24501829,0.06285252,0.119313255
303971200,Accelerometer,-0.33997664,6.2728086,7.85777
303971200,Gyroscope,-0.0085223755,-0.019175345,-0.08309316
303971232,Accelerometer,0.641646,7.1634517,9.303867
303971232,Gyroscope,0.09055024,0.120378554,-0.050068956
303971264,Accelerometer,-1.0582372,6.4404025,7.3885064
303971264,Gyroscope,-0.01065297,0.02769772,-0.11292148
303971264,Accelerometer,-1.3120226,6.670246,7.967903
303971264,Gyroscope,-0.04154658,0.050068956,-0.06178722
303971296,Accelerometer,-0.7278373,6.3589997,7.9343843
303971296,Gyroscope,0.0042611877,-0.0074570784,0.015979454
303971296,Accelerometer,-0.44532153,6.3829417,7.4028716
303971296,Gyroscope,0.0042611877,-0.10972559,-0.0085223755
303971328,Accelerometer,-0.58418524,6.4882865,7.335834
303971328,Gyroscope,-0.0010652969,-0.028763017,-0.034089502
303971392,Accelerometer,-0.6991069,6.612785,7.422025
303971392,Gyroscope,0.031958908,0.043677174,-0.015979454
303971392,Accelerometer,-0.7565677,6.483498,7.4986396
303971392,Gyroscope,0.022371236,0.050068956,0.01384886
303971424,Accelerometer,-0.6991069,6.411672,7.6949644
303971424,Gyroscope,-0.034089502,-0.029828314,0.02450183
303971424,Accelerometer,-0.5554548,6.3829417,7.771579
303971424,Gyroscope,-0.035154797,-0.046873067,0.02769772
303971456,Accelerometer,-0.4165911,6.2967505,7.551312
303971456,Gyroscope,0.0,-0.026632423,0.02769772
303971488,Accelerometer,-0.4405331,6.291962,7.5465236
303971488,Gyroscope,0.017044751,0.009587673,0.011718267
303971488,Accelerometer,-0.46926352,6.215348,7.651869
303971488,Gyroscope,0.02769772,0.023436533,0.01065297
303971520,Accelerometer,-0.40701428,6.277597,7.445967
303971520,Gyroscope,0.028763017,-0.005326485,0.0042611877
303971520,Accelerometer,-0.4309563,6.2249246,7.4124484
303971552,Gyroscope,0.026632423,0.034089502,-0.0031958907
303971552,Accelerometer,-0.641646,6.2392898,7.603985
303971552,Gyroscope,0.023436533,0.05646074,-0.015979454
303971584,Accelerometer,-0.641646,6.196194,7.503428
303971584,Gyroscope,0.018110048,0.018110048,-0.0085223755
303971584,Accelerometer,-0.641646,6.244078,7.513005
303971584,Gyroscope,0.01065297,0.005326485,-0.012783563
303971616,Accelerometer,-0.56982,6.2728086,7.359776
303971616,Gyroscope,0.022371236,0.022371236,-0.022371236
303971648,Accelerometer,-0.63206923,6.435614,7.4746976
303971648,Gyroscope,0.005326485,0.057526033,-0.025567126
303971648,Accelerometer,-0.6991069,6.493075,7.575254
303971648,Gyroscope,0.0063917814,0.05113425,-0.0063917814
303971680,Accelerometer,-0.5410896,6.4547677,7.651869
303971680,Gyroscope,-0.01384886,0.020240642,0.019175345
303971680,Accelerometer,-0.521936,6.3829417,7.771579
303971680,Gyroscope,-0.026632423,-0.009587673,0.015979454
303971712,Accelerometer,-0.6655881,6.3063273,7.9631147
303971712,Gyroscope,-0.015979454,0.0074570784,0.005326485
303971744,Accelerometer,-0.7038953,6.229713,8.00621
303971744,Gyroscope,0.029828314,0.015979454,0.0042611877
303971744,Accelerometer,-0.5793968,6.215348,7.747637
303971744,Gyroscope,0.060721926,-0.015979454,0.0031958907
303971776,Accelerometer,-0.6895301,6.2632318,7.369353
303971776,Gyroscope,0.068179004,-0.015979454,-0.017044751
303971776,Accelerometer,-0.62249243,6.4020953,7.240066
303971776,Gyroscope,0.046873067,-0.0042611877,-0.009587673
303971808,Accelerometer,-0.60333884,6.4404025,7.441179
303971808,Gyroscope,0.012783563,-0.0063917814,0.0031958907
303971840,Accelerometer,-0.51714754,6.445191,7.4842744
303971840,Gyroscope,0.022371236,-0.0042611877,0.014914157
303971840,Accelerometer,-0.48841715,6.459556,7.5082164
303971840,Gyroscope,0.019175345,-0.017044751,0.01065297
303971872,Accelerometer,-0.48841715,6.4499793,7.690176
303971872,Gyroscope,0.020240642,0.005326485,0.0042611877
303971872,Accelerometer,-0.49799395,6.397307,7.728483
303971872,Gyroscope,0.029828314,0.0,0.0074570784
303971904,Accelerometer,-0.37828386,6.301539,7.5944076
303971904,Gyroscope,0.046873067,-0.020240642,0.0063917814
303971904,Accelerometer,-0.33039984,6.2345014,7.551312
303971904,Gyroscope,0.045807768,-0.028763017,-0.01065297
303971936,Accelerometer,-0.4357447,6.2392898,7.6135616
303971936,Gyroscope,0.058591332,-0.025567126,-0.031958908
303971968,Accelerometer,-0.5746084,6.3302693,7.704541
303971968,Gyroscope,0.091615535,0.011718267,-0.04261188
303971968,Accelerometer,-0.47405192,6.339846,7.192182
303971968,Gyroscope,0.12783563,0.039415985,-0.034089502
303972000,Accelerometer,-0.47405192,6.277597,7.1347213
303972000,Gyroscope,0.067113705,0.015979454,-0.046873067
303972064,Accelerometer,1.3120226,3.7924154,10.821792
303972064,Gyroscope,-0.6945736,0.3100014,0.19814523
303972064,Accelerometer,0.6703765,6.0764837,10.007763
303972064,Gyroscope,-0.26419365,-0.4516859,0.04900366
303972096,Accelerometer,0.4213795,5.707777,8.1163435
303972096,Gyroscope,0.25141007,0.04793836,-0.035154797
